#
# There is insufficient memory for the Java Runtime Environment to continue.
# Native memory allocation (malloc) failed to allocate 371056 bytes for Chunk::new
# Possible reasons:
#   The system is out of physical RAM or swap space
#   The process is running with CompressedOops enabled, and the Java Heap may be blocking the growth of the native heap
# Possible solutions:
#   Reduce memory load on the system
#   Increase physical memory or swap space
#   Check if swap backing store is full
#   Decrease Java heap size (-Xmx/-Xms)
#   Decrease number of Java threads
#   Decrease Java thread stack sizes (-Xss)
#   Set larger code cache with -XX:ReservedCodeCacheSize=
#   JVM is running with Unscaled Compressed Oops mode in which the Java heap is
#     placed in the first 4GB address space. The Java Heap base address is the
#     maximum limit for the native heap growth. Please use -XX:HeapBaseMinAddress
#     to set the Java Heap base and to place the Java Heap above 4GB virtual address.
# This output file may be truncated or incomplete.
#
#  Out of Memory Error (./src/hotspot/share/memory/arena.cpp:197), pid=21100, tid=40008
#
# JRE version: OpenJDK Runtime Environment Corretto-11.0.12.7.1 (11.0.12+7) (build 11.0.12+7-LTS)
# Java VM: OpenJDK 64-Bit Server VM Corretto-11.0.12.7.1 (11.0.12+7-LTS, mixed mode, tiered, compressed oops, parallel gc, windows-amd64)
# No core dump will be written. Minidumps are not enabled by default on client versions of Windows
#

---------------  S U M M A R Y ------------

Command Line: --add-modules=ALL-SYSTEM --add-opens=java.base/java.util=ALL-UNNAMED --add-opens=java.base/java.lang=ALL-UNNAMED -Declipse.application=org.eclipse.jdt.ls.core.id1 -Dosgi.bundles.defaultStartLevel=4 -Declipse.product=org.eclipse.jdt.ls.core.product -Dfile.encoding=utf8 -DwatchParentProcess=false -XX:+UseParallelGC -XX:GCTimeRatio=4 -XX:AdaptiveSizePolicyWeight=90 -Dsun.zip.disableMemoryMapping=true -Xmx1G -Xms100m -Xverify:none c:\Users\kisho\.vscode\extensions\redhat.java-0.80.0\server\plugins\org.eclipse.equinox.launcher_1.6.200.v20210416-2027.jar -configuration c:\Users\kisho\AppData\Roaming\Code\User\globalStorage\redhat.java\0.80.0\config_win -data c:\Users\kisho\AppData\Roaming\Code\User\workspaceStorage\1ed5e1a7b40611359d03b18dca1d5c5a\redhat.java\jdt_ws

Host: Intel(R) Core(TM) i3-7020U CPU @ 2.30GHz, 4 cores, 11G,  Windows 10 , 64 bit Build 19041 (10.0.19041.1023)
Time: Tue Jul 27 07:04:07 2021 India Standard Time elapsed time: 27.517894 seconds (0d 0h 0m 27s)

---------------  T H R E A D  ---------------

Current thread (0x000001b4eafa5800):  JavaThread "C2 CompilerThread1" daemon [_thread_in_native, id=40008, stack(0x0000006d27d00000,0x0000006d27e00000)]


Current CompileTask:
C2:  27518 6671       4       java.text.MessageFormat::applyPattern (422 bytes)

Stack: [0x0000006d27d00000,0x0000006d27e00000]
Native frames: (J=compiled Java code, j=interpreted, Vv=VM code, C=native code)
V  [jvm.dll+0x601d7a]
V  [jvm.dll+0x78b45e]
V  [jvm.dll+0x78cb2f]
V  [jvm.dll+0x78d1f3]
V  [jvm.dll+0x24bc58]
V  [jvm.dll+0xc219c]
V  [jvm.dll+0xc275c]
V  [jvm.dll+0x3548d7]
V  [jvm.dll+0x321d93]
V  [jvm.dll+0x3210ca]
V  [jvm.dll+0x205535]
V  [jvm.dll+0x20471d]
V  [jvm.dll+0x18990c]
V  [jvm.dll+0x213b57]
V  [jvm.dll+0x211d1b]
V  [jvm.dll+0x74f509]
V  [jvm.dll+0x748574]
V  [jvm.dll+0x600c16]
C  [ucrtbase.dll+0x21bb2]
C  [KERNEL32.DLL+0x17034]
C  [ntdll.dll+0x52651]


---------------  P R O C E S S  ---------------

Threads class SMR info:
_java_thread_list=0x000001b4e77c6d70, length=28, elements={
0x000001b4ca9ed000, 0x000001b4e4aa1800, 0x000001b4e4aa2800, 0x000001b4e5c42800,
0x000001b4e4abe800, 0x000001b4e4ac0800, 0x000001b4e4ac1000, 0x000001b4e4ac5000,
0x000001b4e4b0e000, 0x000001b4e5d54800, 0x000001b4e64d8800, 0x000001b4e64a2800,
0x000001b4e6650000, 0x000001b4e6455800, 0x000001b4e7054000, 0x000001b4e676a000,
0x000001b4e604c800, 0x000001b4e6299000, 0x000001b4e6664000, 0x000001b4e665f000,
0x000001b4e665e000, 0x000001b4e6663000, 0x000001b4e6661800, 0x000001b4e6660000,
0x000001b4e6662800, 0x000001b4e6660800, 0x000001b4eafa6800, 0x000001b4eafa5800
}

Java Threads: ( => current thread )
  0x000001b4ca9ed000 JavaThread "main" [_thread_blocked, id=21056, stack(0x0000006d26200000,0x0000006d26300000)]
  0x000001b4e4aa1800 JavaThread "Reference Handler" daemon [_thread_blocked, id=8744, stack(0x0000006d26500000,0x0000006d26600000)]
  0x000001b4e4aa2800 JavaThread "Finalizer" daemon [_thread_blocked, id=6564, stack(0x0000006d26600000,0x0000006d26700000)]
  0x000001b4e5c42800 JavaThread "Signal Dispatcher" daemon [_thread_blocked, id=22352, stack(0x0000006d26700000,0x0000006d26800000)]
  0x000001b4e4abe800 JavaThread "Attach Listener" daemon [_thread_blocked, id=22612, stack(0x0000006d26800000,0x0000006d26900000)]
  0x000001b4e4ac0800 JavaThread "Service Thread" daemon [_thread_blocked, id=22348, stack(0x0000006d26900000,0x0000006d26a00000)]
  0x000001b4e4ac1000 JavaThread "C2 CompilerThread0" daemon [_thread_in_native, id=21896, stack(0x0000006d26a00000,0x0000006d26b00000)]
  0x000001b4e4ac5000 JavaThread "C1 CompilerThread0" daemon [_thread_blocked, id=23024, stack(0x0000006d26b00000,0x0000006d26c00000)]
  0x000001b4e4b0e000 JavaThread "Sweeper thread" daemon [_thread_blocked, id=17784, stack(0x0000006d26c00000,0x0000006d26d00000)]
  0x000001b4e5d54800 JavaThread "Common-Cleaner" daemon [_thread_blocked, id=23464, stack(0x0000006d26d00000,0x0000006d26e00000)]
  0x000001b4e64d8800 JavaThread "Active Thread: Equinox Container: 810770d1-6b14-4730-a308-66382fac8204" [_thread_blocked, id=15448, stack(0x0000006d27000000,0x0000006d27100000)]
  0x000001b4e64a2800 JavaThread "Framework Event Dispatcher: Equinox Container: 810770d1-6b14-4730-a308-66382fac8204" daemon [_thread_blocked, id=18416, stack(0x0000006d26f00000,0x0000006d27000000)]
  0x000001b4e6650000 JavaThread "Start Level: Equinox Container: 810770d1-6b14-4730-a308-66382fac8204" daemon [_thread_blocked, id=19052, stack(0x0000006d27100000,0x0000006d27200000)]
  0x000001b4e6455800 JavaThread "SCR Component Actor" daemon [_thread_blocked, id=41240, stack(0x0000006d27500000,0x0000006d27600000)]
  0x000001b4e7054000 JavaThread "Bundle File Closer" daemon [_thread_blocked, id=40884, stack(0x0000006d27700000,0x0000006d27800000)]
  0x000001b4e676a000 JavaThread "Worker-JM" [_thread_blocked, id=24528, stack(0x0000006d27800000,0x0000006d27900000)]
  0x000001b4e604c800 JavaThread "Worker-0: Register Watchers" [_thread_blocked, id=32872, stack(0x0000006d27900000,0x0000006d27a00000)]
  0x000001b4e6299000 JavaThread "Worker-1: Initialize workspace" [_thread_blocked, id=23872, stack(0x0000006d27a00000,0x0000006d27b00000)]
  0x000001b4e6664000 JavaThread "Java indexing" daemon [_thread_blocked, id=34268, stack(0x0000006d27b00000,0x0000006d27c00000)]
  0x000001b4e665f000 JavaThread "logback configurator timer" daemon [_thread_blocked, id=11572, stack(0x0000006d27c00000,0x0000006d27d00000)]
  0x000001b4e665e000 JavaThread "pool-2-thread-1" [_thread_in_native, id=36388, stack(0x0000006d27600000,0x0000006d27700000)]
  0x000001b4e6663000 JavaThread "Worker-2" [_thread_blocked, id=46800, stack(0x0000006d27e00000,0x0000006d27f00000)]
  0x000001b4e6661800 JavaThread "Worker-3: Building" [_thread_in_native, id=3300, stack(0x0000006d27f00000,0x0000006d28000000)]
  0x000001b4e6660000 JavaThread "Worker-4" [_thread_blocked, id=4532, stack(0x0000006d28000000,0x0000006d28100000)]
  0x000001b4e6662800 JavaThread "ForkJoinPool.commonPool-worker-3" daemon [_thread_in_Java, id=42812, stack(0x0000006d28100000,0x0000006d28200000)]
  0x000001b4e6660800 JavaThread "ForkJoinPool.commonPool-worker-5" daemon [_thread_blocked, id=24652, stack(0x0000006d28200000,0x0000006d28300000)]
  0x000001b4eafa6800 JavaThread "ForkJoinPool.commonPool-worker-7" daemon [_thread_blocked, id=24936, stack(0x0000006d28300000,0x0000006d28400000)]
=>0x000001b4eafa5800 JavaThread "C2 CompilerThread1" daemon [_thread_in_native, id=40008, stack(0x0000006d27d00000,0x0000006d27e00000)]

Other Threads:
  0x000001b4e49d7000 VMThread "VM Thread" [stack: 0x0000006d26400000,0x0000006d26500000] [id=12240]
  0x000001b4e5e7d000 WatcherThread [stack: 0x0000006d26e00000,0x0000006d26f00000] [id=23620]
  0x000001b4caa04800 GCTaskThread "ParGC Thread#0" [stack: 0x0000006d26300000,0x0000006d26400000] [id=22476]
  0x000001b4e663b800 GCTaskThread "ParGC Thread#1" [stack: 0x0000006d27200000,0x0000006d27300000] [id=18860]
  0x000001b4e663c800 GCTaskThread "ParGC Thread#2" [stack: 0x0000006d27300000,0x0000006d27400000] [id=18868]
  0x000001b4e663d000 GCTaskThread "ParGC Thread#3" [stack: 0x0000006d27400000,0x0000006d27500000] [id=19180]

Threads with active compile tasks:
C2 CompilerThread0  28117 6641 % !   4       org.eclipse.jdt.internal.compiler.classfmt.ClassFileReader::<init> @ 63 (2113 bytes)
C2 CompilerThread1  28117 6671       4       java.text.MessageFormat::applyPattern (422 bytes)

VM state:not at safepoint (normal execution)

VM Mutex/Monitor currently owned by a thread: None

Heap address: 0x00000000c0000000, size: 1024 MB, Compressed Oops mode: 32-bit
Narrow klass base: 0x0000000000000000, Narrow klass shift: 3
Compressed class space size: 1073741824 Address: 0x0000000100000000

Heap:
 PSYoungGen      total 18432K, used 13056K [0x00000000eab00000, 0x00000000ece80000, 0x0000000100000000)
  eden space 12800K, 58% used [0x00000000eab00000,0x00000000eb240618,0x00000000eb780000)
  from space 5632K, 99% used [0x00000000eb780000,0x00000000ebcffaa0,0x00000000ebd00000)
  to   space 11264K, 0% used [0x00000000ec380000,0x00000000ec380000,0x00000000ece80000)
 ParOldGen       total 111104K, used 96315K [0x00000000c0000000, 0x00000000c6c80000, 0x00000000eab00000)
  object space 111104K, 86% used [0x00000000c0000000,0x00000000c5e0edc0,0x00000000c6c80000)
 Metaspace       used 57570K, capacity 60616K, committed 60836K, reserved 1103872K
  class space    used 5739K, capacity 6849K, committed 6912K, reserved 1048576K

Card table byte_map: [0x000001b4ca3b0000,0x000001b4ca5c0000] _byte_map_base: 0x000001b4c9db0000

Marking Bits: (ParMarkBitMap*) 0x00007ffd54eecdf0
 Begin Bits: [0x000001b4e2110000, 0x000001b4e3110000)
 End Bits:   [0x000001b4e3110000, 0x000001b4e4110000)

Polling page: 0x000001b4c89b0000

Metaspace:

Usage:
  Non-class:     52.51 MB capacity,    50.62 MB ( 96%) used,     1.77 MB (  3%) free+waste,   119.69 KB ( <1%) overhead. 
      Class:      6.69 MB capacity,     5.60 MB ( 84%) used,     1.03 MB ( 15%) free+waste,    55.44 KB ( <1%) overhead. 
       Both:     59.20 MB capacity,    56.22 MB ( 95%) used,     2.80 MB (  5%) free+waste,   175.13 KB ( <1%) overhead. 

Virtual space:
  Non-class space:       54.00 MB reserved,      52.66 MB ( 98%) committed 
      Class space:        1.00 GB reserved,       6.75 MB ( <1%) committed 
             Both:        1.05 GB reserved,      59.41 MB (  6%) committed 

Chunk freelists:
   Non-Class:  29.00 KB
       Class:  0 bytes
        Both:  29.00 KB

MaxMetaspaceSize: 17179869184.00 GB
CompressedClassSpaceSize: 1.00 GB
Initial GC threshold: 20.80 MB
Current GC threshold: 84.43 MB
CDS: off

CodeHeap 'non-profiled nmethods': size=120064Kb used=3900Kb max_used=3900Kb free=116163Kb
 bounds [0x000001b4dabd0000, 0x000001b4dafa0000, 0x000001b4e2110000]
CodeHeap 'profiled nmethods': size=120000Kb used=16662Kb max_used=16662Kb free=103337Kb
 bounds [0x000001b4d36a0000, 0x000001b4d46f0000, 0x000001b4dabd0000]
CodeHeap 'non-nmethods': size=5696Kb used=1322Kb max_used=1409Kb free=4373Kb
 bounds [0x000001b4d3110000, 0x000001b4d3380000, 0x000001b4d36a0000]
 total_blobs=7589 nmethods=6970 adapters=533
 compilation: enabled
              stopped_count=0, restarted_count=0
 full_count=0

Compilation events (20 events):
Event: 27.410 Thread 0x000001b4e4ac5000 6739       1       org.eclipse.jdt.internal.compiler.classfmt.ClassFileReader::getMethods (5 bytes)
Event: 27.410 Thread 0x000001b4e4ac5000 nmethod 6739 0x000001b4daf8c090 code [0x000001b4daf8c240, 0x000001b4daf8c2f8]
Event: 27.410 Thread 0x000001b4e4ac5000 6742       3       org.eclipse.jdt.internal.compiler.codegen.CodeStream::isSwitchStackTrackingActive (21 bytes)
Event: 27.410 Thread 0x000001b4e4ac5000 nmethod 6742 0x000001b4d4650f10 code [0x000001b4d46510c0, 0x000001b4d4651258]
Event: 27.410 Thread 0x000001b4e4ac5000 6743       1       org.apache.maven.model.PluginExecution::setPhase (6 bytes)
Event: 27.410 Thread 0x000001b4e4ac5000 nmethod 6743 0x000001b4daf8c390 code [0x000001b4daf8c540, 0x000001b4daf8c618]
Event: 27.411 Thread 0x000001b4e4ac5000 6744       1       org.apache.maven.model.ModelBase::setReporting (6 bytes)
Event: 27.411 Thread 0x000001b4e4ac5000 nmethod 6744 0x000001b4daf8c690 code [0x000001b4daf8c840, 0x000001b4daf8c918]
Event: 27.411 Thread 0x000001b4e4ac5000 6745       1       org.apache.maven.model.Plugin::setExecutions (6 bytes)
Event: 27.411 Thread 0x000001b4e4ac5000 nmethod 6745 0x000001b4daf8c990 code [0x000001b4daf8cb40, 0x000001b4daf8cc18]
Event: 27.413 Thread 0x000001b4e4ac5000 6746       1       org.codehaus.plexus.util.xml.pull.MXParser::getInputEncoding (5 bytes)
Event: 27.413 Thread 0x000001b4e4ac5000 nmethod 6746 0x000001b4daf8cc90 code [0x000001b4daf8ce40, 0x000001b4daf8cef8]
Event: 27.414 Thread 0x000001b4e4ac5000 6747       3       org.eclipse.sisu.wire.EntryListAdapter::iterator (12 bytes)
Event: 27.415 Thread 0x000001b4e4ac5000 nmethod 6747 0x000001b4d4651310 code [0x000001b4d46514e0, 0x000001b4d46517e8]
Event: 27.415 Thread 0x000001b4e4ac5000 6748       3       org.eclipse.sisu.wire.EntryListAdapter$ValueIterator::<init> (15 bytes)
Event: 27.415 Thread 0x000001b4e4ac5000 nmethod 6748 0x000001b4d4651910 code [0x000001b4d4651ae0, 0x000001b4d4651d28]
Event: 27.415 Thread 0x000001b4e4ac5000 6750       3       org.apache.maven.model.profile.activation.OperatingSystemProfileActivator::presentInConfig (29 bytes)
Event: 27.415 Thread 0x000001b4e4ac5000 nmethod 6750 0x000001b4d4651e10 code [0x000001b4d4651fc0, 0x000001b4d46521b8]
Event: 27.415 Thread 0x000001b4e4ac5000 6751       3       org.apache.maven.model.profile.activation.PropertyProfileActivator::presentInConfig (29 bytes)
Event: 27.415 Thread 0x000001b4e4ac5000 nmethod 6751 0x000001b4d4652290 code [0x000001b4d4652440, 0x000001b4d4652638]

GC Heap History (20 events):
Event: 24.484 GC heap before
{Heap before GC invocations=33 (full 4):
 PSYoungGen      total 9728K, used 9445K [0x00000000eab00000, 0x00000000eb880000, 0x0000000100000000)
  eden space 8192K, 100% used [0x00000000eab00000,0x00000000eb300000,0x00000000eb300000)
  from space 1536K, 81% used [0x00000000eb700000,0x00000000eb8394e8,0x00000000eb880000)
  to   space 2048K, 0% used [0x00000000eb480000,0x00000000eb480000,0x00000000eb680000)
 ParOldGen       total 111104K, used 85950K [0x00000000c0000000, 0x00000000c6c80000, 0x00000000eab00000)
  object space 111104K, 77% used [0x00000000c0000000,0x00000000c53efb08,0x00000000c6c80000)
 Metaspace       used 53007K, capacity 55861K, committed 55972K, reserved 1099776K
  class space    used 5360K, capacity 6353K, committed 6400K, reserved 1048576K
}
Event: 24.493 GC heap after
{Heap after GC invocations=33 (full 4):
 PSYoungGen      total 10752K, used 1381K [0x00000000eab00000, 0x00000000eb780000, 0x0000000100000000)
  eden space 9216K, 0% used [0x00000000eab00000,0x00000000eab00000,0x00000000eb400000)
  from space 1536K, 89% used [0x00000000eb480000,0x00000000eb5d94e8,0x00000000eb600000)
  to   space 1536K, 0% used [0x00000000eb600000,0x00000000eb600000,0x00000000eb780000)
 ParOldGen       total 111104K, used 85950K [0x00000000c0000000, 0x00000000c6c80000, 0x00000000eab00000)
  object space 111104K, 77% used [0x00000000c0000000,0x00000000c53efb08,0x00000000c6c80000)
 Metaspace       used 53007K, capacity 55861K, committed 55972K, reserved 1099776K
  class space    used 5360K, capacity 6353K, committed 6400K, reserved 1048576K
}
Event: 24.569 GC heap before
{Heap before GC invocations=34 (full 4):
 PSYoungGen      total 10752K, used 10597K [0x00000000eab00000, 0x00000000eb780000, 0x0000000100000000)
  eden space 9216K, 100% used [0x00000000eab00000,0x00000000eb400000,0x00000000eb400000)
  from space 1536K, 89% used [0x00000000eb480000,0x00000000eb5d94e8,0x00000000eb600000)
  to   space 1536K, 0% used [0x00000000eb600000,0x00000000eb600000,0x00000000eb780000)
 ParOldGen       total 111104K, used 85950K [0x00000000c0000000, 0x00000000c6c80000, 0x00000000eab00000)
  object space 111104K, 77% used [0x00000000c0000000,0x00000000c53efb08,0x00000000c6c80000)
 Metaspace       used 53248K, capacity 56088K, committed 56228K, reserved 1099776K
  class space    used 5391K, capacity 6386K, committed 6400K, reserved 1048576K
}
Event: 24.576 GC heap after
{Heap after GC invocations=34 (full 4):
 PSYoungGen      total 11264K, used 1253K [0x00000000eab00000, 0x00000000eb800000, 0x0000000100000000)
  eden space 9728K, 0% used [0x00000000eab00000,0x00000000eab00000,0x00000000eb480000)
  from space 1536K, 81% used [0x00000000eb600000,0x00000000eb7394e8,0x00000000eb780000)
  to   space 1536K, 0% used [0x00000000eb480000,0x00000000eb480000,0x00000000eb600000)
 ParOldGen       total 111104K, used 85950K [0x00000000c0000000, 0x00000000c6c80000, 0x00000000eab00000)
  object space 111104K, 77% used [0x00000000c0000000,0x00000000c53efb08,0x00000000c6c80000)
 Metaspace       used 53248K, capacity 56088K, committed 56228K, reserved 1099776K
  class space    used 5391K, capacity 6386K, committed 6400K, reserved 1048576K
}
Event: 25.492 GC heap before
{Heap before GC invocations=35 (full 4):
 PSYoungGen      total 11264K, used 10981K [0x00000000eab00000, 0x00000000eb800000, 0x0000000100000000)
  eden space 9728K, 100% used [0x00000000eab00000,0x00000000eb480000,0x00000000eb480000)
  from space 1536K, 81% used [0x00000000eb600000,0x00000000eb7394e8,0x00000000eb780000)
  to   space 1536K, 0% used [0x00000000eb480000,0x00000000eb480000,0x00000000eb600000)
 ParOldGen       total 111104K, used 85950K [0x00000000c0000000, 0x00000000c6c80000, 0x00000000eab00000)
  object space 111104K, 77% used [0x00000000c0000000,0x00000000c53efb08,0x00000000c6c80000)
 Metaspace       used 54158K, capacity 57034K, committed 57124K, reserved 1099776K
  class space    used 5477K, capacity 6488K, committed 6528K, reserved 1048576K
}
Event: 25.534 GC heap after
{Heap after GC invocations=35 (full 4):
 PSYoungGen      total 11264K, used 1509K [0x00000000eab00000, 0x00000000ebb80000, 0x0000000100000000)
  eden space 9728K, 0% used [0x00000000eab00000,0x00000000eab00000,0x00000000eb480000)
  from space 1536K, 98% used [0x00000000eb480000,0x00000000eb5f94e8,0x00000000eb600000)
  to   space 3072K, 0% used [0x00000000eb880000,0x00000000eb880000,0x00000000ebb80000)
 ParOldGen       total 111104K, used 87090K [0x00000000c0000000, 0x00000000c6c80000, 0x00000000eab00000)
  object space 111104K, 78% used [0x00000000c0000000,0x00000000c550cb18,0x00000000c6c80000)
 Metaspace       used 54158K, capacity 57034K, committed 57124K, reserved 1099776K
  class space    used 5477K, capacity 6488K, committed 6528K, reserved 1048576K
}
Event: 25.859 GC heap before
{Heap before GC invocations=36 (full 4):
 PSYoungGen      total 11264K, used 11225K [0x00000000eab00000, 0x00000000ebb80000, 0x0000000100000000)
  eden space 9728K, 99% used [0x00000000eab00000,0x00000000eb47d220,0x00000000eb480000)
  from space 1536K, 98% used [0x00000000eb480000,0x00000000eb5f94e8,0x00000000eb600000)
  to   space 3072K, 0% used [0x00000000eb880000,0x00000000eb880000,0x00000000ebb80000)
 ParOldGen       total 111104K, used 87090K [0x00000000c0000000, 0x00000000c6c80000, 0x00000000eab00000)
  object space 111104K, 78% used [0x00000000c0000000,0x00000000c550cb18,0x00000000c6c80000)
 Metaspace       used 54235K, capacity 57105K, committed 57380K, reserved 1099776K
  class space    used 5478K, capacity 6490K, committed 6528K, reserved 1048576K
}
Event: 25.865 GC heap after
{Heap after GC invocations=36 (full 4):
 PSYoungGen      total 12800K, used 1893K [0x00000000eab00000, 0x00000000eba80000, 0x0000000100000000)
  eden space 10752K, 0% used [0x00000000eab00000,0x00000000eab00000,0x00000000eb580000)
  from space 2048K, 92% used [0x00000000eb880000,0x00000000eba594e8,0x00000000eba80000)
  to   space 2560K, 0% used [0x00000000eb580000,0x00000000eb580000,0x00000000eb800000)
 ParOldGen       total 111104K, used 87202K [0x00000000c0000000, 0x00000000c6c80000, 0x00000000eab00000)
  object space 111104K, 78% used [0x00000000c0000000,0x00000000c5528b18,0x00000000c6c80000)
 Metaspace       used 54235K, capacity 57105K, committed 57380K, reserved 1099776K
  class space    used 5478K, capacity 6490K, committed 6528K, reserved 1048576K
}
Event: 26.115 GC heap before
{Heap before GC invocations=37 (full 4):
 PSYoungGen      total 12800K, used 12632K [0x00000000eab00000, 0x00000000eba80000, 0x0000000100000000)
  eden space 10752K, 99% used [0x00000000eab00000,0x00000000eb57cce8,0x00000000eb580000)
  from space 2048K, 92% used [0x00000000eb880000,0x00000000eba594e8,0x00000000eba80000)
  to   space 2560K, 0% used [0x00000000eb580000,0x00000000eb580000,0x00000000eb800000)
 ParOldGen       total 111104K, used 87202K [0x00000000c0000000, 0x00000000c6c80000, 0x00000000eab00000)
  object space 111104K, 78% used [0x00000000c0000000,0x00000000c5528b18,0x00000000c6c80000)
 Metaspace       used 54273K, capacity 57169K, committed 57380K, reserved 1099776K
  class space    used 5478K, capacity 6490K, committed 6528K, reserved 1048576K
}
Event: 26.127 GC heap after
{Heap after GC invocations=37 (full 4):
 PSYoungGen      total 13312K, used 2533K [0x00000000eab00000, 0x00000000ebc80000, 0x0000000100000000)
  eden space 10752K, 0% used [0x00000000eab00000,0x00000000eab00000,0x00000000eb580000)
  from space 2560K, 98% used [0x00000000eb580000,0x00000000eb7f94e8,0x00000000eb800000)
  to   space 3072K, 0% used [0x00000000eb980000,0x00000000eb980000,0x00000000ebc80000)
 ParOldGen       total 111104K, used 87266K [0x00000000c0000000, 0x00000000c6c80000, 0x00000000eab00000)
  object space 111104K, 78% used [0x00000000c0000000,0x00000000c5538b18,0x00000000c6c80000)
 Metaspace       used 54273K, capacity 57169K, committed 57380K, reserved 1099776K
  class space    used 5478K, capacity 6490K, committed 6528K, reserved 1048576K
}
Event: 26.301 GC heap before
{Heap before GC invocations=38 (full 4):
 PSYoungGen      total 13312K, used 13285K [0x00000000eab00000, 0x00000000ebc80000, 0x0000000100000000)
  eden space 10752K, 99% used [0x00000000eab00000,0x00000000eb57fff8,0x00000000eb580000)
  from space 2560K, 98% used [0x00000000eb580000,0x00000000eb7f94e8,0x00000000eb800000)
  to   space 3072K, 0% used [0x00000000eb980000,0x00000000eb980000,0x00000000ebc80000)
 ParOldGen       total 111104K, used 87266K [0x00000000c0000000, 0x00000000c6c80000, 0x00000000eab00000)
  object space 111104K, 78% used [0x00000000c0000000,0x00000000c5538b18,0x00000000c6c80000)
 Metaspace       used 54311K, capacity 57184K, committed 57380K, reserved 1099776K
  class space    used 5483K, capacity 6495K, committed 6528K, reserved 1048576K
}
Event: 26.320 GC heap after
{Heap after GC invocations=38 (full 4):
 PSYoungGen      total 14336K, used 2265K [0x00000000eab00000, 0x00000000ebc00000, 0x0000000100000000)
  eden space 11776K, 0% used [0x00000000eab00000,0x00000000eab00000,0x00000000eb680000)
  from space 2560K, 88% used [0x00000000eb980000,0x00000000ebbb6410,0x00000000ebc00000)
  to   space 2560K, 0% used [0x00000000eb700000,0x00000000eb700000,0x00000000eb980000)
 ParOldGen       total 111104K, used 88318K [0x00000000c0000000, 0x00000000c6c80000, 0x00000000eab00000)
  object space 111104K, 79% used [0x00000000c0000000,0x00000000c563fa28,0x00000000c6c80000)
 Metaspace       used 54311K, capacity 57184K, committed 57380K, reserved 1099776K
  class space    used 5483K, capacity 6495K, committed 6528K, reserved 1048576K
}
Event: 26.378 GC heap before
{Heap before GC invocations=39 (full 4):
 PSYoungGen      total 14336K, used 14041K [0x00000000eab00000, 0x00000000ebc00000, 0x0000000100000000)
  eden space 11776K, 100% used [0x00000000eab00000,0x00000000eb680000,0x00000000eb680000)
  from space 2560K, 88% used [0x00000000eb980000,0x00000000ebbb6410,0x00000000ebc00000)
  to   space 2560K, 0% used [0x00000000eb700000,0x00000000eb700000,0x00000000eb980000)
 ParOldGen       total 111104K, used 88318K [0x00000000c0000000, 0x00000000c6c80000, 0x00000000eab00000)
  object space 111104K, 79% used [0x00000000c0000000,0x00000000c563fa28,0x00000000c6c80000)
 Metaspace       used 54318K, capacity 57184K, committed 57380K, reserved 1099776K
  class space    used 5483K, capacity 6495K, committed 6528K, reserved 1048576K
}
Event: 26.410 GC heap after
{Heap after GC invocations=39 (full 4):
 PSYoungGen      total 14848K, used 2542K [0x00000000eab00000, 0x00000000ebe00000, 0x0000000100000000)
  eden space 12288K, 0% used [0x00000000eab00000,0x00000000eab00000,0x00000000eb700000)
  from space 2560K, 99% used [0x00000000eb700000,0x00000000eb97bb00,0x00000000eb980000)
  to   space 3072K, 0% used [0x00000000ebb00000,0x00000000ebb00000,0x00000000ebe00000)
 ParOldGen       total 111104K, used 88726K [0x00000000c0000000, 0x00000000c6c80000, 0x00000000eab00000)
  object space 111104K, 79% used [0x00000000c0000000,0x00000000c56a5a48,0x00000000c6c80000)
 Metaspace       used 54318K, capacity 57184K, committed 57380K, reserved 1099776K
  class space    used 5483K, capacity 6495K, committed 6528K, reserved 1048576K
}
Event: 26.683 GC heap before
{Heap before GC invocations=40 (full 4):
 PSYoungGen      total 14848K, used 14828K [0x00000000eab00000, 0x00000000ebe00000, 0x0000000100000000)
  eden space 12288K, 99% used [0x00000000eab00000,0x00000000eb6ff5e8,0x00000000eb700000)
  from space 2560K, 99% used [0x00000000eb700000,0x00000000eb97bb00,0x00000000eb980000)
  to   space 3072K, 0% used [0x00000000ebb00000,0x00000000ebb00000,0x00000000ebe00000)
 ParOldGen       total 111104K, used 88726K [0x00000000c0000000, 0x00000000c6c80000, 0x00000000eab00000)
  object space 111104K, 79% used [0x00000000c0000000,0x00000000c56a5a48,0x00000000c6c80000)
 Metaspace       used 54891K, capacity 57746K, committed 58020K, reserved 1101824K
  class space    used 5525K, capacity 6533K, committed 6656K, reserved 1048576K
}
Event: 26.697 GC heap after
{Heap after GC invocations=40 (full 4):
 PSYoungGen      total 15360K, used 3049K [0x00000000eab00000, 0x00000000ec080000, 0x0000000100000000)
  eden space 12288K, 0% used [0x00000000eab00000,0x00000000eab00000,0x00000000eb700000)
  from space 3072K, 99% used [0x00000000ebb00000,0x00000000ebdfa400,0x00000000ebe00000)
  to   space 4096K, 0% used [0x00000000eb700000,0x00000000eb700000,0x00000000ebb00000)
 ParOldGen       total 111104K, used 89338K [0x00000000c0000000, 0x00000000c6c80000, 0x00000000eab00000)
  object space 111104K, 80% used [0x00000000c0000000,0x00000000c573eb68,0x00000000c6c80000)
 Metaspace       used 54891K, capacity 57746K, committed 58020K, reserved 1101824K
  class space    used 5525K, capacity 6533K, committed 6656K, reserved 1048576K
}
Event: 26.986 GC heap before
{Heap before GC invocations=41 (full 4):
 PSYoungGen      total 15360K, used 15337K [0x00000000eab00000, 0x00000000ec080000, 0x0000000100000000)
  eden space 12288K, 100% used [0x00000000eab00000,0x00000000eb700000,0x00000000eb700000)
  from space 3072K, 99% used [0x00000000ebb00000,0x00000000ebdfa400,0x00000000ebe00000)
  to   space 4096K, 0% used [0x00000000eb700000,0x00000000eb700000,0x00000000ebb00000)
 ParOldGen       total 111104K, used 89338K [0x00000000c0000000, 0x00000000c6c80000, 0x00000000eab00000)
  object space 111104K, 80% used [0x00000000c0000000,0x00000000c573eb68,0x00000000c6c80000)
 Metaspace       used 54948K, capacity 57811K, committed 58020K, reserved 1101824K
  class space    used 5526K, capacity 6533K, committed 6656K, reserved 1048576K
}
Event: 26.995 GC heap after
{Heap after GC invocations=41 (full 4):
 PSYoungGen      total 16384K, used 3945K [0x00000000eab00000, 0x00000000ec000000, 0x0000000100000000)
  eden space 12288K, 0% used [0x00000000eab00000,0x00000000eab00000,0x00000000eb700000)
  from space 4096K, 96% used [0x00000000eb700000,0x00000000ebada400,0x00000000ebb00000)
  to   space 4096K, 0% used [0x00000000ebc00000,0x00000000ebc00000,0x00000000ec000000)
 ParOldGen       total 111104K, used 89934K [0x00000000c0000000, 0x00000000c6c80000, 0x00000000eab00000)
  object space 111104K, 80% used [0x00000000c0000000,0x00000000c57d3b78,0x00000000c6c80000)
 Metaspace       used 54948K, capacity 57811K, committed 58020K, reserved 1101824K
  class space    used 5526K, capacity 6533K, committed 6656K, reserved 1048576K
}
Event: 27.195 GC heap before
{Heap before GC invocations=42 (full 4):
 PSYoungGen      total 16384K, used 16233K [0x00000000eab00000, 0x00000000ec000000, 0x0000000100000000)
  eden space 12288K, 100% used [0x00000000eab00000,0x00000000eb700000,0x00000000eb700000)
  from space 4096K, 96% used [0x00000000eb700000,0x00000000ebada400,0x00000000ebb00000)
  to   space 4096K, 0% used [0x00000000ebc00000,0x00000000ebc00000,0x00000000ec000000)
 ParOldGen       total 111104K, used 89934K [0x00000000c0000000, 0x00000000c6c80000, 0x00000000eab00000)
  object space 111104K, 80% used [0x00000000c0000000,0x00000000c57d3b78,0x00000000c6c80000)
 Metaspace       used 55150K, capacity 58003K, committed 58276K, reserved 1101824K
  class space    used 5542K, capacity 6533K, committed 6656K, reserved 1048576K
}
Event: 27.207 GC heap after
{Heap after GC invocations=42 (full 4):
 PSYoungGen      total 16384K, used 4089K [0x00000000eab00000, 0x00000000ec200000, 0x0000000100000000)
  eden space 12288K, 0% used [0x00000000eab00000,0x00000000eab00000,0x00000000eb700000)
  from space 4096K, 99% used [0x00000000ebc00000,0x00000000ebffe410,0x00000000ec000000)
  to   space 5120K, 0% used [0x00000000eb700000,0x00000000eb700000,0x00000000ebc00000)
 ParOldGen       total 111104K, used 90763K [0x00000000c0000000, 0x00000000c6c80000, 0x00000000eab00000)
  object space 111104K, 81% used [0x00000000c0000000,0x00000000c58a2c90,0x00000000c6c80000)
 Metaspace       used 55150K, capacity 58003K, committed 58276K, reserved 1101824K
  class space    used 5542K, capacity 6533K, committed 6656K, reserved 1048576K
}

Deoptimization events (20 events):
Event: 26.429 Thread 0x000001b4e6661800 DEOPT PACKING pc=0x000001b4d44eeb50 sp=0x0000006d27ffca50
Event: 26.429 Thread 0x000001b4e6661800 DEOPT UNPACKING pc=0x000001b4d315a95e sp=0x0000006d27ffbed8 mode 0
Event: 26.461 Thread 0x000001b4e6661800 DEOPT PACKING pc=0x000001b4d44eeb50 sp=0x0000006d27ffca50
Event: 26.461 Thread 0x000001b4e6661800 DEOPT UNPACKING pc=0x000001b4d315a95e sp=0x0000006d27ffbed8 mode 0
Event: 26.471 Thread 0x000001b4e6661800 DEOPT PACKING pc=0x000001b4d44eeb50 sp=0x0000006d27ffca50
Event: 26.471 Thread 0x000001b4e6661800 DEOPT UNPACKING pc=0x000001b4d315a95e sp=0x0000006d27ffbed8 mode 0
Event: 26.597 Thread 0x000001b4eafa6800 Uncommon trap: trap_request=0xffffff4d fr.pc=0x000001b4daf1483c relative=0x000000000000947c
Event: 26.597 Thread 0x000001b4eafa6800 Uncommon trap: reason=unstable_if action=reinterpret pc=0x000001b4daf1483c method=org.eclipse.jdt.internal.compiler.classfmt.MethodInfo.getMethodDescriptor()[C @ 4 c2
Event: 26.597 Thread 0x000001b4eafa6800 DEOPT PACKING pc=0x000001b4daf1483c sp=0x0000006d283fda70
Event: 26.597 Thread 0x000001b4eafa6800 DEOPT UNPACKING pc=0x000001b4d315a1af sp=0x0000006d283fda18 mode 2
Event: 26.946 Thread 0x000001b4e6661800 DEOPT PACKING pc=0x000001b4d44853c6 sp=0x0000006d27ffc870
Event: 26.946 Thread 0x000001b4e6661800 DEOPT UNPACKING pc=0x000001b4d315a95e sp=0x0000006d27ffbdc8 mode 0
Event: 27.172 Thread 0x000001b4e6661800 Uncommon trap: trap_request=0xffffff4d fr.pc=0x000001b4daf5d184 relative=0x00000000000001a4
Event: 27.172 Thread 0x000001b4e6661800 Uncommon trap: reason=unstable_if action=reinterpret pc=0x000001b4daf5d184 method=java.util.WeakHashMap.get(Ljava/lang/Object;)Ljava/lang/Object; @ 44 c2
Event: 27.172 Thread 0x000001b4e6661800 DEOPT PACKING pc=0x000001b4daf5d184 sp=0x0000006d27ffd640
Event: 27.172 Thread 0x000001b4e6661800 DEOPT UNPACKING pc=0x000001b4d315a1af sp=0x0000006d27ffd5b0 mode 2
Event: 27.218 Thread 0x000001b4e6661800 Uncommon trap: trap_request=0xffffff4d fr.pc=0x000001b4dae15d30 relative=0x0000000000000110
Event: 27.218 Thread 0x000001b4e6661800 Uncommon trap: reason=unstable_if action=reinterpret pc=0x000001b4dae15d30 method=java.util.Arrays.hashCode([Ljava/lang/Object;)I @ 34 c2
Event: 27.218 Thread 0x000001b4e6661800 DEOPT PACKING pc=0x000001b4dae15d30 sp=0x0000006d27ffd0d0
Event: 27.218 Thread 0x000001b4e6661800 DEOPT UNPACKING pc=0x000001b4d315a1af sp=0x0000006d27ffd048 mode 2

Classes redefined (0 events):
No events

Internal exceptions (20 events):
Event: 23.395 Thread 0x000001b4e6663000 Exception <a 'sun/nio/fs/WindowsException'{0x00000000eaf9d7b0}> (0x00000000eaf9d7b0) thrown at [./src/hotspot/share/prims/jni.cpp, line 615]
Event: 23.395 Thread 0x000001b4e6663000 Exception <a 'sun/nio/fs/WindowsException'{0x00000000eaf9deb0}> (0x00000000eaf9deb0) thrown at [./src/hotspot/share/prims/jni.cpp, line 615]
Event: 23.396 Thread 0x000001b4e6663000 Exception <a 'sun/nio/fs/WindowsException'{0x00000000eaf9e5f0}> (0x00000000eaf9e5f0) thrown at [./src/hotspot/share/prims/jni.cpp, line 615]
Event: 23.396 Thread 0x000001b4e6663000 Exception <a 'sun/nio/fs/WindowsException'{0x00000000eaf9ed58}> (0x00000000eaf9ed58) thrown at [./src/hotspot/share/prims/jni.cpp, line 615]
Event: 23.399 Thread 0x000001b4e6663000 Exception <a 'sun/nio/fs/WindowsException'{0x00000000eafa2ff8}> (0x00000000eafa2ff8) thrown at [./src/hotspot/share/prims/jni.cpp, line 615]
Event: 23.401 Thread 0x000001b4e6663000 Exception <a 'sun/nio/fs/WindowsException'{0x00000000eafa6658}> (0x00000000eafa6658) thrown at [./src/hotspot/share/prims/jni.cpp, line 615]
Event: 23.403 Thread 0x000001b4e6663000 Exception <a 'sun/nio/fs/WindowsException'{0x00000000eafaa030}> (0x00000000eafaa030) thrown at [./src/hotspot/share/prims/jni.cpp, line 615]
Event: 23.407 Thread 0x000001b4e6663000 Exception <a 'sun/nio/fs/WindowsException'{0x00000000eafae098}> (0x00000000eafae098) thrown at [./src/hotspot/share/prims/jni.cpp, line 615]
Event: 23.412 Thread 0x000001b4e6663000 Exception <a 'java/lang/ArrayIndexOutOfBoundsException'{0x00000000eafbe538}> (0x00000000eafbe538) thrown at [./src/hotspot/share/runtime/sharedRuntime.cpp, line 606]
Event: 24.009 Thread 0x000001b4e6663000 Exception <a 'sun/nio/fs/WindowsException'{0x00000000eab28420}> (0x00000000eab28420) thrown at [./src/hotspot/share/prims/jni.cpp, line 615]
Event: 24.179 Thread 0x000001b4e6660800 Exception <a 'java/lang/ArrayIndexOutOfBoundsException'{0x00000000eac25828}: Index 621 out of bounds for length 621> (0x00000000eac25828) thrown at [./src/hotspot/share/interpreter/interpreterRuntime.cpp, line 444]
Event: 24.179 Thread 0x000001b4e6660800 Exception <a 'java/lang/ArrayIndexOutOfBoundsException'{0x00000000eac25b48}: Index 622 out of bounds for length 621> (0x00000000eac25b48) thrown at [./src/hotspot/share/interpreter/interpreterRuntime.cpp, line 444]
Event: 26.224 Thread 0x000001b4eafa6800 Exception <a 'java/lang/ArrayIndexOutOfBoundsException'{0x00000000eafe5fd0}> (0x00000000eafe5fd0) thrown at [./src/hotspot/share/runtime/sharedRuntime.cpp, line 606]
Event: 26.517 Thread 0x000001b4eafa6800 Exception <a 'java/lang/NoSuchMethodError'{0x00000000eb100ac0}: 'int java.lang.invoke.DirectMethodHandle$Holder.invokeStatic(java.lang.Object, java.lang.Object, java.lang.Object, int)'> (0x00000000eb100ac0) thrown at [./src/hotspot/share/interpreter/linkResolver.cpp, line 773]
Event: 26.672 Thread 0x000001b4eafa6800 Exception <a 'java/io/FileNotFoundException'{0x00000000eb69fe28}> (0x00000000eb69fe28) thrown at [./src/hotspot/share/prims/jni.cpp, line 615]
Event: 26.709 Thread 0x000001b4eafa6800 Exception <a 'java/lang/ArrayIndexOutOfBoundsException'{0x00000000eab26878}> (0x00000000eab26878) thrown at [./src/hotspot/share/runtime/sharedRuntime.cpp, line 606]
Event: 26.711 Thread 0x000001b4eafa6800 Exception <a 'java/lang/ArrayIndexOutOfBoundsException'{0x00000000eab29400}> (0x00000000eab29400) thrown at [./src/hotspot/share/runtime/sharedRuntime.cpp, line 606]
Event: 26.788 Thread 0x000001b4eafa6800 Exception <a 'java/lang/ArrayIndexOutOfBoundsException'{0x00000000ead2e5f8}> (0x00000000ead2e5f8) thrown at [./src/hotspot/share/runtime/sharedRuntime.cpp, line 606]
Event: 26.791 Thread 0x000001b4eafa6800 Exception <a 'java/lang/ArrayIndexOutOfBoundsException'{0x00000000ead32508}> (0x00000000ead32508) thrown at [./src/hotspot/share/runtime/sharedRuntime.cpp, line 606]
Event: 27.218 Thread 0x000001b4e6661800 Implicit null exception at 0x000001b4dae15c6c to 0x000001b4dae15d14

Events (20 events):
Event: 26.680 loading class java/util/concurrent/ForkJoinTask$AdaptedCallable
Event: 26.680 loading class java/util/concurrent/ForkJoinTask$AdaptedCallable done
Event: 26.681 loading class java/util/concurrent/CountedCompleter
Event: 26.681 loading class java/util/concurrent/CountedCompleter done
Event: 26.682 loading class org/eclipse/jdt/internal/core/search/PatternSearchJob$IndexMatch
Event: 26.682 loading class org/eclipse/jdt/internal/core/search/PatternSearchJob$IndexMatch done
Event: 26.683 loading class org/eclipse/jdt/internal/core/search/PatternSearchJob$IndexMatch
Event: 26.683 loading class org/eclipse/jdt/internal/core/search/PatternSearchJob$IndexMatch done
Event: 26.683 loading class org/eclipse/jdt/internal/core/search/PatternSearchJob
Event: 26.683 loading class org/eclipse/jdt/internal/core/search/PatternSearchJob done
Event: 26.683 Executing VM operation: ParallelGCFailedAllocation
Event: 26.697 Executing VM operation: ParallelGCFailedAllocation done
Event: 26.699 Executing VM operation: RevokeBias
Event: 26.699 Executing VM operation: RevokeBias done
Event: 26.986 Executing VM operation: ParallelGCFailedAllocation
Event: 26.995 Executing VM operation: ParallelGCFailedAllocation done
Event: 27.195 Executing VM operation: ParallelGCFailedAllocation
Event: 27.207 Executing VM operation: ParallelGCFailedAllocation done
Event: 27.369 Executing VM operation: Deoptimize
Event: 27.370 Executing VM operation: Deoptimize done


Dynamic libraries:
0x00007ff6a17c0000 - 0x00007ff6a17cd000 	C:\Program Files\Amazon Corretto\jdk11.0.12_7\bin\java.exe
0x00007ffda1690000 - 0x00007ffda1885000 	C:\WINDOWS\SYSTEM32\ntdll.dll
0x00007ffda0210000 - 0x00007ffda02cd000 	C:\WINDOWS\System32\KERNEL32.DLL
0x00007ffd9eff0000 - 0x00007ffd9f2b9000 	C:\WINDOWS\System32\KERNELBASE.dll
0x00007ffd9f4f0000 - 0x00007ffd9f5f0000 	C:\WINDOWS\System32\ucrtbase.dll
0x00007ffd92cd0000 - 0x00007ffd92ce9000 	C:\Program Files\Amazon Corretto\jdk11.0.12_7\bin\VCRUNTIME140.dll
0x00007ffd90710000 - 0x00007ffd90727000 	C:\Program Files\Amazon Corretto\jdk11.0.12_7\bin\jli.dll
0x00007ffda0070000 - 0x00007ffda0210000 	C:\WINDOWS\System32\USER32.dll
0x00007ffd9f4c0000 - 0x00007ffd9f4e2000 	C:\WINDOWS\System32\win32u.dll
0x00007ffda0040000 - 0x00007ffda006a000 	C:\WINDOWS\System32\GDI32.dll
0x00007ffd9eee0000 - 0x00007ffd9efeb000 	C:\WINDOWS\System32\gdi32full.dll
0x00007ffd9f2c0000 - 0x00007ffd9f35d000 	C:\WINDOWS\System32\msvcp_win.dll
0x00007ffd80f80000 - 0x00007ffd8121a000 	C:\WINDOWS\WinSxS\amd64_microsoft.windows.common-controls_6595b64144ccf1df_6.0.19041.1110_none_60b5254171f9507e\COMCTL32.dll
0x00007ffd9fb20000 - 0x00007ffd9fbbe000 	C:\WINDOWS\System32\msvcrt.dll
0x00007ffd9f9e0000 - 0x00007ffd9fa10000 	C:\WINDOWS\System32\IMM32.DLL
0x00007ffd70e10000 - 0x00007ffd70eab000 	C:\Program Files\Amazon Corretto\jdk11.0.12_7\bin\msvcp140.dll
0x00007ffd54450000 - 0x00007ffd54faa000 	C:\Program Files\Amazon Corretto\jdk11.0.12_7\bin\server\jvm.dll
0x00007ffda1390000 - 0x00007ffda143c000 	C:\WINDOWS\System32\ADVAPI32.dll
0x00007ffd9fa80000 - 0x00007ffd9fb1b000 	C:\WINDOWS\System32\sechost.dll
0x00007ffd9f700000 - 0x00007ffd9f82a000 	C:\WINDOWS\System32\RPCRT4.dll
0x00007ffda08c0000 - 0x00007ffda08c8000 	C:\WINDOWS\System32\PSAPI.DLL
0x00007ffd8c8d0000 - 0x00007ffd8c8d9000 	C:\WINDOWS\SYSTEM32\WSOCK32.dll
0x00007ffd9fa10000 - 0x00007ffd9fa7b000 	C:\WINDOWS\System32\WS2_32.dll
0x00007ffd98730000 - 0x00007ffd98757000 	C:\WINDOWS\SYSTEM32\WINMM.dll
0x00007ffd90f30000 - 0x00007ffd90f3a000 	C:\WINDOWS\SYSTEM32\VERSION.dll
0x00007ffd9d650000 - 0x00007ffd9d662000 	C:\WINDOWS\SYSTEM32\kernel.appcore.dll
0x00007ffd98ab0000 - 0x00007ffd98ac0000 	C:\Program Files\Amazon Corretto\jdk11.0.12_7\bin\verify.dll
0x00007ffd9d360000 - 0x00007ffd9d544000 	C:\WINDOWS\SYSTEM32\DBGHELP.DLL
0x00007ffd8a8b0000 - 0x00007ffd8a8dc000 	C:\WINDOWS\SYSTEM32\dbgcore.DLL
0x00007ffd9f5f0000 - 0x00007ffd9f673000 	C:\WINDOWS\System32\bcryptPrimitives.dll
0x00007ffd89ed0000 - 0x00007ffd89ef8000 	C:\Program Files\Amazon Corretto\jdk11.0.12_7\bin\java.dll
0x00007ffd97910000 - 0x00007ffd9791a000 	C:\Program Files\Amazon Corretto\jdk11.0.12_7\bin\jimage.dll
0x00007ffd8d6a0000 - 0x00007ffd8d6b7000 	C:\Program Files\Amazon Corretto\jdk11.0.12_7\bin\zip.dll
0x00007ffda08d0000 - 0x00007ffda100f000 	C:\WINDOWS\System32\SHELL32.dll
0x00007ffd9caf0000 - 0x00007ffd9d281000 	C:\WINDOWS\SYSTEM32\windows.storage.dll
0x00007ffda02d0000 - 0x00007ffda0625000 	C:\WINDOWS\System32\combase.dll
0x00007ffd9e7d0000 - 0x00007ffd9e7fc000 	C:\WINDOWS\SYSTEM32\Wldp.dll
0x00007ffda1280000 - 0x00007ffda132e000 	C:\WINDOWS\System32\SHCORE.dll
0x00007ffda1330000 - 0x00007ffda1385000 	C:\WINDOWS\System32\shlwapi.dll
0x00007ffd9ed10000 - 0x00007ffd9ed2f000 	C:\WINDOWS\SYSTEM32\profapi.dll
0x00007ffd89eb0000 - 0x00007ffd89ec9000 	C:\Program Files\Amazon Corretto\jdk11.0.12_7\bin\net.dll
0x00007ffd91a80000 - 0x00007ffd91b8a000 	C:\WINDOWS\SYSTEM32\WINHTTP.dll
0x00007ffd9e510000 - 0x00007ffd9e57a000 	C:\WINDOWS\system32\mswsock.dll
0x00007ffd81ee0000 - 0x00007ffd81ef2000 	C:\Program Files\Amazon Corretto\jdk11.0.12_7\bin\nio.dll
0x00007ffd9e710000 - 0x00007ffd9e728000 	C:\WINDOWS\SYSTEM32\CRYPTSP.dll
0x00007ffd9de30000 - 0x00007ffd9de64000 	C:\WINDOWS\system32\rsaenh.dll
0x00007ffd9f680000 - 0x00007ffd9f6a7000 	C:\WINDOWS\System32\bcrypt.dll
0x00007ffd9ec90000 - 0x00007ffd9ecbe000 	C:\WINDOWS\SYSTEM32\USERENV.dll
0x00007ffd9e730000 - 0x00007ffd9e73c000 	C:\WINDOWS\SYSTEM32\CRYPTBASE.dll
0x00007ffd9e1a0000 - 0x00007ffd9e1db000 	C:\WINDOWS\SYSTEM32\IPHLPAPI.DLL
0x00007ffda0030000 - 0x00007ffda0038000 	C:\WINDOWS\System32\NSI.dll
0x00007ffd90dd0000 - 0x00007ffd90de7000 	C:\WINDOWS\SYSTEM32\dhcpcsvc6.DLL
0x00007ffd90ea0000 - 0x00007ffd90ebd000 	C:\WINDOWS\SYSTEM32\dhcpcsvc.DLL
0x00007ffd9e1e0000 - 0x00007ffd9e2ac000 	C:\WINDOWS\SYSTEM32\DNSAPI.dll
0x00007ffd909c0000 - 0x00007ffd909fe000 	C:\Users\kisho\AppData\Roaming\Code\User\globalStorage\redhat.java\0.80.0\config_win\org.eclipse.equinox.launcher\org.eclipse.equinox.launcher.win32.win32.x86_64_1.2.300.v20210617-0451\eclipse_11502.dll
0x00007ffd98a90000 - 0x00007ffd98aa1000 	C:\Users\kisho\AppData\Roaming\Code\User\globalStorage\redhat.java\0.80.0\config_win\org.eclipse.osgi\23\0\.cp\jWinHttp-1.0.0.dll
0x00007ffda1010000 - 0x00007ffda113a000 	C:\WINDOWS\System32\ole32.dll
0x00007ffd9a0c0000 - 0x00007ffd9a0ce000 	C:\Program Files\Amazon Corretto\jdk11.0.12_7\bin\sunmscapi.dll
0x00007ffd9f360000 - 0x00007ffd9f4bf000 	C:\WINDOWS\System32\CRYPT32.dll
0x00007ffd9e840000 - 0x00007ffd9e867000 	C:\WINDOWS\SYSTEM32\ncrypt.dll
0x00007ffd9e800000 - 0x00007ffd9e83b000 	C:\WINDOWS\SYSTEM32\NTASN1.dll
0x00007ffd820c0000 - 0x00007ffd820e5000 	C:\Program Files\Amazon Corretto\jdk11.0.12_7\bin\sunec.dll

dbghelp: loaded successfully - version: 4.0.5 - missing functions: none
symbol engine: initialized successfully - sym options: 0x614 - pdb path: .;C:\Program Files\Amazon Corretto\jdk11.0.12_7\bin;C:\WINDOWS\SYSTEM32;C:\WINDOWS\WinSxS\amd64_microsoft.windows.common-controls_6595b64144ccf1df_6.0.19041.1110_none_60b5254171f9507e;C:\Program Files\Amazon Corretto\jdk11.0.12_7\bin\server;C:\Users\kisho\AppData\Roaming\Code\User\globalStorage\redhat.java\0.80.0\config_win\org.eclipse.equinox.launcher\org.eclipse.equinox.launcher.win32.win32.x86_64_1.2.300.v20210617-0451;C:\Users\kisho\AppData\Roaming\Code\User\globalStorage\redhat.java\0.80.0\config_win\org.eclipse.osgi\23\0\.cp

VM Arguments:
jvm_args: --add-modules=ALL-SYSTEM --add-opens=java.base/java.util=ALL-UNNAMED --add-opens=java.base/java.lang=ALL-UNNAMED -Declipse.application=org.eclipse.jdt.ls.core.id1 -Dosgi.bundles.defaultStartLevel=4 -Declipse.product=org.eclipse.jdt.ls.core.product -Dfile.encoding=utf8 -DwatchParentProcess=false -XX:+UseParallelGC -XX:GCTimeRatio=4 -XX:AdaptiveSizePolicyWeight=90 -Dsun.zip.disableMemoryMapping=true -Xmx1G -Xms100m -Xverify:none 
java_command: c:\Users\kisho\.vscode\extensions\redhat.java-0.80.0\server\plugins\org.eclipse.equinox.launcher_1.6.200.v20210416-2027.jar -configuration c:\Users\kisho\AppData\Roaming\Code\User\globalStorage\redhat.java\0.80.0\config_win -data c:\Users\kisho\AppData\Roaming\Code\User\workspaceStorage\1ed5e1a7b40611359d03b18dca1d5c5a\redhat.java\jdt_ws
java_class_path (initial): c:\Users\kisho\.vscode\extensions\redhat.java-0.80.0\server\plugins\org.eclipse.equinox.launcher_1.6.200.v20210416-2027.jar
Launcher Type: SUN_STANDARD

[Global flags]
    uintx AdaptiveSizePolicyWeight                 = 90                                        {product} {command line}
     bool BytecodeVerificationLocal                = false                                     {product} {command line}
     bool BytecodeVerificationRemote               = false                                     {product} {command line}
     intx CICompilerCount                          = 3                                         {product} {ergonomic}
    uintx GCTimeRatio                              = 4                                         {product} {command line}
   size_t InitialHeapSize                          = 104857600                                 {product} {command line}
   size_t MaxHeapSize                              = 1073741824                                {product} {command line}
   size_t MaxNewSize                               = 357564416                                 {product} {ergonomic}
   size_t MinHeapDeltaBytes                        = 524288                                    {product} {ergonomic}
   size_t NewSize                                  = 34603008                                  {product} {ergonomic}
    uintx NonNMethodCodeHeapSize                   = 5830732                                {pd product} {ergonomic}
    uintx NonProfiledCodeHeapSize                  = 122913754                              {pd product} {ergonomic}
   size_t OldSize                                  = 70254592                                  {product} {ergonomic}
    uintx ProfiledCodeHeapSize                     = 122913754                              {pd product} {ergonomic}
    uintx ReservedCodeCacheSize                    = 251658240                              {pd product} {ergonomic}
     bool SegmentedCodeCache                       = true                                      {product} {ergonomic}
     bool UseCompressedClassPointers               = true                                 {lp64_product} {ergonomic}
     bool UseCompressedOops                        = true                                 {lp64_product} {ergonomic}
     bool UseLargePagesIndividualAllocation        = false                                  {pd product} {ergonomic}
     bool UseParallelGC                            = true                                      {product} {command line}

Logging:
Log output configuration:
 #0: stdout all=warning uptime,level,tags
 #1: stderr all=off uptime,level,tags

Environment Variables:
JAVA_HOME=C:\Program Files\Amazon Corretto\jdk11.0.12_7
CLASSPATH=C:\apache-tomcat-8.0.27-windows-x86\apache-tomcat-8.0.27\lib\servlet-api.jar
PATH=C:\Program Files\Amazon Corretto\jdk11.0.12_7\bin;C:\Program Files (x86)\Common Files\Oracle\Java\javapath;C:\Program Files\nodejs\;C:\Program Files\Amazon Corretto\jdk11.0.12_7\bin;C:\Program Files\apache-maven-3.8.1\bin;C:\Windows\System32;C:\Program Files\Microsoft VS Code\bin;C:\Users\kisho\AppData\Local\Microsoft\WindowsApps;C:\Users\kisho\AppData\Local\Programs\Python\Python39;C:\Users\kisho\AppData\Local\Programs\Python\Python39\Scripts;C:\Program Files\JetBrains\PyCharm Community Edition 2020.2.3\bin;C:\Users\kisho\AppData\Local\Microsoft\WindowsApps;C:\Users\kisho\AppData\Roaming\npm;C:\Users\kisho\AppData\Local\GitHubDesktop\bin;C:\Program Files\Java\jdk-11.0.10\bin;C:\Program Files\Java\apache-maven-3.8.1\bin
USERNAME=kisho
OS=Windows_NT
PROCESSOR_IDENTIFIER=Intel64 Family 6 Model 142 Stepping 10, GenuineIntel



---------------  S Y S T E M  ---------------

OS: Windows 10 , 64 bit Build 19041 (10.0.19041.1023)
OS uptime: 0 days 1:09 hours
Hyper-V role detected

CPU:total 4 (initial active 4) (2 cores per cpu, 2 threads per core) family 6 model 142 stepping 10 microcode 0xe0, cmov, cx8, fxsr, mmx, sse, sse2, sse3, ssse3, sse4.1, sse4.2, popcnt, avx, avx2, aes, clmul, erms, 3dnowpref, lzcnt, ht, tsc, tscinvbit, bmi1, bmi2, adx, fma

Memory: 4k page, system-wide physical 12197M (2083M free)
TotalPageFile size 12197M (AvailPageFile size 89M)
current process WorkingSet (physical memory assigned to process): 281M, peak: 285M
current process commit charge ("private bytes"): 343M, peak: 368M

vm_info: OpenJDK 64-Bit Server VM (11.0.12+7-LTS) for windows-amd64 JRE (11.0.12+7-LTS), built on Jul 13 2021 17:58:36 by "Administrator" with unknown MS VC++:1916

END.
