#
# There is insufficient memory for the Java Runtime Environment to continue.
# Native memory allocation (malloc) failed to allocate 910496 bytes for Chunk::new
# Possible reasons:
#   The system is out of physical RAM or swap space
#   The process is running with CompressedOops enabled, and the Java Heap may be blocking the growth of the native heap
# Possible solutions:
#   Reduce memory load on the system
#   Increase physical memory or swap space
#   Check if swap backing store is full
#   Decrease Java heap size (-Xmx/-Xms)
#   Decrease number of Java threads
#   Decrease Java thread stack sizes (-Xss)
#   Set larger code cache with -XX:ReservedCodeCacheSize=
#   JVM is running with Unscaled Compressed Oops mode in which the Java heap is
#     placed in the first 4GB address space. The Java Heap base address is the
#     maximum limit for the native heap growth. Please use -XX:HeapBaseMinAddress
#     to set the Java Heap base and to place the Java Heap above 4GB virtual address.
# This output file may be truncated or incomplete.
#
#  Out of Memory Error (./src/hotspot/share/memory/arena.cpp:197), pid=12980, tid=58708
#
# JRE version: OpenJDK Runtime Environment Corretto-11.0.12.7.1 (11.0.12+7) (build 11.0.12+7-LTS)
# Java VM: OpenJDK 64-Bit Server VM Corretto-11.0.12.7.1 (11.0.12+7-LTS, mixed mode, tiered, compressed oops, parallel gc, windows-amd64)
# No core dump will be written. Minidumps are not enabled by default on client versions of Windows
#

---------------  S U M M A R Y ------------

Command Line: --add-modules=ALL-SYSTEM --add-opens=java.base/java.util=ALL-UNNAMED --add-opens=java.base/java.lang=ALL-UNNAMED -Declipse.application=org.eclipse.jdt.ls.core.id1 -Dosgi.bundles.defaultStartLevel=4 -Declipse.product=org.eclipse.jdt.ls.core.product -Dfile.encoding=utf8 -DwatchParentProcess=false -XX:+UseParallelGC -XX:GCTimeRatio=4 -XX:AdaptiveSizePolicyWeight=90 -Dsun.zip.disableMemoryMapping=true -Xmx1G -Xms100m -Xverify:none c:\Users\kisho\.vscode\extensions\redhat.java-0.80.0\server\plugins\org.eclipse.equinox.launcher_1.6.200.v20210416-2027.jar -configuration c:\Users\kisho\AppData\Roaming\Code\User\globalStorage\redhat.java\0.80.0\config_win -data c:\Users\kisho\AppData\Roaming\Code\User\workspaceStorage\1ed5e1a7b40611359d03b18dca1d5c5a\redhat.java\jdt_ws

Host: Intel(R) Core(TM) i3-7020U CPU @ 2.30GHz, 4 cores, 11G,  Windows 10 , 64 bit Build 19041 (10.0.19041.1023)
Time: Tue Jul 27 12:36:46 2021 India Standard Time elapsed time: 144.465333 seconds (0d 0h 2m 24s)

---------------  T H R E A D  ---------------

Current thread (0x00000177acb28800):  JavaThread "C2 CompilerThread1" daemon [_thread_in_native, id=58708, stack(0x000000505da00000,0x000000505db00000)]


Current CompileTask:
C2: 144465 8054       4       org.eclipse.jdt.internal.compiler.lookup.LookupEnvironment::createParameterizedType (44 bytes)

Stack: [0x000000505da00000,0x000000505db00000]
Native frames: (J=compiled Java code, j=interpreted, Vv=VM code, C=native code)
V  [jvm.dll+0x601d7a]
V  [jvm.dll+0x78b45e]
V  [jvm.dll+0x78cb2f]
V  [jvm.dll+0x78d1f3]
V  [jvm.dll+0x24bc58]
V  [jvm.dll+0xc219c]
V  [jvm.dll+0xc275c]
V  [jvm.dll+0x2bdc14]
V  [jvm.dll+0x512c49]
V  [jvm.dll+0x206f11]
V  [jvm.dll+0x2045fa]
V  [jvm.dll+0x18990c]
V  [jvm.dll+0x213b57]
V  [jvm.dll+0x211d1b]
V  [jvm.dll+0x74f509]
V  [jvm.dll+0x748574]
V  [jvm.dll+0x600c16]
C  [ucrtbase.dll+0x21bb2]
C  [KERNEL32.DLL+0x17034]
C  [ntdll.dll+0x52651]


---------------  P R O C E S S  ---------------

Threads class SMR info:
_java_thread_list=0x00000177a1fe0530, length=25, elements={
0x00000177ffedc000, 0x000001779bcbf000, 0x000001779bcbf800, 0x000001779ce72800,
0x000001779bcdf800, 0x000001779bce1000, 0x000001779bce2000, 0x000001779bce3800,
0x000001779bd27800, 0x000001779bbb1000, 0x000001779d2ab000, 0x000001779d673000,
0x000001779d676000, 0x000001779d66c800, 0x000001779d22d000, 0x000001779d9d9000,
0x000001779d98d800, 0x00000177a04ec000, 0x00000177a04ea000, 0x00000177a04eb000,
0x00000177a04e8800, 0x00000177a04e9800, 0x00000177a151c800, 0x00000177a1519000,
0x00000177acb28800
}

Java Threads: ( => current thread )
  0x00000177ffedc000 JavaThread "main" [_thread_blocked, id=23200, stack(0x000000505dd00000,0x000000505de00000)]
  0x000001779bcbf000 JavaThread "Reference Handler" daemon [_thread_blocked, id=45244, stack(0x000000505e000000,0x000000505e100000)]
  0x000001779bcbf800 JavaThread "Finalizer" daemon [_thread_blocked, id=6880, stack(0x000000505e100000,0x000000505e200000)]
  0x000001779ce72800 JavaThread "Signal Dispatcher" daemon [_thread_blocked, id=1344, stack(0x000000505e200000,0x000000505e300000)]
  0x000001779bcdf800 JavaThread "Attach Listener" daemon [_thread_blocked, id=16992, stack(0x000000505e300000,0x000000505e400000)]
  0x000001779bce1000 JavaThread "Service Thread" daemon [_thread_blocked, id=12320, stack(0x000000505e400000,0x000000505e500000)]
  0x000001779bce2000 JavaThread "C2 CompilerThread0" daemon [_thread_in_native, id=6300, stack(0x000000505e500000,0x000000505e600000)]
  0x000001779bce3800 JavaThread "C1 CompilerThread0" daemon [_thread_blocked, id=11452, stack(0x000000505e600000,0x000000505e700000)]
  0x000001779bd27800 JavaThread "Sweeper thread" daemon [_thread_blocked, id=27068, stack(0x000000505e700000,0x000000505e800000)]
  0x000001779bbb1000 JavaThread "Common-Cleaner" daemon [_thread_blocked, id=38216, stack(0x000000505e800000,0x000000505e900000)]
  0x000001779d2ab000 JavaThread "Active Thread: Equinox Container: 0f423fa9-d2f5-4ea6-b4a7-a64007ec8d2f" [_thread_blocked, id=26664, stack(0x000000505eb00000,0x000000505ec00000)]
  0x000001779d673000 JavaThread "Framework Event Dispatcher: Equinox Container: 0f423fa9-d2f5-4ea6-b4a7-a64007ec8d2f" daemon [_thread_blocked, id=39920, stack(0x000000505e900000,0x000000505ea00000)]
  0x000001779d676000 JavaThread "Start Level: Equinox Container: 0f423fa9-d2f5-4ea6-b4a7-a64007ec8d2f" daemon [_thread_blocked, id=45012, stack(0x000000505ec00000,0x000000505ed00000)]
  0x000001779d66c800 JavaThread "SCR Component Actor" daemon [_thread_blocked, id=40740, stack(0x000000505f000000,0x000000505f100000)]
  0x000001779d22d000 JavaThread "Bundle File Closer" daemon [_thread_blocked, id=32620, stack(0x000000505f200000,0x000000505f300000)]
  0x000001779d9d9000 JavaThread "Worker-JM" [_thread_blocked, id=36832, stack(0x000000505f300000,0x000000505f400000)]
  0x000001779d98d800 JavaThread "Worker-1" [_thread_blocked, id=26180, stack(0x000000505f500000,0x000000505f600000)]
  0x00000177a04ec000 JavaThread "Java indexing" daemon [_thread_blocked, id=25656, stack(0x000000505f700000,0x000000505f800000)]
  0x00000177a04ea000 JavaThread "logback configurator timer" daemon [_thread_blocked, id=35448, stack(0x000000505f100000,0x000000505f200000)]
  0x00000177a04eb000 JavaThread "pool-2-thread-1" [_thread_in_native, id=45324, stack(0x000000505f600000,0x000000505f700000)]
  0x00000177a04e8800 JavaThread "Worker-2" [_thread_blocked, id=21776, stack(0x000000505f800000,0x000000505f900000)]
  0x00000177a04e9800 JavaThread "ForkJoinPool.commonPool-worker-3" daemon [_thread_blocked, id=6664, stack(0x000000505ff00000,0x0000005060000000)]
  0x00000177a151c800 JavaThread "ForkJoinPool.commonPool-worker-5" daemon [_thread_blocked, id=48168, stack(0x0000005060000000,0x0000005060100000)]
  0x00000177a1519000 JavaThread "ForkJoinPool.commonPool-worker-7" daemon [_thread_in_native, id=39464, stack(0x0000005060100000,0x0000005060200000)]
=>0x00000177acb28800 JavaThread "C2 CompilerThread1" daemon [_thread_in_native, id=58708, stack(0x000000505da00000,0x000000505db00000)]

Other Threads:
  0x000001779bbf6000 VMThread "VM Thread" [stack: 0x000000505df00000,0x000000505e000000] [id=25988]
  0x000001779d11c800 WatcherThread [stack: 0x000000505ea00000,0x000000505eb00000] [id=50236]
  0x00000177ffef4000 GCTaskThread "ParGC Thread#0" [stack: 0x000000505de00000,0x000000505df00000] [id=26892]
  0x000001779d67f800 GCTaskThread "ParGC Thread#1" [stack: 0x000000505ed00000,0x000000505ee00000] [id=10324]
  0x000001779d680800 GCTaskThread "ParGC Thread#2" [stack: 0x000000505ee00000,0x000000505ef00000] [id=47320]
  0x000001779d681000 GCTaskThread "ParGC Thread#3" [stack: 0x000000505ef00000,0x000000505f000000] [id=10504]

Threads with active compile tasks:
C2 CompilerThread0 144632 8128       4       org.eclipse.jdt.internal.core.JarPackageFragmentRoot::initRawPackageInfo (349 bytes)
C2 CompilerThread1 144632 8054       4       org.eclipse.jdt.internal.compiler.lookup.LookupEnvironment::createParameterizedType (44 bytes)

VM state:not at safepoint (normal execution)

VM Mutex/Monitor currently owned by a thread: None

Heap address: 0x00000000c0000000, size: 1024 MB, Compressed Oops mode: 32-bit
Narrow klass base: 0x0000000000000000, Narrow klass shift: 3
Compressed class space size: 1073741824 Address: 0x0000000100000000

Heap:
 PSYoungGen      total 8192K, used 895K [0x00000000eab00000, 0x00000000eb480000, 0x0000000100000000)
  eden space 7168K, 12% used [0x00000000eab00000,0x00000000eabdffe0,0x00000000eb200000)
  from space 1024K, 0% used [0x00000000eb280000,0x00000000eb280000,0x00000000eb380000)
  to   space 512K, 0% used [0x00000000eb400000,0x00000000eb400000,0x00000000eb480000)
 ParOldGen       total 170496K, used 89002K [0x00000000c0000000, 0x00000000ca680000, 0x00000000eab00000)
  object space 170496K, 52% used [0x00000000c0000000,0x00000000c56eab18,0x00000000ca680000)
 Metaspace       used 64688K, capacity 68022K, committed 68184K, reserved 1110016K
  class space    used 6455K, capacity 7686K, committed 7808K, reserved 1048576K

Card table byte_map: [0x0000017798dc0000,0x0000017798fd0000] _byte_map_base: 0x00000177987c0000

Marking Bits: (ParMarkBitMap*) 0x00007ffd6b6ecdf0
 Begin Bits: [0x0000017799130000, 0x000001779a130000)
 End Bits:   [0x000001779a130000, 0x000001779b130000)

Polling page: 0x00000177ffc90000

Metaspace:

Usage:
  Non-class:     58.92 MB capacity,    56.87 MB ( 97%) used,     1.92 MB (  3%) free+waste,   135.94 KB ( <1%) overhead. 
      Class:      7.51 MB capacity,     6.30 MB ( 84%) used,     1.14 MB ( 15%) free+waste,    62.13 KB ( <1%) overhead. 
       Both:     66.43 MB capacity,    63.17 MB ( 95%) used,     3.06 MB (  5%) free+waste,   198.06 KB ( <1%) overhead. 

Virtual space:
  Non-class space:       60.00 MB reserved,      58.96 MB ( 98%) committed 
      Class space:        1.00 GB reserved,       7.63 MB ( <1%) committed 
             Both:        1.06 GB reserved,      66.59 MB (  6%) committed 

Chunk freelists:
   Non-Class:  40.00 KB
       Class:  26.00 KB
        Both:  66.00 KB

MaxMetaspaceSize: 17179869184.00 GB
CompressedClassSpaceSize: 1.00 GB
Initial GC threshold: 20.80 MB
Current GC threshold: 110.77 MB
CDS: off

CodeHeap 'non-profiled nmethods': size=120064Kb used=4933Kb max_used=4933Kb free=115130Kb
 bounds [0x00000177916a0000, 0x0000017791b80000, 0x0000017798be0000]
CodeHeap 'profiled nmethods': size=120000Kb used=19551Kb max_used=19551Kb free=100448Kb
 bounds [0x000001778a170000, 0x000001778b490000, 0x00000177916a0000]
CodeHeap 'non-nmethods': size=5696Kb used=1357Kb max_used=1429Kb free=4338Kb
 bounds [0x0000017789be0000, 0x0000017789e50000, 0x000001778a170000]
 total_blobs=8605 nmethods=7943 adapters=574
 compilation: enabled
              stopped_count=0, restarted_count=0
 full_count=0

Compilation events (20 events):
Event: 144.382 Thread 0x000001779bce3800 8118       3       sun.nio.fs.WindowsPath::compareTo (118 bytes)
Event: 144.384 Thread 0x000001779bce3800 nmethod 8118 0x000001778b480a90 code [0x000001778b480de0, 0x000001778b482208]
Event: 144.387 Thread 0x000001779bce2000 nmethod 8111 0x0000017791b6fb90 code [0x0000017791b6fd40, 0x0000017791b70018]
Event: 144.387 Thread 0x000001779bce2000 8116       4       org.eclipse.jdt.internal.core.JavaElement::getElementInfo (27 bytes)
Event: 144.389 Thread 0x000001779bce3800 8121       3       jdk.nio.zipfs.ZipPath::isAbsolute (25 bytes)
Event: 144.389 Thread 0x000001779bce2000 nmethod 8116 0x0000017791b70310 code [0x0000017791b704c0, 0x0000017791b705b8]
Event: 144.389 Thread 0x000001779bce2000 8119       4       java.util.LinkedHashMap::afterNodeInsertion (40 bytes)
Event: 144.389 Thread 0x000001779bce3800 nmethod 8121 0x000001778b482b90 code [0x000001778b482d40, 0x000001778b482ef8]
Event: 144.392 Thread 0x000001779bce3800 8122       3       jdk.nio.zipfs.ZipPath::getFileSystem (5 bytes)
Event: 144.392 Thread 0x000001779bce3800 nmethod 8122 0x000001778b483010 code [0x000001778b4831c0, 0x000001778b4832d8]
Event: 144.392 Thread 0x000001779bce2000 nmethod 8119 0x0000017791b70710 code [0x0000017791b708c0, 0x0000017791b70a48]
Event: 144.392 Thread 0x000001779bce2000 8120       4       java.util.concurrent.locks.ReentrantReadWriteLock$ReadLock::lock (9 bytes)
Event: 144.393 Thread 0x000001779bce3800 8123       3       org.eclipse.jdt.internal.core.builder.ClasspathJrtWithReleaseOption::equals (43 bytes)
Event: 144.393 Thread 0x000001779bce3800 nmethod 8123 0x000001778b483390 code [0x000001778b483580, 0x000001778b483af8]
Event: 144.393 Thread 0x000001779bce3800 8124       3       org.eclipse.jdt.internal.core.builder.ClasspathLocation::areAllModuleOptionsEqual (281 bytes)
Event: 144.395 Thread 0x000001779bce3800 nmethod 8124 0x000001778b483c90 code [0x000001778b483f80, 0x000001778b484fb8]
Event: 144.397 Thread 0x000001779bce3800 8125       3       org.eclipse.jdt.internal.core.ClasspathEntry::getRawExternalAnnotationPath (8 bytes)
Event: 144.397 Thread 0x000001779bce3800 nmethod 8125 0x000001778b485310 code [0x000001778b4854c0, 0x000001778b4855c8]
Event: 144.399 Thread 0x000001779bce2000 nmethod 8120 0x0000017791b70c10 code [0x0000017791b70de0, 0x0000017791b71110]
Event: 144.399 Thread 0x000001779bce2000 8096       4       jdk.nio.zipfs.ZipConstants::CENNAM (9 bytes)

GC Heap History (20 events):
Event: 63.806 GC heap after
{Heap after GC invocations=96 (full 6):
 PSYoungGen      total 5120K, used 986K [0x00000000eab00000, 0x00000000eb300000, 0x0000000100000000)
  eden space 4096K, 0% used [0x00000000eab00000,0x00000000eab00000,0x00000000eaf00000)
  from space 1024K, 96% used [0x00000000eb200000,0x00000000eb2f6900,0x00000000eb300000)
  to   space 2048K, 0% used [0x00000000eaf00000,0x00000000eaf00000,0x00000000eb100000)
 ParOldGen       total 170496K, used 129701K [0x00000000c0000000, 0x00000000ca680000, 0x00000000eab00000)
  object space 170496K, 76% used [0x00000000c0000000,0x00000000c7ea95a8,0x00000000ca680000)
 Metaspace       used 63556K, capacity 66802K, committed 67032K, reserved 1107968K
  class space    used 6365K, capacity 7579K, committed 7680K, reserved 1048576K
}
Event: 65.312 GC heap before
{Heap before GC invocations=97 (full 6):
 PSYoungGen      total 5120K, used 5082K [0x00000000eab00000, 0x00000000eb300000, 0x0000000100000000)
  eden space 4096K, 100% used [0x00000000eab00000,0x00000000eaf00000,0x00000000eaf00000)
  from space 1024K, 96% used [0x00000000eb200000,0x00000000eb2f6900,0x00000000eb300000)
  to   space 2048K, 0% used [0x00000000eaf00000,0x00000000eaf00000,0x00000000eb100000)
 ParOldGen       total 170496K, used 129701K [0x00000000c0000000, 0x00000000ca680000, 0x00000000eab00000)
  object space 170496K, 76% used [0x00000000c0000000,0x00000000c7ea95a8,0x00000000ca680000)
 Metaspace       used 63614K, capacity 66875K, committed 67032K, reserved 1107968K
  class space    used 6366K, capacity 7581K, committed 7680K, reserved 1048576K
}
Event: 65.317 GC heap after
{Heap after GC invocations=97 (full 6):
 PSYoungGen      total 6144K, used 1540K [0x00000000eab00000, 0x00000000eb400000, 0x0000000100000000)
  eden space 4096K, 0% used [0x00000000eab00000,0x00000000eab00000,0x00000000eaf00000)
  from space 2048K, 75% used [0x00000000eaf00000,0x00000000eb081210,0x00000000eb100000)
  to   space 2048K, 0% used [0x00000000eb200000,0x00000000eb200000,0x00000000eb400000)
 ParOldGen       total 170496K, used 130633K [0x00000000c0000000, 0x00000000ca680000, 0x00000000eab00000)
  object space 170496K, 76% used [0x00000000c0000000,0x00000000c7f927c8,0x00000000ca680000)
 Metaspace       used 63614K, capacity 66875K, committed 67032K, reserved 1107968K
  class space    used 6366K, capacity 7581K, committed 7680K, reserved 1048576K
}
Event: 65.487 GC heap before
{Heap before GC invocations=98 (full 6):
 PSYoungGen      total 6144K, used 5636K [0x00000000eab00000, 0x00000000eb400000, 0x0000000100000000)
  eden space 4096K, 100% used [0x00000000eab00000,0x00000000eaf00000,0x00000000eaf00000)
  from space 2048K, 75% used [0x00000000eaf00000,0x00000000eb081210,0x00000000eb100000)
  to   space 2048K, 0% used [0x00000000eb200000,0x00000000eb200000,0x00000000eb400000)
 ParOldGen       total 170496K, used 130633K [0x00000000c0000000, 0x00000000ca680000, 0x00000000eab00000)
  object space 170496K, 76% used [0x00000000c0000000,0x00000000c7f927c8,0x00000000ca680000)
 Metaspace       used 63646K, capacity 66875K, committed 67032K, reserved 1107968K
  class space    used 6366K, capacity 7581K, committed 7680K, reserved 1048576K
}
Event: 65.501 GC heap after
{Heap after GC invocations=98 (full 6):
 PSYoungGen      total 7168K, used 1622K [0x00000000eab00000, 0x00000000eb400000, 0x0000000100000000)
  eden space 5120K, 0% used [0x00000000eab00000,0x00000000eab00000,0x00000000eb000000)
  from space 2048K, 79% used [0x00000000eb200000,0x00000000eb3958f0,0x00000000eb400000)
  to   space 2048K, 0% used [0x00000000eb000000,0x00000000eb000000,0x00000000eb200000)
 ParOldGen       total 170496K, used 131690K [0x00000000c0000000, 0x00000000ca680000, 0x00000000eab00000)
  object space 170496K, 77% used [0x00000000c0000000,0x00000000c809a9f8,0x00000000ca680000)
 Metaspace       used 63646K, capacity 66875K, committed 67032K, reserved 1107968K
  class space    used 6366K, capacity 7581K, committed 7680K, reserved 1048576K
}
Event: 65.553 GC heap before
{Heap before GC invocations=99 (full 6):
 PSYoungGen      total 7168K, used 6742K [0x00000000eab00000, 0x00000000eb400000, 0x0000000100000000)
  eden space 5120K, 100% used [0x00000000eab00000,0x00000000eb000000,0x00000000eb000000)
  from space 2048K, 79% used [0x00000000eb200000,0x00000000eb3958f0,0x00000000eb400000)
  to   space 2048K, 0% used [0x00000000eb000000,0x00000000eb000000,0x00000000eb200000)
 ParOldGen       total 170496K, used 131690K [0x00000000c0000000, 0x00000000ca680000, 0x00000000eab00000)
  object space 170496K, 77% used [0x00000000c0000000,0x00000000c809a9f8,0x00000000ca680000)
 Metaspace       used 63646K, capacity 66875K, committed 67032K, reserved 1107968K
  class space    used 6366K, capacity 7581K, committed 7680K, reserved 1048576K
}
Event: 65.559 GC heap after
{Heap after GC invocations=99 (full 6):
 PSYoungGen      total 7168K, used 2048K [0x00000000eab00000, 0x00000000ebf80000, 0x0000000100000000)
  eden space 5120K, 0% used [0x00000000eab00000,0x00000000eab00000,0x00000000eb000000)
  from space 2048K, 100% used [0x00000000eb000000,0x00000000eb200000,0x00000000eb200000)
  to   space 7680K, 0% used [0x00000000eb800000,0x00000000eb800000,0x00000000ebf80000)
 ParOldGen       total 170496K, used 136172K [0x00000000c0000000, 0x00000000ca680000, 0x00000000eab00000)
  object space 170496K, 79% used [0x00000000c0000000,0x00000000c84fb308,0x00000000ca680000)
 Metaspace       used 63646K, capacity 66875K, committed 67032K, reserved 1107968K
  class space    used 6366K, capacity 7581K, committed 7680K, reserved 1048576K
}
Event: 65.607 GC heap before
{Heap before GC invocations=100 (full 6):
 PSYoungGen      total 7168K, used 7167K [0x00000000eab00000, 0x00000000ebf80000, 0x0000000100000000)
  eden space 5120K, 99% used [0x00000000eab00000,0x00000000eafffff8,0x00000000eb000000)
  from space 2048K, 100% used [0x00000000eb000000,0x00000000eb200000,0x00000000eb200000)
  to   space 7680K, 0% used [0x00000000eb800000,0x00000000eb800000,0x00000000ebf80000)
 ParOldGen       total 170496K, used 136172K [0x00000000c0000000, 0x00000000ca680000, 0x00000000eab00000)
  object space 170496K, 79% used [0x00000000c0000000,0x00000000c84fb308,0x00000000ca680000)
 Metaspace       used 63656K, capacity 66875K, committed 67032K, reserved 1107968K
  class space    used 6366K, capacity 7581K, committed 7680K, reserved 1048576K
}
Event: 65.615 GC heap after
{Heap after GC invocations=100 (full 6):
 PSYoungGen      total 8704K, used 2772K [0x00000000eab00000, 0x00000000ebb00000, 0x0000000100000000)
  eden space 5632K, 0% used [0x00000000eab00000,0x00000000eab00000,0x00000000eb080000)
  from space 3072K, 90% used [0x00000000eb800000,0x00000000ebab5200,0x00000000ebb00000)
  to   space 4608K, 0% used [0x00000000eb200000,0x00000000eb200000,0x00000000eb680000)
 ParOldGen       total 170496K, used 138252K [0x00000000c0000000, 0x00000000ca680000, 0x00000000eab00000)
  object space 170496K, 81% used [0x00000000c0000000,0x00000000c8703308,0x00000000ca680000)
 Metaspace       used 63656K, capacity 66875K, committed 67032K, reserved 1107968K
  class space    used 6366K, capacity 7581K, committed 7680K, reserved 1048576K
}
Event: 65.680 GC heap before
{Heap before GC invocations=101 (full 6):
 PSYoungGen      total 8704K, used 8404K [0x00000000eab00000, 0x00000000ebb00000, 0x0000000100000000)
  eden space 5632K, 100% used [0x00000000eab00000,0x00000000eb080000,0x00000000eb080000)
  from space 3072K, 90% used [0x00000000eb800000,0x00000000ebab5200,0x00000000ebb00000)
  to   space 4608K, 0% used [0x00000000eb200000,0x00000000eb200000,0x00000000eb680000)
 ParOldGen       total 170496K, used 138252K [0x00000000c0000000, 0x00000000ca680000, 0x00000000eab00000)
  object space 170496K, 81% used [0x00000000c0000000,0x00000000c8703308,0x00000000ca680000)
 Metaspace       used 63683K, capacity 66939K, committed 67288K, reserved 1110016K
  class space    used 6366K, capacity 7581K, committed 7680K, reserved 1048576K
}
Event: 65.691 GC heap after
{Heap after GC invocations=101 (full 6):
 PSYoungGen      total 10240K, used 3494K [0x00000000eab00000, 0x00000000eb980000, 0x0000000100000000)
  eden space 6656K, 0% used [0x00000000eab00000,0x00000000eab00000,0x00000000eb180000)
  from space 3584K, 97% used [0x00000000eb200000,0x00000000eb569ba0,0x00000000eb580000)
  to   space 4096K, 0% used [0x00000000eb580000,0x00000000eb580000,0x00000000eb980000)
 ParOldGen       total 170496K, used 140965K [0x00000000c0000000, 0x00000000ca680000, 0x00000000eab00000)
  object space 170496K, 82% used [0x00000000c0000000,0x00000000c89a9728,0x00000000ca680000)
 Metaspace       used 63683K, capacity 66939K, committed 67288K, reserved 1110016K
  class space    used 6366K, capacity 7581K, committed 7680K, reserved 1048576K
}
Event: 65.762 GC heap before
{Heap before GC invocations=102 (full 6):
 PSYoungGen      total 10240K, used 10150K [0x00000000eab00000, 0x00000000eb980000, 0x0000000100000000)
  eden space 6656K, 100% used [0x00000000eab00000,0x00000000eb180000,0x00000000eb180000)
  from space 3584K, 97% used [0x00000000eb200000,0x00000000eb569ba0,0x00000000eb580000)
  to   space 4096K, 0% used [0x00000000eb580000,0x00000000eb580000,0x00000000eb980000)
 ParOldGen       total 170496K, used 140965K [0x00000000c0000000, 0x00000000ca680000, 0x00000000eab00000)
  object space 170496K, 82% used [0x00000000c0000000,0x00000000c89a9728,0x00000000ca680000)
 Metaspace       used 63684K, capacity 66939K, committed 67288K, reserved 1110016K
  class space    used 6366K, capacity 7581K, committed 7680K, reserved 1048576K
}
Event: 65.775 GC heap after
{Heap after GC invocations=102 (full 6):
 PSYoungGen      total 10240K, used 4086K [0x00000000eab00000, 0x00000000ebb80000, 0x0000000100000000)
  eden space 6144K, 0% used [0x00000000eab00000,0x00000000eab00000,0x00000000eb100000)
  from space 4096K, 99% used [0x00000000eb580000,0x00000000eb97da40,0x00000000eb980000)
  to   space 4608K, 0% used [0x00000000eb100000,0x00000000eb100000,0x00000000eb580000)
 ParOldGen       total 170496K, used 142655K [0x00000000c0000000, 0x00000000ca680000, 0x00000000eab00000)
  object space 170496K, 83% used [0x00000000c0000000,0x00000000c8b4fdc8,0x00000000ca680000)
 Metaspace       used 63684K, capacity 66939K, committed 67288K, reserved 1110016K
  class space    used 6366K, capacity 7581K, committed 7680K, reserved 1048576K
}
Event: 74.808 GC heap before
{Heap before GC invocations=103 (full 6):
 PSYoungGen      total 10240K, used 10230K [0x00000000eab00000, 0x00000000ebb80000, 0x0000000100000000)
  eden space 6144K, 100% used [0x00000000eab00000,0x00000000eb100000,0x00000000eb100000)
  from space 4096K, 99% used [0x00000000eb580000,0x00000000eb97da40,0x00000000eb980000)
  to   space 4608K, 0% used [0x00000000eb100000,0x00000000eb100000,0x00000000eb580000)
 ParOldGen       total 170496K, used 142655K [0x00000000c0000000, 0x00000000ca680000, 0x00000000eab00000)
  object space 170496K, 83% used [0x00000000c0000000,0x00000000c8b4fdc8,0x00000000ca680000)
 Metaspace       used 63716K, capacity 66942K, committed 67288K, reserved 1110016K
  class space    used 6369K, capacity 7582K, committed 7680K, reserved 1048576K
}
Event: 74.813 GC heap after
{Heap after GC invocations=103 (full 6):
 PSYoungGen      total 7168K, used 564K [0x00000000eab00000, 0x00000000eb600000, 0x0000000100000000)
  eden space 6144K, 0% used [0x00000000eab00000,0x00000000eab00000,0x00000000eb100000)
  from space 1024K, 55% used [0x00000000eb100000,0x00000000eb18d200,0x00000000eb200000)
  to   space 2048K, 0% used [0x00000000eb400000,0x00000000eb400000,0x00000000eb600000)
 ParOldGen       total 170496K, used 145879K [0x00000000c0000000, 0x00000000ca680000, 0x00000000eab00000)
  object space 170496K, 85% used [0x00000000c0000000,0x00000000c8e75c98,0x00000000ca680000)
 Metaspace       used 63716K, capacity 66942K, committed 67288K, reserved 1110016K
  class space    used 6369K, capacity 7582K, committed 7680K, reserved 1048576K
}
Event: 144.243 GC heap before
{Heap before GC invocations=104 (full 6):
 PSYoungGen      total 7168K, used 6697K [0x00000000eab00000, 0x00000000eb600000, 0x0000000100000000)
  eden space 6144K, 99% used [0x00000000eab00000,0x00000000eb0fd560,0x00000000eb100000)
  from space 1024K, 55% used [0x00000000eb100000,0x00000000eb18d200,0x00000000eb200000)
  to   space 2048K, 0% used [0x00000000eb400000,0x00000000eb400000,0x00000000eb600000)
 ParOldGen       total 170496K, used 145879K [0x00000000c0000000, 0x00000000ca680000, 0x00000000eab00000)
  object space 170496K, 85% used [0x00000000c0000000,0x00000000c8e75c98,0x00000000ca680000)
 Metaspace       used 64301K, capacity 67594K, committed 67800K, reserved 1110016K
  class space    used 6426K, capacity 7650K, committed 7680K, reserved 1048576K
}
Event: 144.249 GC heap after
{Heap after GC invocations=104 (full 6):
 PSYoungGen      total 7680K, used 192K [0x00000000eab00000, 0x00000000eb480000, 0x0000000100000000)
  eden space 7168K, 0% used [0x00000000eab00000,0x00000000eab00000,0x00000000eb200000)
  from space 512K, 37% used [0x00000000eb400000,0x00000000eb430000,0x00000000eb480000)
  to   space 1024K, 0% used [0x00000000eb280000,0x00000000eb280000,0x00000000eb380000)
 ParOldGen       total 170496K, used 145887K [0x00000000c0000000, 0x00000000ca680000, 0x00000000eab00000)
  object space 170496K, 85% used [0x00000000c0000000,0x00000000c8e77c98,0x00000000ca680000)
 Metaspace       used 64301K, capacity 67594K, committed 67800K, reserved 1110016K
  class space    used 6426K, capacity 7650K, committed 7680K, reserved 1048576K
}
Event: 144.401 GC heap before
{Heap before GC invocations=105 (full 6):
 PSYoungGen      total 7680K, used 4215K [0x00000000eab00000, 0x00000000eb480000, 0x0000000100000000)
  eden space 7168K, 56% used [0x00000000eab00000,0x00000000eaeede20,0x00000000eb200000)
  from space 512K, 37% used [0x00000000eb400000,0x00000000eb430000,0x00000000eb480000)
  to   space 1024K, 0% used [0x00000000eb280000,0x00000000eb280000,0x00000000eb380000)
 ParOldGen       total 170496K, used 145887K [0x00000000c0000000, 0x00000000ca680000, 0x00000000eab00000)
  object space 170496K, 85% used [0x00000000c0000000,0x00000000c8e77c98,0x00000000ca680000)
 Metaspace       used 64673K, capacity 67990K, committed 68056K, reserved 1110016K
  class space    used 6453K, capacity 7654K, committed 7680K, reserved 1048576K
}
Event: 144.406 GC heap after
{Heap after GC invocations=105 (full 6):
 PSYoungGen      total 8192K, used 1016K [0x00000000eab00000, 0x00000000eb480000, 0x0000000100000000)
  eden space 7168K, 0% used [0x00000000eab00000,0x00000000eab00000,0x00000000eb200000)
  from space 1024K, 99% used [0x00000000eb280000,0x00000000eb37e298,0x00000000eb380000)
  to   space 512K, 0% used [0x00000000eb400000,0x00000000eb400000,0x00000000eb480000)
 ParOldGen       total 170496K, used 147515K [0x00000000c0000000, 0x00000000ca680000, 0x00000000eab00000)
  object space 170496K, 86% used [0x00000000c0000000,0x00000000c900eeb8,0x00000000ca680000)
 Metaspace       used 64673K, capacity 67990K, committed 68056K, reserved 1110016K
  class space    used 6453K, capacity 7654K, committed 7680K, reserved 1048576K
}
Event: 144.406 GC heap before
{Heap before GC invocations=106 (full 7):
 PSYoungGen      total 8192K, used 1016K [0x00000000eab00000, 0x00000000eb480000, 0x0000000100000000)
  eden space 7168K, 0% used [0x00000000eab00000,0x00000000eab00000,0x00000000eb200000)
  from space 1024K, 99% used [0x00000000eb280000,0x00000000eb37e298,0x00000000eb380000)
  to   space 512K, 0% used [0x00000000eb400000,0x00000000eb400000,0x00000000eb480000)
 ParOldGen       total 170496K, used 147515K [0x00000000c0000000, 0x00000000ca680000, 0x00000000eab00000)
  object space 170496K, 86% used [0x00000000c0000000,0x00000000c900eeb8,0x00000000ca680000)
 Metaspace       used 64673K, capacity 67990K, committed 68056K, reserved 1110016K
  class space    used 6453K, capacity 7654K, committed 7680K, reserved 1048576K
}

Deoptimization events (20 events):
Event: 144.267 Thread 0x00000177a1519000 Uncommon trap: trap_request=0xffffff4d fr.pc=0x0000017791adc1b4 relative=0x00000000000053d4
Event: 144.267 Thread 0x00000177a1519000 Uncommon trap: reason=unstable_if action=reinterpret pc=0x0000017791adc1b4 method=org.eclipse.jdt.internal.core.Openable.exists()Z @ 16 c2
Event: 144.267 Thread 0x00000177a1519000 DEOPT PACKING pc=0x0000017791adc1b4 sp=0x00000050601fdfa0
Event: 144.267 Thread 0x00000177a1519000 DEOPT UNPACKING pc=0x0000017789c2a1af sp=0x00000050601fdff8 mode 2
Event: 144.267 Thread 0x00000177a1519000 Uncommon trap: trap_request=0xffffffde fr.pc=0x0000017791b04094 relative=0x00000000000050b4
Event: 144.267 Thread 0x00000177a1519000 Uncommon trap: reason=class_check action=maybe_recompile pc=0x0000017791b04094 method=org.eclipse.jdt.internal.core.Openable.resource()Lorg/eclipse/core/resources/IResource; @ 24 c2
Event: 144.267 Thread 0x00000177a1519000 DEOPT PACKING pc=0x0000017791b04094 sp=0x00000050601fdf20
Event: 144.267 Thread 0x00000177a1519000 DEOPT UNPACKING pc=0x0000017789c2a1af sp=0x00000050601fdf70 mode 2
Event: 144.267 Thread 0x00000177a1519000 Uncommon trap: trap_request=0xffffffde fr.pc=0x0000017791b04094 relative=0x00000000000050b4
Event: 144.267 Thread 0x00000177a1519000 Uncommon trap: reason=class_check action=maybe_recompile pc=0x0000017791b04094 method=org.eclipse.jdt.internal.core.Openable.resource()Lorg/eclipse/core/resources/IResource; @ 24 c2
Event: 144.267 Thread 0x00000177a1519000 DEOPT PACKING pc=0x0000017791b04094 sp=0x00000050601fdf20
Event: 144.267 Thread 0x00000177a1519000 DEOPT UNPACKING pc=0x0000017789c2a1af sp=0x00000050601fdf70 mode 2
Event: 144.367 Thread 0x00000177a1519000 Uncommon trap: trap_request=0xffffff4d fr.pc=0x0000017791742cf8 relative=0x0000000000000518
Event: 144.367 Thread 0x00000177a1519000 Uncommon trap: reason=unstable_if action=reinterpret pc=0x0000017791742cf8 method=java.lang.StringCoding.decode(Ljava/nio/charset/Charset;[BII)Ljava/lang/StringCoding$Result; @ 4 c2
Event: 144.367 Thread 0x00000177a1519000 DEOPT PACKING pc=0x0000017791742cf8 sp=0x00000050601fd970
Event: 144.367 Thread 0x00000177a1519000 DEOPT UNPACKING pc=0x0000017789c2a1af sp=0x00000050601fd880 mode 2
Event: 144.367 Thread 0x00000177a1519000 Uncommon trap: trap_request=0xffffff4d fr.pc=0x00000177917438c8 relative=0x0000000000000468
Event: 144.367 Thread 0x00000177a1519000 Uncommon trap: reason=unstable_if action=reinterpret pc=0x00000177917438c8 method=java.lang.StringCoding.decode(Ljava/nio/charset/Charset;[BII)Ljava/lang/StringCoding$Result; @ 4 c2
Event: 144.367 Thread 0x00000177a1519000 DEOPT PACKING pc=0x00000177917438c8 sp=0x00000050601fd8d0
Event: 144.367 Thread 0x00000177a1519000 DEOPT UNPACKING pc=0x0000017789c2a1af sp=0x00000050601fd878 mode 2

Classes redefined (0 events):
No events

Internal exceptions (20 events):
Event: 65.283 Thread 0x00000177a1519000 Exception <a 'java/lang/ArrayIndexOutOfBoundsException'{0x00000000eae72900}> (0x00000000eae72900) thrown at [./src/hotspot/share/runtime/sharedRuntime.cpp, line 606]
Event: 65.287 Thread 0x00000177a1519000 Exception <a 'java/lang/ArrayIndexOutOfBoundsException'{0x00000000eaef2a28}> (0x00000000eaef2a28) thrown at [./src/hotspot/share/runtime/sharedRuntime.cpp, line 606]
Event: 65.319 Thread 0x00000177a1519000 Exception <a 'java/lang/ArrayIndexOutOfBoundsException'{0x00000000eab2c988}> (0x00000000eab2c988) thrown at [./src/hotspot/share/runtime/sharedRuntime.cpp, line 606]
Event: 65.374 Thread 0x00000177a1519000 Exception <a 'java/lang/ArrayIndexOutOfBoundsException'{0x00000000eabffaa8}> (0x00000000eabffaa8) thrown at [./src/hotspot/share/runtime/sharedRuntime.cpp, line 606]
Event: 65.374 Thread 0x00000177a1519000 Exception <a 'java/lang/ArrayIndexOutOfBoundsException'{0x00000000eabffdc8}> (0x00000000eabffdc8) thrown at [./src/hotspot/share/runtime/sharedRuntime.cpp, line 606]
Event: 86.972 Thread 0x00000177a1519000 Exception <a 'java/lang/ArrayIndexOutOfBoundsException'{0x00000000eac632b0}: Index 14 out of bounds for length 14> (0x00000000eac632b0) thrown at [./src/hotspot/share/interpreter/interpreterRuntime.cpp, line 444]
Event: 87.218 Thread 0x00000177a1519000 Exception <a 'java/lang/ArrayIndexOutOfBoundsException'{0x00000000eaccb0e0}: Index 8 out of bounds for length 8> (0x00000000eaccb0e0) thrown at [./src/hotspot/share/interpreter/interpreterRuntime.cpp, line 444]
Event: 87.218 Thread 0x00000177a1519000 Exception <a 'java/lang/ArrayIndexOutOfBoundsException'{0x00000000eaccbdc8}: Index 9 out of bounds for length 9> (0x00000000eaccbdc8) thrown at [./src/hotspot/share/interpreter/interpreterRuntime.cpp, line 444]
Event: 87.218 Thread 0x00000177a1519000 Exception <a 'java/lang/ArrayIndexOutOfBoundsException'{0x00000000eaccc608}: Index 9 out of bounds for length 9> (0x00000000eaccc608) thrown at [./src/hotspot/share/interpreter/interpreterRuntime.cpp, line 444]
Event: 87.218 Thread 0x00000177a1519000 Exception <a 'java/lang/ArrayIndexOutOfBoundsException'{0x00000000eaccd018}: Index 9 out of bounds for length 9> (0x00000000eaccd018) thrown at [./src/hotspot/share/interpreter/interpreterRuntime.cpp, line 444]
Event: 87.225 Thread 0x00000177a1519000 Exception <a 'java/lang/ArrayIndexOutOfBoundsException'{0x00000000ead89b28}: Index 9 out of bounds for length 9> (0x00000000ead89b28) thrown at [./src/hotspot/share/interpreter/interpreterRuntime.cpp, line 444]
Event: 87.511 Thread 0x00000177a1519000 Exception <a 'java/lang/ArrayIndexOutOfBoundsException'{0x00000000eae50fb8}: Index 621 out of bounds for length 621> (0x00000000eae50fb8) thrown at [./src/hotspot/share/interpreter/interpreterRuntime.cpp, line 444]
Event: 87.512 Thread 0x00000177a1519000 Exception <a 'java/lang/ArrayIndexOutOfBoundsException'{0x00000000eae7eef0}: Index 8 out of bounds for length 8> (0x00000000eae7eef0) thrown at [./src/hotspot/share/interpreter/interpreterRuntime.cpp, line 444]
Event: 87.512 Thread 0x00000177a1519000 Exception <a 'java/lang/ArrayIndexOutOfBoundsException'{0x00000000eae7f930}: Index 9 out of bounds for length 9> (0x00000000eae7f930) thrown at [./src/hotspot/share/interpreter/interpreterRuntime.cpp, line 444]
Event: 87.512 Thread 0x00000177a1519000 Exception <a 'java/lang/ArrayIndexOutOfBoundsException'{0x00000000eae80170}: Index 9 out of bounds for length 9> (0x00000000eae80170) thrown at [./src/hotspot/share/interpreter/interpreterRuntime.cpp, line 444]
Event: 87.512 Thread 0x00000177a1519000 Exception <a 'java/lang/ArrayIndexOutOfBoundsException'{0x00000000eae80b80}: Index 9 out of bounds for length 9> (0x00000000eae80b80) thrown at [./src/hotspot/share/interpreter/interpreterRuntime.cpp, line 444]
Event: 87.519 Thread 0x00000177a1519000 Exception <a 'java/lang/ArrayIndexOutOfBoundsException'{0x00000000eaf3ce60}: Index 9 out of bounds for length 9> (0x00000000eaf3ce60) thrown at [./src/hotspot/share/interpreter/interpreterRuntime.cpp, line 444]
Event: 144.159 Thread 0x00000177a1519000 Exception <a 'java/lang/ArrayIndexOutOfBoundsException'{0x00000000eafdf980}> (0x00000000eafdf980) thrown at [./src/hotspot/share/runtime/sharedRuntime.cpp, line 606]
Event: 144.165 Thread 0x00000177a1519000 Exception <a 'java/lang/ArrayIndexOutOfBoundsException'{0x00000000eb09b328}> (0x00000000eb09b328) thrown at [./src/hotspot/share/runtime/sharedRuntime.cpp, line 606]
Event: 144.239 Thread 0x00000177a1519000 Implicit null exception at 0x00000177919fccb9 to 0x00000177919fd6c8

Events (20 events):
Event: 87.511 Thread 0x00000177acb28800 Thread added: 0x00000177acb28800
Event: 92.641 Thread 0x00000177acb28800 Thread exited: 0x00000177acb28800
Event: 118.838 Thread 0x00000177a04e7000 Thread exited: 0x00000177a04e7000
Event: 118.838 Thread 0x00000177a04e6000 Thread exited: 0x00000177a04e6000
Event: 118.854 Thread 0x000001779df8a800 Thread exited: 0x000001779df8a800
Event: 118.870 Thread 0x00000177a04ec800 Thread exited: 0x00000177a04ec800
Event: 144.183 Thread 0x00000177acb28800 Thread added: 0x00000177acb28800
Event: 144.187 Executing VM operation: Deoptimize
Event: 144.195 Executing VM operation: Deoptimize done
Event: 144.228 loading class org/eclipse/jdt/core/search/SearchPattern
Event: 144.228 loading class org/eclipse/jdt/core/search/SearchPattern done
Event: 144.243 Executing VM operation: ParallelGCFailedAllocation
Event: 144.249 Executing VM operation: ParallelGCFailedAllocation done
Event: 144.276 loading class java/nio/file/FileSystemNotFoundException
Event: 144.277 loading class java/nio/file/FileSystemNotFoundException done
Event: 144.296 loading class java/nio/file/AccessDeniedException
Event: 144.296 loading class java/nio/file/AccessDeniedException done
Event: 144.351 Executing VM operation: Deoptimize
Event: 144.352 Executing VM operation: Deoptimize done
Event: 144.400 Executing VM operation: CollectForMetadataAllocation


Dynamic libraries:
0x00007ff6a17c0000 - 0x00007ff6a17cd000 	C:\Program Files\Amazon Corretto\jdk11.0.12_7\bin\java.exe
0x00007ffda1690000 - 0x00007ffda1885000 	C:\WINDOWS\SYSTEM32\ntdll.dll
0x00007ffda0210000 - 0x00007ffda02cd000 	C:\WINDOWS\System32\KERNEL32.DLL
0x00007ffd9eff0000 - 0x00007ffd9f2b9000 	C:\WINDOWS\System32\KERNELBASE.dll
0x00007ffd9f4f0000 - 0x00007ffd9f5f0000 	C:\WINDOWS\System32\ucrtbase.dll
0x00007ffd90710000 - 0x00007ffd90727000 	C:\Program Files\Amazon Corretto\jdk11.0.12_7\bin\jli.dll
0x00007ffda0070000 - 0x00007ffda0210000 	C:\WINDOWS\System32\USER32.dll
0x00007ffd9f4c0000 - 0x00007ffd9f4e2000 	C:\WINDOWS\System32\win32u.dll
0x00007ffda0040000 - 0x00007ffda006a000 	C:\WINDOWS\System32\GDI32.dll
0x00007ffd9eee0000 - 0x00007ffd9efeb000 	C:\WINDOWS\System32\gdi32full.dll
0x00007ffd9f2c0000 - 0x00007ffd9f35d000 	C:\WINDOWS\System32\msvcp_win.dll
0x00007ffd80f80000 - 0x00007ffd8121a000 	C:\WINDOWS\WinSxS\amd64_microsoft.windows.common-controls_6595b64144ccf1df_6.0.19041.1110_none_60b5254171f9507e\COMCTL32.dll
0x00007ffd9fb20000 - 0x00007ffd9fbbe000 	C:\WINDOWS\System32\msvcrt.dll
0x00007ffd8d6a0000 - 0x00007ffd8d6b9000 	C:\Program Files\Amazon Corretto\jdk11.0.12_7\bin\VCRUNTIME140.dll
0x00007ffd9f9e0000 - 0x00007ffd9fa10000 	C:\WINDOWS\System32\IMM32.DLL
0x00007ffd81490000 - 0x00007ffd8152b000 	C:\Program Files\Amazon Corretto\jdk11.0.12_7\bin\msvcp140.dll
0x00007ffd6ac50000 - 0x00007ffd6b7aa000 	C:\Program Files\Amazon Corretto\jdk11.0.12_7\bin\server\jvm.dll
0x00007ffda1390000 - 0x00007ffda143c000 	C:\WINDOWS\System32\ADVAPI32.dll
0x00007ffd9fa80000 - 0x00007ffd9fb1b000 	C:\WINDOWS\System32\sechost.dll
0x00007ffd9f700000 - 0x00007ffd9f82a000 	C:\WINDOWS\System32\RPCRT4.dll
0x00007ffda08c0000 - 0x00007ffda08c8000 	C:\WINDOWS\System32\PSAPI.DLL
0x00007ffd8c8d0000 - 0x00007ffd8c8d9000 	C:\WINDOWS\SYSTEM32\WSOCK32.dll
0x00007ffd9fa10000 - 0x00007ffd9fa7b000 	C:\WINDOWS\System32\WS2_32.dll
0x00007ffd98730000 - 0x00007ffd98757000 	C:\WINDOWS\SYSTEM32\WINMM.dll
0x00007ffd90f30000 - 0x00007ffd90f3a000 	C:\WINDOWS\SYSTEM32\VERSION.dll
0x00007ffd9d650000 - 0x00007ffd9d662000 	C:\WINDOWS\SYSTEM32\kernel.appcore.dll
0x00007ffd9a0f0000 - 0x00007ffd9a100000 	C:\Program Files\Amazon Corretto\jdk11.0.12_7\bin\verify.dll
0x00007ffd9d360000 - 0x00007ffd9d544000 	C:\WINDOWS\SYSTEM32\DBGHELP.DLL
0x00007ffd8a8b0000 - 0x00007ffd8a8dc000 	C:\WINDOWS\SYSTEM32\dbgcore.DLL
0x00007ffd9f5f0000 - 0x00007ffd9f673000 	C:\WINDOWS\System32\bcryptPrimitives.dll
0x00007ffd89ea0000 - 0x00007ffd89ec8000 	C:\Program Files\Amazon Corretto\jdk11.0.12_7\bin\java.dll
0x00007ffd98a90000 - 0x00007ffd98a9a000 	C:\Program Files\Amazon Corretto\jdk11.0.12_7\bin\jimage.dll
0x00007ffd89f50000 - 0x00007ffd89f67000 	C:\Program Files\Amazon Corretto\jdk11.0.12_7\bin\zip.dll
0x00007ffda08d0000 - 0x00007ffda100f000 	C:\WINDOWS\System32\SHELL32.dll
0x00007ffd9caf0000 - 0x00007ffd9d281000 	C:\WINDOWS\SYSTEM32\windows.storage.dll
0x00007ffda02d0000 - 0x00007ffda0625000 	C:\WINDOWS\System32\combase.dll
0x00007ffd9e7d0000 - 0x00007ffd9e7fc000 	C:\WINDOWS\SYSTEM32\Wldp.dll
0x00007ffda1280000 - 0x00007ffda132e000 	C:\WINDOWS\System32\SHCORE.dll
0x00007ffda1330000 - 0x00007ffda1385000 	C:\WINDOWS\System32\shlwapi.dll
0x00007ffd9ed10000 - 0x00007ffd9ed2f000 	C:\WINDOWS\SYSTEM32\profapi.dll
0x00007ffd81e30000 - 0x00007ffd81e49000 	C:\Program Files\Amazon Corretto\jdk11.0.12_7\bin\net.dll
0x00007ffd91a80000 - 0x00007ffd91b8a000 	C:\WINDOWS\SYSTEM32\WINHTTP.dll
0x00007ffd9e510000 - 0x00007ffd9e57a000 	C:\WINDOWS\system32\mswsock.dll
0x00007ffd81a10000 - 0x00007ffd81a22000 	C:\Program Files\Amazon Corretto\jdk11.0.12_7\bin\nio.dll
0x00007ffd9e710000 - 0x00007ffd9e728000 	C:\WINDOWS\SYSTEM32\CRYPTSP.dll
0x00007ffd9de30000 - 0x00007ffd9de64000 	C:\WINDOWS\system32\rsaenh.dll
0x00007ffd9f680000 - 0x00007ffd9f6a7000 	C:\WINDOWS\System32\bcrypt.dll
0x00007ffd9ec90000 - 0x00007ffd9ecbe000 	C:\WINDOWS\SYSTEM32\USERENV.dll
0x00007ffd9e730000 - 0x00007ffd9e73c000 	C:\WINDOWS\SYSTEM32\CRYPTBASE.dll
0x00007ffd9e1a0000 - 0x00007ffd9e1db000 	C:\WINDOWS\SYSTEM32\IPHLPAPI.DLL
0x00007ffda0030000 - 0x00007ffda0038000 	C:\WINDOWS\System32\NSI.dll
0x00007ffd90dd0000 - 0x00007ffd90de7000 	C:\WINDOWS\SYSTEM32\dhcpcsvc6.DLL
0x00007ffd90ea0000 - 0x00007ffd90ebd000 	C:\WINDOWS\SYSTEM32\dhcpcsvc.DLL
0x00007ffd9e1e0000 - 0x00007ffd9e2ac000 	C:\WINDOWS\SYSTEM32\DNSAPI.dll
0x00007ffd7fba0000 - 0x00007ffd7fbde000 	C:\Users\kisho\AppData\Roaming\Code\User\globalStorage\redhat.java\0.80.0\config_win\org.eclipse.equinox.launcher\org.eclipse.equinox.launcher.win32.win32.x86_64_1.2.300.v20210617-0451\eclipse_11502.dll
0x00007ffd81690000 - 0x00007ffd816a1000 	C:\Users\kisho\AppData\Roaming\Code\User\globalStorage\redhat.java\0.80.0\config_win\org.eclipse.osgi\23\0\.cp\jWinHttp-1.0.0.dll
0x00007ffda1010000 - 0x00007ffda113a000 	C:\WINDOWS\System32\ole32.dll
0x00007ffd9a070000 - 0x00007ffd9a07e000 	C:\Program Files\Amazon Corretto\jdk11.0.12_7\bin\sunmscapi.dll
0x00007ffd9f360000 - 0x00007ffd9f4bf000 	C:\WINDOWS\System32\CRYPT32.dll
0x00007ffd9e840000 - 0x00007ffd9e867000 	C:\WINDOWS\SYSTEM32\ncrypt.dll
0x00007ffd9e800000 - 0x00007ffd9e83b000 	C:\WINDOWS\SYSTEM32\NTASN1.dll
0x00007ffd81660000 - 0x00007ffd81685000 	C:\Program Files\Amazon Corretto\jdk11.0.12_7\bin\sunec.dll
0x00007ffd8d3a0000 - 0x00007ffd8d3aa000 	C:\Windows\System32\rasadhlp.dll
0x00007ffd8d4c0000 - 0x00007ffd8d53f000 	C:\WINDOWS\System32\fwpuclnt.dll

dbghelp: loaded successfully - version: 4.0.5 - missing functions: none
symbol engine: initialized successfully - sym options: 0x614 - pdb path: .;C:\Program Files\Amazon Corretto\jdk11.0.12_7\bin;C:\WINDOWS\SYSTEM32;C:\WINDOWS\WinSxS\amd64_microsoft.windows.common-controls_6595b64144ccf1df_6.0.19041.1110_none_60b5254171f9507e;C:\Program Files\Amazon Corretto\jdk11.0.12_7\bin\server;C:\Users\kisho\AppData\Roaming\Code\User\globalStorage\redhat.java\0.80.0\config_win\org.eclipse.equinox.launcher\org.eclipse.equinox.launcher.win32.win32.x86_64_1.2.300.v20210617-0451;C:\Users\kisho\AppData\Roaming\Code\User\globalStorage\redhat.java\0.80.0\config_win\org.eclipse.osgi\23\0\.cp

VM Arguments:
jvm_args: --add-modules=ALL-SYSTEM --add-opens=java.base/java.util=ALL-UNNAMED --add-opens=java.base/java.lang=ALL-UNNAMED -Declipse.application=org.eclipse.jdt.ls.core.id1 -Dosgi.bundles.defaultStartLevel=4 -Declipse.product=org.eclipse.jdt.ls.core.product -Dfile.encoding=utf8 -DwatchParentProcess=false -XX:+UseParallelGC -XX:GCTimeRatio=4 -XX:AdaptiveSizePolicyWeight=90 -Dsun.zip.disableMemoryMapping=true -Xmx1G -Xms100m -Xverify:none 
java_command: c:\Users\kisho\.vscode\extensions\redhat.java-0.80.0\server\plugins\org.eclipse.equinox.launcher_1.6.200.v20210416-2027.jar -configuration c:\Users\kisho\AppData\Roaming\Code\User\globalStorage\redhat.java\0.80.0\config_win -data c:\Users\kisho\AppData\Roaming\Code\User\workspaceStorage\1ed5e1a7b40611359d03b18dca1d5c5a\redhat.java\jdt_ws
java_class_path (initial): c:\Users\kisho\.vscode\extensions\redhat.java-0.80.0\server\plugins\org.eclipse.equinox.launcher_1.6.200.v20210416-2027.jar
Launcher Type: SUN_STANDARD

[Global flags]
    uintx AdaptiveSizePolicyWeight                 = 90                                        {product} {command line}
     bool BytecodeVerificationLocal                = false                                     {product} {command line}
     bool BytecodeVerificationRemote               = false                                     {product} {command line}
     intx CICompilerCount                          = 3                                         {product} {ergonomic}
    uintx GCTimeRatio                              = 4                                         {product} {command line}
   size_t InitialHeapSize                          = 104857600                                 {product} {command line}
   size_t MaxHeapSize                              = 1073741824                                {product} {command line}
   size_t MaxNewSize                               = 357564416                                 {product} {ergonomic}
   size_t MinHeapDeltaBytes                        = 524288                                    {product} {ergonomic}
   size_t NewSize                                  = 34603008                                  {product} {ergonomic}
    uintx NonNMethodCodeHeapSize                   = 5830732                                {pd product} {ergonomic}
    uintx NonProfiledCodeHeapSize                  = 122913754                              {pd product} {ergonomic}
   size_t OldSize                                  = 70254592                                  {product} {ergonomic}
    uintx ProfiledCodeHeapSize                     = 122913754                              {pd product} {ergonomic}
    uintx ReservedCodeCacheSize                    = 251658240                              {pd product} {ergonomic}
     bool SegmentedCodeCache                       = true                                      {product} {ergonomic}
     bool UseCompressedClassPointers               = true                                 {lp64_product} {ergonomic}
     bool UseCompressedOops                        = true                                 {lp64_product} {ergonomic}
     bool UseLargePagesIndividualAllocation        = false                                  {pd product} {ergonomic}
     bool UseParallelGC                            = true                                      {product} {command line}

Logging:
Log output configuration:
 #0: stdout all=warning uptime,level,tags
 #1: stderr all=off uptime,level,tags

Environment Variables:
JAVA_HOME=C:\Program Files\Amazon Corretto\jdk11.0.12_7
CLASSPATH=C:\apache-tomcat-8.0.27-windows-x86\apache-tomcat-8.0.27\lib\servlet-api.jar
PATH=C:\Program Files\Amazon Corretto\jdk11.0.12_7\bin;C:\Program Files (x86)\Common Files\Oracle\Java\javapath;C:\Program Files\nodejs\;C:\Program Files\Amazon Corretto\jdk11.0.12_7\bin;C:\Program Files\apache-maven-3.8.1\bin;C:\Windows\System32;C:\Program Files\Microsoft VS Code\bin;C:\Users\kisho\AppData\Local\Microsoft\WindowsApps;C:\Users\kisho\AppData\Local\Programs\Python\Python39;C:\Users\kisho\AppData\Local\Programs\Python\Python39\Scripts;C:\Program Files\JetBrains\PyCharm Community Edition 2020.2.3\bin;C:\Users\kisho\AppData\Local\Microsoft\WindowsApps;C:\Users\kisho\AppData\Roaming\npm;C:\Users\kisho\AppData\Local\GitHubDesktop\bin;C:\Program Files\Java\jdk-11.0.10\bin;C:\Program Files\Java\apache-maven-3.8.1\bin
USERNAME=kisho
OS=Windows_NT
PROCESSOR_IDENTIFIER=Intel64 Family 6 Model 142 Stepping 10, GenuineIntel



---------------  S Y S T E M  ---------------

OS: Windows 10 , 64 bit Build 19041 (10.0.19041.1023)
OS uptime: 0 days 6:42 hours
Hyper-V role detected

CPU:total 4 (initial active 4) (2 cores per cpu, 2 threads per core) family 6 model 142 stepping 10 microcode 0xe0, cmov, cx8, fxsr, mmx, sse, sse2, sse3, ssse3, sse4.1, sse4.2, popcnt, avx, avx2, aes, clmul, erms, 3dnowpref, lzcnt, ht, tsc, tscinvbit, bmi1, bmi2, adx, fma

Memory: 4k page, system-wide physical 12197M (1998M free)
TotalPageFile size 12197M (AvailPageFile size 66M)
current process WorkingSet (physical memory assigned to process): 329M, peak: 393M
current process commit charge ("private bytes"): 377M, peak: 451M

vm_info: OpenJDK 64-Bit Server VM (11.0.12+7-LTS) for windows-amd64 JRE (11.0.12+7-LTS), built on Jul 13 2021 17:58:36 by "Administrator" with unknown MS VC++:1916

END.
