#
# There is insufficient memory for the Java Runtime Environment to continue.
# Native memory allocation (malloc) failed to allocate 768576 bytes for Chunk::new
# Possible reasons:
#   The system is out of physical RAM or swap space
#   The process is running with CompressedOops enabled, and the Java Heap may be blocking the growth of the native heap
# Possible solutions:
#   Reduce memory load on the system
#   Increase physical memory or swap space
#   Check if swap backing store is full
#   Decrease Java heap size (-Xmx/-Xms)
#   Decrease number of Java threads
#   Decrease Java thread stack sizes (-Xss)
#   Set larger code cache with -XX:ReservedCodeCacheSize=
#   JVM is running with Unscaled Compressed Oops mode in which the Java heap is
#     placed in the first 4GB address space. The Java Heap base address is the
#     maximum limit for the native heap growth. Please use -XX:HeapBaseMinAddress
#     to set the Java Heap base and to place the Java Heap above 4GB virtual address.
# This output file may be truncated or incomplete.
#
#  Out of Memory Error (./src/hotspot/share/memory/arena.cpp:197), pid=13156, tid=22352
#
# JRE version: OpenJDK Runtime Environment Corretto-11.0.12.7.1 (11.0.12+7) (build 11.0.12+7-LTS)
# Java VM: OpenJDK 64-Bit Server VM Corretto-11.0.12.7.1 (11.0.12+7-LTS, mixed mode, tiered, compressed oops, parallel gc, windows-amd64)
# No core dump will be written. Minidumps are not enabled by default on client versions of Windows
#

---------------  S U M M A R Y ------------

Command Line: --add-modules=ALL-SYSTEM --add-opens=java.base/java.util=ALL-UNNAMED --add-opens=java.base/java.lang=ALL-UNNAMED -Declipse.application=org.eclipse.jdt.ls.core.id1 -Dosgi.bundles.defaultStartLevel=4 -Declipse.product=org.eclipse.jdt.ls.core.product -Dfile.encoding=utf8 -DwatchParentProcess=false -XX:+UseParallelGC -XX:GCTimeRatio=4 -XX:AdaptiveSizePolicyWeight=90 -Dsun.zip.disableMemoryMapping=true -Xmx1G -Xms100m -Xverify:none c:\Users\kisho\.vscode\extensions\redhat.java-0.80.0\server\plugins\org.eclipse.equinox.launcher_1.6.200.v20210416-2027.jar -configuration c:\Users\kisho\AppData\Roaming\Code\User\globalStorage\redhat.java\0.80.0\config_win -data c:\Users\kisho\AppData\Roaming\Code\User\workspaceStorage\1ed5e1a7b40611359d03b18dca1d5c5a\redhat.java\jdt_ws

Host: Intel(R) Core(TM) i3-7020U CPU @ 2.30GHz, 4 cores, 11G,  Windows 10 , 64 bit Build 19041 (10.0.19041.1023)
Time: Fri Jul 23 23:53:27 2021 India Standard Time elapsed time: 51.527573 seconds (0d 0h 0m 51s)

---------------  T H R E A D  ---------------

Current thread (0x000001fbf88f1800):  JavaThread "C2 CompilerThread0" daemon [_thread_in_native, id=22352, stack(0x000000d676200000,0x000000d676300000)]


Current CompileTask:
C2:  51527 5944       4       java.lang.reflect.AccessibleObject::checkAccess (40 bytes)

Stack: [0x000000d676200000,0x000000d676300000]
Native frames: (J=compiled Java code, j=interpreted, Vv=VM code, C=native code)
V  [jvm.dll+0x601d7a]
V  [jvm.dll+0x78b45e]
V  [jvm.dll+0x78cb2f]
V  [jvm.dll+0x78d1f3]
V  [jvm.dll+0x24bc58]
V  [jvm.dll+0xc219c]
V  [jvm.dll+0xc275c]
V  [jvm.dll+0x2bdc14]
V  [jvm.dll+0x512c49]
V  [jvm.dll+0x20d4dd]
V  [jvm.dll+0x2074b4]
V  [jvm.dll+0x2045fa]
V  [jvm.dll+0x18990c]
V  [jvm.dll+0x213b57]
V  [jvm.dll+0x211d1b]
V  [jvm.dll+0x74f509]
V  [jvm.dll+0x748574]
V  [jvm.dll+0x600c16]
C  [ucrtbase.dll+0x21bb2]
C  [KERNEL32.DLL+0x17034]
C  [ntdll.dll+0x52651]


---------------  P R O C E S S  ---------------

Threads class SMR info:
_java_thread_list=0x000001fbfd588f40, length=27, elements={
0x000001fbeb8cd000, 0x000001fbf88d0800, 0x000001fbf88d1800, 0x000001fbf9a92800,
0x000001fbf88ef000, 0x000001fbf88f0800, 0x000001fbf88f1800, 0x000001fbf88f4800,
0x000001fbf893d000, 0x000001fbf9ba2000, 0x000001fbf9e0e800, 0x000001fbfa3f7000,
0x000001fbfaa5b000, 0x000001fbf9c16000, 0x000001fbfa434000, 0x000001fbfa64a000,
0x000001fbfa17c800, 0x000001fbfaa58000, 0x000001fbfa5de000, 0x000001fbfa5e0000,
0x000001fbfa5dc800, 0x000001fbfa5e1800, 0x000001fbfa5dc000, 0x000001fbfa5e2800,
0x000001fbfa5dd800, 0x000001fbfa5df000, 0x000001fbfa54e000
}

Java Threads: ( => current thread )
  0x000001fbeb8cd000 JavaThread "main" [_thread_blocked, id=36200, stack(0x000000d675a00000,0x000000d675b00000)]
  0x000001fbf88d0800 JavaThread "Reference Handler" daemon [_thread_blocked, id=55652, stack(0x000000d675d00000,0x000000d675e00000)]
  0x000001fbf88d1800 JavaThread "Finalizer" daemon [_thread_blocked, id=34168, stack(0x000000d675e00000,0x000000d675f00000)]
  0x000001fbf9a92800 JavaThread "Signal Dispatcher" daemon [_thread_blocked, id=37092, stack(0x000000d675f00000,0x000000d676000000)]
  0x000001fbf88ef000 JavaThread "Attach Listener" daemon [_thread_blocked, id=43772, stack(0x000000d676000000,0x000000d676100000)]
  0x000001fbf88f0800 JavaThread "Service Thread" daemon [_thread_blocked, id=55748, stack(0x000000d676100000,0x000000d676200000)]
=>0x000001fbf88f1800 JavaThread "C2 CompilerThread0" daemon [_thread_in_native, id=22352, stack(0x000000d676200000,0x000000d676300000)]
  0x000001fbf88f4800 JavaThread "C1 CompilerThread0" daemon [_thread_blocked, id=51096, stack(0x000000d676300000,0x000000d676400000)]
  0x000001fbf893d000 JavaThread "Sweeper thread" daemon [_thread_blocked, id=28136, stack(0x000000d676400000,0x000000d676500000)]
  0x000001fbf9ba2000 JavaThread "Common-Cleaner" daemon [_thread_blocked, id=49300, stack(0x000000d676500000,0x000000d676600000)]
  0x000001fbf9e0e800 JavaThread "Active Thread: Equinox Container: 37d3afe2-4b5c-46f4-b4b7-a03df5746efd" [_thread_blocked, id=56892, stack(0x000000d676700000,0x000000d676800000)]
  0x000001fbfa3f7000 JavaThread "Framework Event Dispatcher: Equinox Container: 37d3afe2-4b5c-46f4-b4b7-a03df5746efd" daemon [_thread_blocked, id=35296, stack(0x000000d676800000,0x000000d676900000)]
  0x000001fbfaa5b000 JavaThread "Start Level: Equinox Container: 37d3afe2-4b5c-46f4-b4b7-a03df5746efd" daemon [_thread_blocked, id=53940, stack(0x000000d676900000,0x000000d676a00000)]
  0x000001fbf9c16000 JavaThread "SCR Component Actor" daemon [_thread_blocked, id=16660, stack(0x000000d676d00000,0x000000d676e00000)]
  0x000001fbfa434000 JavaThread "Worker-JM" [_thread_blocked, id=26316, stack(0x000000d676f00000,0x000000d677000000)]
  0x000001fbfa64a000 JavaThread "Worker-0" [_thread_blocked, id=22536, stack(0x000000d677000000,0x000000d677100000)]
  0x000001fbfa17c800 JavaThread "Worker-1: Building" [_thread_in_Java, id=24088, stack(0x000000d677100000,0x000000d677200000)]
  0x000001fbfaa58000 JavaThread "Worker-2: Register Watchers" [_thread_blocked, id=38060, stack(0x000000d677200000,0x000000d677300000)]
  0x000001fbfa5de000 JavaThread "Java indexing" daemon [_thread_blocked, id=14376, stack(0x000000d677300000,0x000000d677400000)]
  0x000001fbfa5e0000 JavaThread "logback configurator timer" daemon [_thread_blocked, id=17452, stack(0x000000d676e00000,0x000000d676f00000)]
  0x000001fbfa5dc800 JavaThread "pool-2-thread-1" [_thread_in_native, id=36848, stack(0x000000d677400000,0x000000d677500000)]
  0x000001fbfa5e1800 JavaThread "Worker-3: Initialize workspace" [_thread_blocked, id=23996, stack(0x000000d677800000,0x000000d677900000)]
  0x000001fbfa5dc000 JavaThread "Worker-4" [_thread_blocked, id=29676, stack(0x000000d677500000,0x000000d677600000)]
  0x000001fbfa5e2800 JavaThread "Bundle File Closer" daemon [_thread_blocked, id=11480, stack(0x000000d677900000,0x000000d677a00000)]
  0x000001fbfa5dd800 JavaThread "ForkJoinPool.commonPool-worker-3" daemon [_thread_blocked, id=13328, stack(0x000000d677b00000,0x000000d677c00000)]
  0x000001fbfa5df000 JavaThread "ForkJoinPool.commonPool-worker-5" daemon [_thread_blocked, id=49820, stack(0x000000d677c00000,0x000000d677d00000)]
  0x000001fbfa54e000 JavaThread "ForkJoinPool.commonPool-worker-7" daemon [_thread_blocked, id=15168, stack(0x000000d677d00000,0x000000d677e00000)]

Other Threads:
  0x000001fbf8807800 VMThread "VM Thread" [stack: 0x000000d675c00000,0x000000d675d00000] [id=9980]
  0x000001fbf9c77800 WatcherThread [stack: 0x000000d676600000,0x000000d676700000] [id=48508]
  0x000001fbeb8e4800 GCTaskThread "ParGC Thread#0" [stack: 0x000000d675b00000,0x000000d675c00000] [id=21732]
  0x000001fbfa033000 GCTaskThread "ParGC Thread#1" [stack: 0x000000d676a00000,0x000000d676b00000] [id=37060]
  0x000001fbfa034000 GCTaskThread "ParGC Thread#2" [stack: 0x000000d676b00000,0x000000d676c00000] [id=27772]
  0x000001fbf9e89800 GCTaskThread "ParGC Thread#3" [stack: 0x000000d676c00000,0x000000d676d00000] [id=39472]

Threads with active compile tasks:
C2 CompilerThread0  51764 5944       4       java.lang.reflect.AccessibleObject::checkAccess (40 bytes)

VM state:not at safepoint (normal execution)

VM Mutex/Monitor currently owned by a thread: None

Heap address: 0x00000000c0000000, size: 1024 MB, Compressed Oops mode: 32-bit
Narrow klass base: 0x0000000000000000, Narrow klass shift: 3
Compressed class space size: 1073741824 Address: 0x0000000100000000

Heap:
 PSYoungGen      total 24064K, used 18840K [0x00000000eab00000, 0x00000000ec780000, 0x0000000100000000)
  eden space 22016K, 77% used [0x00000000eab00000,0x00000000ebba6388,0x00000000ec080000)
  from space 2048K, 87% used [0x00000000ec580000,0x00000000ec740000,0x00000000ec780000)
  to   space 3584K, 0% used [0x00000000ec080000,0x00000000ec080000,0x00000000ec400000)
 ParOldGen       total 124416K, used 73427K [0x00000000c0000000, 0x00000000c7980000, 0x00000000eab00000)
  object space 124416K, 59% used [0x00000000c0000000,0x00000000c47b4f88,0x00000000c7980000)
 Metaspace       used 50687K, capacity 53450K, committed 53632K, reserved 1097728K
  class space    used 5213K, capacity 6210K, committed 6272K, reserved 1048576K

Card table byte_map: [0x000001fbf59b0000,0x000001fbf5bc0000] _byte_map_base: 0x000001fbf53b0000

Marking Bits: (ParMarkBitMap*) 0x00007ffa699fcdf0
 Begin Bits: [0x000001fbf5d20000, 0x000001fbf6d20000)
 End Bits:   [0x000001fbf6d20000, 0x000001fbf7d20000)

Polling page: 0x000001fbeb9b0000

Metaspace:

Usage:
  Non-class:     46.13 MB capacity,    44.41 MB ( 96%) used,     1.62 MB (  4%) free+waste,   103.25 KB ( <1%) overhead. 
      Class:      6.06 MB capacity,     5.09 MB ( 84%) used,   947.50 KB ( 15%) free+waste,    48.88 KB ( <1%) overhead. 
       Both:     52.20 MB capacity,    49.50 MB ( 95%) used,     2.55 MB (  5%) free+waste,   152.13 KB ( <1%) overhead. 

Virtual space:
  Non-class space:       48.00 MB reserved,      46.25 MB ( 96%) committed 
      Class space:        1.00 GB reserved,       6.13 MB ( <1%) committed 
             Both:        1.05 GB reserved,      52.38 MB (  5%) committed 

Chunk freelists:
   Non-Class:  56.00 KB
       Class:  0 bytes
        Both:  56.00 KB

MaxMetaspaceSize: 17179869184.00 GB
CompressedClassSpaceSize: 1.00 GB
Initial GC threshold: 20.80 MB
Current GC threshold: 86.46 MB
CDS: off

CodeHeap 'non-profiled nmethods': size=120064Kb used=3663Kb max_used=3663Kb free=116400Kb
 bounds [0x000001fb87ac0000, 0x000001fb87e60000, 0x000001fb8f000000]
CodeHeap 'profiled nmethods': size=120000Kb used=13537Kb max_used=13537Kb free=106462Kb
 bounds [0x000001fb80590000, 0x000001fb812d0000, 0x000001fb87ac0000]
CodeHeap 'non-nmethods': size=5696Kb used=1295Kb max_used=1350Kb free=4401Kb
 bounds [0x000001fb80000000, 0x000001fb80270000, 0x000001fb80590000]
 total_blobs=6554 nmethods=5967 adapters=500
 compilation: enabled
              stopped_count=0, restarted_count=0
 full_count=0

Compilation events (20 events):
Event: 51.349 Thread 0x000001fbf88f4800 5963       3       org.apache.maven.model.io.xpp3.MavenXpp3Reader::parsePlugin (506 bytes)
Event: 51.356 Thread 0x000001fbf88f4800 nmethod 5963 0x000001fb812a8190 code [0x000001fb812a8880, 0x000001fb812abc18]
Event: 51.356 Thread 0x000001fbf88f4800 5964       3       org.eclipse.aether.internal.impl.DefaultRemoteRepositoryManager::aggregateRepositories (336 bytes)
Event: 51.362 Thread 0x000001fbf88f4800 nmethod 5964 0x000001fb812ace90 code [0x000001fb812ad360, 0x000001fb812afed8]
Event: 51.362 Thread 0x000001fbf88f4800 5965       3       org.eclipse.aether.artifact.AbstractArtifact::setVersion (40 bytes)
Event: 51.364 Thread 0x000001fbf88f4800 nmethod 5965 0x000001fb812b1090 code [0x000001fb812b1300, 0x000001fb812b1cc8]
Event: 51.364 Thread 0x000001fbf88f4800 5966       3       java.util.Properties::keys (11 bytes)
Event: 51.364 Thread 0x000001fbf88f4800 nmethod 5966 0x000001fb812b1f90 code [0x000001fb812b21a0, 0x000001fb812b2788]
Event: 51.365 Thread 0x000001fbf88f4800 5968       1       org.apache.maven.model.Parent::getRelativePath (5 bytes)
Event: 51.365 Thread 0x000001fbf88f4800 nmethod 5968 0x000001fb87e4f490 code [0x000001fb87e4f640, 0x000001fb87e4f6f8]
Event: 51.367 Thread 0x000001fbf88f4800 5969       3       org.eclipse.aether.repository.RepositoryPolicy::<init> (38 bytes)
Event: 51.367 Thread 0x000001fbf88f4800 nmethod 5969 0x000001fb812b2a10 code [0x000001fb812b2bc0, 0x000001fb812b2e18]
Event: 51.368 Thread 0x000001fbf88f4800 5970       3       java.util.ArrayList::checkForComodification (17 bytes)
Event: 51.368 Thread 0x000001fbf88f4800 nmethod 5970 0x000001fb812b2f10 code [0x000001fb812b30e0, 0x000001fb812b3288]
Event: 51.405 Thread 0x000001fbf88f4800 5971  s    3       java.io.BufferedInputStream::available (35 bytes)
Event: 51.406 Thread 0x000001fbf88f4800 nmethod 5971 0x000001fb812b3390 code [0x000001fb812b3580, 0x000001fb812b3a78]
Event: 51.406 Thread 0x000001fbf88f4800 5972       1       org.apache.maven.model.Model::setPackaging (6 bytes)
Event: 51.406 Thread 0x000001fbf88f4800 nmethod 5972 0x000001fb87e4f790 code [0x000001fb87e4f940, 0x000001fb87e4fa18]
Event: 51.407 Thread 0x000001fbf88f4800 5973       1       org.apache.maven.model.building.DefaultModelBuildingRequest::getWorkspaceModelResolver (5 bytes)
Event: 51.407 Thread 0x000001fbf88f4800 nmethod 5973 0x000001fb87e4fa90 code [0x000001fb87e4fc40, 0x000001fb87e4fcf8]

GC Heap History (20 events):
Event: 42.102 GC heap before
{Heap before GC invocations=17 (full 2):
 PSYoungGen      total 23040K, used 22935K [0x00000000eab00000, 0x00000000ec600000, 0x0000000100000000)
  eden space 19968K, 99% used [0x00000000eab00000,0x00000000ebe7bef8,0x00000000ebe80000)
  from space 3072K, 97% used [0x00000000ec200000,0x00000000ec4ea080,0x00000000ec500000)
  to   space 3584K, 0% used [0x00000000ebe80000,0x00000000ebe80000,0x00000000ec200000)
 ParOldGen       total 68608K, used 31671K [0x00000000c0000000, 0x00000000c4300000, 0x00000000eab00000)
  object space 68608K, 46% used [0x00000000c0000000,0x00000000c1eedf80,0x00000000c4300000)
 Metaspace       used 48054K, capacity 50765K, committed 50816K, reserved 1093632K
  class space    used 4993K, capacity 5985K, committed 6016K, reserved 1048576K
}
Event: 42.179 GC heap after
{Heap after GC invocations=17 (full 2):
 PSYoungGen      total 23040K, used 2841K [0x00000000eab00000, 0x00000000ec480000, 0x0000000100000000)
  eden space 19968K, 0% used [0x00000000eab00000,0x00000000eab00000,0x00000000ebe80000)
  from space 3072K, 92% used [0x00000000ebe80000,0x00000000ec146510,0x00000000ec180000)
  to   space 3072K, 0% used [0x00000000ec180000,0x00000000ec180000,0x00000000ec480000)
 ParOldGen       total 68608K, used 34607K [0x00000000c0000000, 0x00000000c4300000, 0x00000000eab00000)
  object space 68608K, 50% used [0x00000000c0000000,0x00000000c21cbc90,0x00000000c4300000)
 Metaspace       used 48054K, capacity 50765K, committed 50816K, reserved 1093632K
  class space    used 4993K, capacity 5985K, committed 6016K, reserved 1048576K
}
Event: 42.448 GC heap before
{Heap before GC invocations=18 (full 2):
 PSYoungGen      total 23040K, used 22809K [0x00000000eab00000, 0x00000000ec480000, 0x0000000100000000)
  eden space 19968K, 100% used [0x00000000eab00000,0x00000000ebe80000,0x00000000ebe80000)
  from space 3072K, 92% used [0x00000000ebe80000,0x00000000ec146510,0x00000000ec180000)
  to   space 3072K, 0% used [0x00000000ec180000,0x00000000ec180000,0x00000000ec480000)
 ParOldGen       total 68608K, used 49927K [0x00000000c0000000, 0x00000000c4300000, 0x00000000eab00000)
  object space 68608K, 72% used [0x00000000c0000000,0x00000000c30c1ca0,0x00000000c4300000)
 Metaspace       used 48166K, capacity 50893K, committed 51072K, reserved 1093632K
  class space    used 5000K, capacity 5985K, committed 6016K, reserved 1048576K
}
Event: 42.470 GC heap after
{Heap after GC invocations=18 (full 2):
 PSYoungGen      total 20480K, used 352K [0x00000000eab00000, 0x00000000ec200000, 0x0000000100000000)
  eden space 19968K, 0% used [0x00000000eab00000,0x00000000eab00000,0x00000000ebe80000)
  from space 512K, 68% used [0x00000000ec180000,0x00000000ec1d8000,0x00000000ec200000)
  to   space 1536K, 0% used [0x00000000ebf00000,0x00000000ebf00000,0x00000000ec080000)
 ParOldGen       total 68608K, used 52481K [0x00000000c0000000, 0x00000000c4300000, 0x00000000eab00000)
  object space 68608K, 76% used [0x00000000c0000000,0x00000000c3340420,0x00000000c4300000)
 Metaspace       used 48166K, capacity 50893K, committed 51072K, reserved 1093632K
  class space    used 5000K, capacity 5985K, committed 6016K, reserved 1048576K
}
Event: 42.589 GC heap before
{Heap before GC invocations=19 (full 2):
 PSYoungGen      total 20480K, used 20320K [0x00000000eab00000, 0x00000000ec200000, 0x0000000100000000)
  eden space 19968K, 100% used [0x00000000eab00000,0x00000000ebe80000,0x00000000ebe80000)
  from space 512K, 68% used [0x00000000ec180000,0x00000000ec1d8000,0x00000000ec200000)
  to   space 1536K, 0% used [0x00000000ebf00000,0x00000000ebf00000,0x00000000ec080000)
 ParOldGen       total 68608K, used 63490K [0x00000000c0000000, 0x00000000c4300000, 0x00000000eab00000)
  object space 68608K, 92% used [0x00000000c0000000,0x00000000c3e009c0,0x00000000c4300000)
 Metaspace       used 48175K, capacity 50893K, committed 51072K, reserved 1093632K
  class space    used 5001K, capacity 5985K, committed 6016K, reserved 1048576K
}
Event: 42.646 GC heap after
{Heap after GC invocations=19 (full 2):
 PSYoungGen      total 21504K, used 160K [0x00000000eab00000, 0x00000000ec200000, 0x0000000100000000)
  eden space 19968K, 0% used [0x00000000eab00000,0x00000000eab00000,0x00000000ebe80000)
  from space 1536K, 10% used [0x00000000ebf00000,0x00000000ebf28000,0x00000000ec080000)
  to   space 512K, 0% used [0x00000000ec180000,0x00000000ec180000,0x00000000ec200000)
 ParOldGen       total 79872K, used 74792K [0x00000000c0000000, 0x00000000c4e00000, 0x00000000eab00000)
  object space 79872K, 93% used [0x00000000c0000000,0x00000000c490a2b8,0x00000000c4e00000)
 Metaspace       used 48175K, capacity 50893K, committed 51072K, reserved 1093632K
  class space    used 5001K, capacity 5985K, committed 6016K, reserved 1048576K
}
Event: 42.646 GC heap before
{Heap before GC invocations=20 (full 3):
 PSYoungGen      total 21504K, used 160K [0x00000000eab00000, 0x00000000ec200000, 0x0000000100000000)
  eden space 19968K, 0% used [0x00000000eab00000,0x00000000eab00000,0x00000000ebe80000)
  from space 1536K, 10% used [0x00000000ebf00000,0x00000000ebf28000,0x00000000ec080000)
  to   space 512K, 0% used [0x00000000ec180000,0x00000000ec180000,0x00000000ec200000)
 ParOldGen       total 79872K, used 74792K [0x00000000c0000000, 0x00000000c4e00000, 0x00000000eab00000)
  object space 79872K, 93% used [0x00000000c0000000,0x00000000c490a2b8,0x00000000c4e00000)
 Metaspace       used 48175K, capacity 50893K, committed 51072K, reserved 1093632K
  class space    used 5001K, capacity 5985K, committed 6016K, reserved 1048576K
}
Event: 43.591 GC heap after
{Heap after GC invocations=20 (full 3):
 PSYoungGen      total 20480K, used 0K [0x00000000eab00000, 0x00000000ec200000, 0x0000000100000000)
  eden space 19968K, 0% used [0x00000000eab00000,0x00000000eab00000,0x00000000ebe80000)
  from space 512K, 0% used [0x00000000ec180000,0x00000000ec180000,0x00000000ec200000)
  to   space 512K, 0% used [0x00000000ec100000,0x00000000ec100000,0x00000000ec180000)
 ParOldGen       total 96256K, used 58193K [0x00000000c0000000, 0x00000000c5e00000, 0x00000000eab00000)
  object space 96256K, 60% used [0x00000000c0000000,0x00000000c38d4438,0x00000000c5e00000)
 Metaspace       used 48175K, capacity 50893K, committed 51072K, reserved 1093632K
  class space    used 5001K, capacity 5985K, committed 6016K, reserved 1048576K
}
Event: 43.961 GC heap before
{Heap before GC invocations=21 (full 3):
 PSYoungGen      total 20480K, used 19968K [0x00000000eab00000, 0x00000000ec200000, 0x0000000100000000)
  eden space 19968K, 100% used [0x00000000eab00000,0x00000000ebe80000,0x00000000ebe80000)
  from space 512K, 0% used [0x00000000ec180000,0x00000000ec180000,0x00000000ec200000)
  to   space 512K, 0% used [0x00000000ec100000,0x00000000ec100000,0x00000000ec180000)
 ParOldGen       total 96256K, used 58193K [0x00000000c0000000, 0x00000000c5e00000, 0x00000000eab00000)
  object space 96256K, 60% used [0x00000000c0000000,0x00000000c38d4438,0x00000000c5e00000)
 Metaspace       used 48782K, capacity 51570K, committed 51712K, reserved 1095680K
  class space    used 5052K, capacity 6063K, committed 6144K, reserved 1048576K
}
Event: 44.037 GC heap after
{Heap after GC invocations=21 (full 3):
 PSYoungGen      total 20480K, used 512K [0x00000000eab00000, 0x00000000ed580000, 0x0000000100000000)
  eden space 19968K, 0% used [0x00000000eab00000,0x00000000eab00000,0x00000000ebe80000)
  from space 512K, 100% used [0x00000000ec100000,0x00000000ec180000,0x00000000ec180000)
  to   space 11776K, 0% used [0x00000000eca00000,0x00000000eca00000,0x00000000ed580000)
 ParOldGen       total 96256K, used 67329K [0x00000000c0000000, 0x00000000c5e00000, 0x00000000eab00000)
  object space 96256K, 69% used [0x00000000c0000000,0x00000000c41c0438,0x00000000c5e00000)
 Metaspace       used 48782K, capacity 51570K, committed 51712K, reserved 1095680K
  class space    used 5052K, capacity 6063K, committed 6144K, reserved 1048576K
}
Event: 44.344 GC heap before
{Heap before GC invocations=22 (full 3):
 PSYoungGen      total 20480K, used 20480K [0x00000000eab00000, 0x00000000ed580000, 0x0000000100000000)
  eden space 19968K, 100% used [0x00000000eab00000,0x00000000ebe80000,0x00000000ebe80000)
  from space 512K, 100% used [0x00000000ec100000,0x00000000ec180000,0x00000000ec180000)
  to   space 11776K, 0% used [0x00000000eca00000,0x00000000eca00000,0x00000000ed580000)
 ParOldGen       total 96256K, used 67329K [0x00000000c0000000, 0x00000000c5e00000, 0x00000000eab00000)
  object space 96256K, 69% used [0x00000000c0000000,0x00000000c41c0438,0x00000000c5e00000)
 Metaspace       used 49427K, capacity 52148K, committed 52224K, reserved 1095680K
  class space    used 5128K, capacity 6140K, committed 6144K, reserved 1048576K
}
Event: 44.370 GC heap after
{Heap after GC invocations=22 (full 3):
 PSYoungGen      total 27648K, used 11776K [0x00000000eab00000, 0x00000000edd80000, 0x0000000100000000)
  eden space 15872K, 0% used [0x00000000eab00000,0x00000000eab00000,0x00000000eba80000)
  from space 11776K, 100% used [0x00000000eca00000,0x00000000ed580000,0x00000000ed580000)
  to   space 15872K, 0% used [0x00000000eba80000,0x00000000eba80000,0x00000000eca00000)
 ParOldGen       total 96256K, used 69733K [0x00000000c0000000, 0x00000000c5e00000, 0x00000000eab00000)
  object space 96256K, 72% used [0x00000000c0000000,0x00000000c4419448,0x00000000c5e00000)
 Metaspace       used 49427K, capacity 52148K, committed 52224K, reserved 1095680K
  class space    used 5128K, capacity 6140K, committed 6144K, reserved 1048576K
}
Event: 44.588 GC heap before
{Heap before GC invocations=23 (full 3):
 PSYoungGen      total 27648K, used 27648K [0x00000000eab00000, 0x00000000edd80000, 0x0000000100000000)
  eden space 15872K, 100% used [0x00000000eab00000,0x00000000eba80000,0x00000000eba80000)
  from space 11776K, 100% used [0x00000000eca00000,0x00000000ed580000,0x00000000ed580000)
  to   space 15872K, 0% used [0x00000000eba80000,0x00000000eba80000,0x00000000eca00000)
 ParOldGen       total 96256K, used 69733K [0x00000000c0000000, 0x00000000c5e00000, 0x00000000eab00000)
  object space 96256K, 72% used [0x00000000c0000000,0x00000000c4419448,0x00000000c5e00000)
 Metaspace       used 49673K, capacity 52436K, committed 52608K, reserved 1095680K
  class space    used 5148K, capacity 6172K, committed 6272K, reserved 1048576K
}
Event: 44.670 GC heap after
{Heap after GC invocations=23 (full 3):
 PSYoungGen      total 31744K, used 11584K [0x00000000eab00000, 0x00000000ed880000, 0x0000000100000000)
  eden space 15872K, 0% used [0x00000000eab00000,0x00000000eab00000,0x00000000eba80000)
  from space 15872K, 72% used [0x00000000eba80000,0x00000000ec5d0020,0x00000000eca00000)
  to   space 12800K, 0% used [0x00000000ecc00000,0x00000000ecc00000,0x00000000ed880000)
 ParOldGen       total 96256K, used 81533K [0x00000000c0000000, 0x00000000c5e00000, 0x00000000eab00000)
  object space 96256K, 84% used [0x00000000c0000000,0x00000000c4f9f468,0x00000000c5e00000)
 Metaspace       used 49673K, capacity 52436K, committed 52608K, reserved 1095680K
  class space    used 5148K, capacity 6172K, committed 6272K, reserved 1048576K
}
Event: 46.741 GC heap before
{Heap before GC invocations=24 (full 3):
 PSYoungGen      total 31744K, used 27456K [0x00000000eab00000, 0x00000000ed880000, 0x0000000100000000)
  eden space 15872K, 100% used [0x00000000eab00000,0x00000000eba80000,0x00000000eba80000)
  from space 15872K, 72% used [0x00000000eba80000,0x00000000ec5d0020,0x00000000eca00000)
  to   space 12800K, 0% used [0x00000000ecc00000,0x00000000ecc00000,0x00000000ed880000)
 ParOldGen       total 96256K, used 81533K [0x00000000c0000000, 0x00000000c5e00000, 0x00000000eab00000)
  object space 96256K, 84% used [0x00000000c0000000,0x00000000c4f9f468,0x00000000c5e00000)
 Metaspace       used 50241K, capacity 52993K, committed 53120K, reserved 1095680K
  class space    used 5190K, capacity 6208K, committed 6272K, reserved 1048576K
}
Event: 46.772 GC heap after
{Heap after GC invocations=24 (full 3):
 PSYoungGen      total 21504K, used 5440K [0x00000000eab00000, 0x00000000ed180000, 0x0000000100000000)
  eden space 15872K, 0% used [0x00000000eab00000,0x00000000eab00000,0x00000000eba80000)
  from space 5632K, 96% used [0x00000000ecc00000,0x00000000ed150020,0x00000000ed180000)
  to   space 8192K, 0% used [0x00000000ec180000,0x00000000ec180000,0x00000000ec980000)
 ParOldGen       total 96256K, used 93069K [0x00000000c0000000, 0x00000000c5e00000, 0x00000000eab00000)
  object space 96256K, 96% used [0x00000000c0000000,0x00000000c5ae3468,0x00000000c5e00000)
 Metaspace       used 50241K, capacity 52993K, committed 53120K, reserved 1095680K
  class space    used 5190K, capacity 6208K, committed 6272K, reserved 1048576K
}
Event: 46.772 GC heap before
{Heap before GC invocations=25 (full 4):
 PSYoungGen      total 21504K, used 5440K [0x00000000eab00000, 0x00000000ed180000, 0x0000000100000000)
  eden space 15872K, 0% used [0x00000000eab00000,0x00000000eab00000,0x00000000eba80000)
  from space 5632K, 96% used [0x00000000ecc00000,0x00000000ed150020,0x00000000ed180000)
  to   space 8192K, 0% used [0x00000000ec180000,0x00000000ec180000,0x00000000ec980000)
 ParOldGen       total 96256K, used 93069K [0x00000000c0000000, 0x00000000c5e00000, 0x00000000eab00000)
  object space 96256K, 96% used [0x00000000c0000000,0x00000000c5ae3468,0x00000000c5e00000)
 Metaspace       used 50241K, capacity 52993K, committed 53120K, reserved 1095680K
  class space    used 5190K, capacity 6208K, committed 6272K, reserved 1048576K
}
Event: 47.624 GC heap after
{Heap after GC invocations=25 (full 4):
 PSYoungGen      total 19456K, used 0K [0x00000000eab00000, 0x00000000ecd80000, 0x0000000100000000)
  eden space 18944K, 0% used [0x00000000eab00000,0x00000000eab00000,0x00000000ebd80000)
  from space 512K, 0% used [0x00000000ec180000,0x00000000ec180000,0x00000000ec200000)
  to   space 8192K, 0% used [0x00000000ec580000,0x00000000ec580000,0x00000000ecd80000)
 ParOldGen       total 124416K, used 73419K [0x00000000c0000000, 0x00000000c7980000, 0x00000000eab00000)
  object space 124416K, 59% used [0x00000000c0000000,0x00000000c47b2f88,0x00000000c7980000)
 Metaspace       used 50241K, capacity 52993K, committed 53120K, reserved 1095680K
  class space    used 5190K, capacity 6208K, committed 6272K, reserved 1048576K
}
Event: 50.051 GC heap before
{Heap before GC invocations=26 (full 4):
 PSYoungGen      total 19456K, used 18944K [0x00000000eab00000, 0x00000000ecd80000, 0x0000000100000000)
  eden space 18944K, 100% used [0x00000000eab00000,0x00000000ebd80000,0x00000000ebd80000)
  from space 512K, 0% used [0x00000000ec180000,0x00000000ec180000,0x00000000ec200000)
  to   space 8192K, 0% used [0x00000000ec580000,0x00000000ec580000,0x00000000ecd80000)
 ParOldGen       total 124416K, used 73419K [0x00000000c0000000, 0x00000000c7980000, 0x00000000eab00000)
  object space 124416K, 59% used [0x00000000c0000000,0x00000000c47b2f88,0x00000000c7980000)
 Metaspace       used 50408K, capacity 53186K, committed 53376K, reserved 1095680K
  class space    used 5192K, capacity 6208K, committed 6272K, reserved 1048576K
}
Event: 50.062 GC heap after
{Heap after GC invocations=26 (full 4):
 PSYoungGen      total 24064K, used 1792K [0x00000000eab00000, 0x00000000ec780000, 0x0000000100000000)
  eden space 22016K, 0% used [0x00000000eab00000,0x00000000eab00000,0x00000000ec080000)
  from space 2048K, 87% used [0x00000000ec580000,0x00000000ec740000,0x00000000ec780000)
  to   space 3584K, 0% used [0x00000000ec080000,0x00000000ec080000,0x00000000ec400000)
 ParOldGen       total 124416K, used 73427K [0x00000000c0000000, 0x00000000c7980000, 0x00000000eab00000)
  object space 124416K, 59% used [0x00000000c0000000,0x00000000c47b4f88,0x00000000c7980000)
 Metaspace       used 50408K, capacity 53186K, committed 53376K, reserved 1095680K
  class space    used 5192K, capacity 6208K, committed 6272K, reserved 1048576K
}

Deoptimization events (20 events):
Event: 49.214 Thread 0x000001fbfa17c800 DEOPT PACKING pc=0x000001fb8121d2d0 sp=0x000000d6771fca90
Event: 49.214 Thread 0x000001fbfa17c800 DEOPT UNPACKING pc=0x000001fb8004a95e sp=0x000000d6771fbf30 mode 0
Event: 49.418 Thread 0x000001fbfa17c800 DEOPT PACKING pc=0x000001fb8121d2d0 sp=0x000000d6771fc700
Event: 49.418 Thread 0x000001fbfa17c800 DEOPT UNPACKING pc=0x000001fb8004a95e sp=0x000000d6771fbba0 mode 0
Event: 49.429 Thread 0x000001fbfa17c800 DEOPT PACKING pc=0x000001fb8121d2d0 sp=0x000000d6771fc580
Event: 49.429 Thread 0x000001fbfa17c800 DEOPT UNPACKING pc=0x000001fb8004a95e sp=0x000000d6771fba20 mode 0
Event: 49.450 Thread 0x000001fbfa17c800 DEOPT PACKING pc=0x000001fb8121d2d0 sp=0x000000d6771fc700
Event: 49.450 Thread 0x000001fbfa17c800 DEOPT UNPACKING pc=0x000001fb8004a95e sp=0x000000d6771fbba0 mode 0
Event: 50.111 Thread 0x000001fbfa17c800 Uncommon trap: trap_request=0xffffff4d fr.pc=0x000001fb87e1e764 relative=0x00000000000004e4
Event: 50.111 Thread 0x000001fbfa17c800 Uncommon trap: reason=unstable_if action=reinterpret pc=0x000001fb87e1e764 method=java.util.WeakHashMap.get(Ljava/lang/Object;)Ljava/lang/Object; @ 44 c2
Event: 50.111 Thread 0x000001fbfa17c800 DEOPT PACKING pc=0x000001fb87e1e764 sp=0x000000d6771fd590
Event: 50.111 Thread 0x000001fbfa17c800 DEOPT UNPACKING pc=0x000001fb8004a1af sp=0x000000d6771fd560 mode 2
Event: 50.173 Thread 0x000001fbfa17c800 Uncommon trap: trap_request=0xffffff4d fr.pc=0x000001fb87d02234 relative=0x0000000000000114
Event: 50.173 Thread 0x000001fbfa17c800 Uncommon trap: reason=unstable_if action=reinterpret pc=0x000001fb87d02234 method=java.util.Arrays.hashCode([Ljava/lang/Object;)I @ 34 c2
Event: 50.173 Thread 0x000001fbfa17c800 DEOPT PACKING pc=0x000001fb87d02234 sp=0x000000d6771fd080
Event: 50.173 Thread 0x000001fbfa17c800 DEOPT UNPACKING pc=0x000001fb8004a1af sp=0x000000d6771fcff8 mode 2
Event: 51.136 Thread 0x000001fbfa17c800 Uncommon trap: trap_request=0xffffff4d fr.pc=0x000001fb87e48a40 relative=0x00000000000001c0
Event: 51.136 Thread 0x000001fbfa17c800 Uncommon trap: reason=unstable_if action=reinterpret pc=0x000001fb87e48a40 method=org.apache.maven.model.ConfigurationContainer.getLocation(Ljava/lang/Object;)Lorg/apache/maven/model/InputLocation; @ 18 c2
Event: 51.136 Thread 0x000001fbfa17c800 DEOPT PACKING pc=0x000001fb87e48a40 sp=0x000000d6771fb7d0
Event: 51.136 Thread 0x000001fbfa17c800 DEOPT UNPACKING pc=0x000001fb8004a1af sp=0x000000d6771fb770 mode 2

Classes redefined (0 events):
No events

Internal exceptions (20 events):
Event: 38.891 Thread 0x000001fbfa17c800 Exception <a 'java/io/FileNotFoundException'{0x00000000eaf8ada0}> (0x00000000eaf8ada0) thrown at [./src/hotspot/share/prims/jni.cpp, line 615]
Event: 38.906 Thread 0x000001fbfa17c800 Exception <a 'java/io/FileNotFoundException'{0x00000000eaf8c218}> (0x00000000eaf8c218) thrown at [./src/hotspot/share/prims/jni.cpp, line 615]
Event: 38.927 Thread 0x000001fbfa17c800 Exception <a 'sun/nio/fs/WindowsException'{0x00000000eafbc390}> (0x00000000eafbc390) thrown at [./src/hotspot/share/prims/jni.cpp, line 615]
Event: 39.042 Thread 0x000001fbfa5dc800 Exception <a 'java/lang/NoSuchMethodError'{0x00000000eb10fc98}: 'java.lang.Object java.lang.invoke.DirectMethodHandle$Holder.invokeInterface(java.lang.Object, java.lang.Object, java.lang.Object)'> (0x00000000eb10fc98) thrown at [./src/hotspot/share/interpreter/linkResolver.cpp, line 773]
Event: 39.296 Thread 0x000001fbfa5dc800 Exception <a 'java/io/FileNotFoundException'{0x00000000eb25acd8}> (0x00000000eb25acd8) thrown at [./src/hotspot/share/prims/jni.cpp, line 615]
Event: 39.920 Thread 0x000001fbfa5dc800 Exception <a 'java/lang/ArrayIndexOutOfBoundsException'{0x00000000eb67d190}: Index 307 out of bounds for length 307> (0x00000000eb67d190) thrown at [./src/hotspot/share/interpreter/interpreterRuntime.cpp, line 444]
Event: 40.386 Thread 0x000001fbfa5dc800 Exception <a 'java/lang/ArrayIndexOutOfBoundsException'{0x00000000eb810c18}: Index 387 out of bounds for length 387> (0x00000000eb810c18) thrown at [./src/hotspot/share/interpreter/interpreterRuntime.cpp, line 444]
Event: 40.534 Thread 0x000001fbfa5dc800 Exception <a 'java/lang/ArrayIndexOutOfBoundsException'{0x00000000eb8e9918}: Index 321 out of bounds for length 321> (0x00000000eb8e9918) thrown at [./src/hotspot/share/interpreter/interpreterRuntime.cpp, line 444]
Event: 40.610 Thread 0x000001fbfa17c800 Exception <a 'java/lang/NoSuchMethodError'{0x00000000eb005e68}: 'java.lang.Object java.lang.invoke.DirectMethodHandle$Holder.invokeSpecial(java.lang.Object, java.lang.Object, java.lang.Object, java.lang.Object, long)'> (0x00000000eb005e68) thrown at [./src/hotspot/share/interpreter/linkResolver.cpp, line 773]
Event: 41.008 Thread 0x000001fbfa17c800 Exception <a 'java/io/FileNotFoundException'{0x00000000eb9e2b58}> (0x00000000eb9e2b58) thrown at [./src/hotspot/share/prims/jni.cpp, line 615]
Event: 41.011 Thread 0x000001fbfa17c800 Exception <a 'java/io/FileNotFoundException'{0x00000000eb9ea770}> (0x00000000eb9ea770) thrown at [./src/hotspot/share/prims/jni.cpp, line 615]
Event: 41.011 Thread 0x000001fbfa17c800 Exception <a 'java/io/FileNotFoundException'{0x00000000eb9ebc00}> (0x00000000eb9ebc00) thrown at [./src/hotspot/share/prims/jni.cpp, line 615]
Event: 41.580 Thread 0x000001fbfa54c000 Exception <a 'sun/nio/fs/WindowsException'{0x00000000eb02a918}> (0x00000000eb02a918) thrown at [./src/hotspot/share/prims/jni.cpp, line 615]
Event: 43.868 Thread 0x000001fbfa54e000 Exception <a 'java/lang/ArrayIndexOutOfBoundsException'{0x00000000ebb6f368}: Index 321 out of bounds for length 321> (0x00000000ebb6f368) thrown at [./src/hotspot/share/interpreter/interpreterRuntime.cpp, line 444]
Event: 43.868 Thread 0x000001fbfa54e000 Exception <a 'java/lang/ArrayIndexOutOfBoundsException'{0x00000000ebb6f688}: Index 322 out of bounds for length 321> (0x00000000ebb6f688) thrown at [./src/hotspot/share/interpreter/interpreterRuntime.cpp, line 444]
Event: 43.868 Thread 0x000001fbfa54e000 Exception <a 'java/lang/ArrayIndexOutOfBoundsException'{0x00000000ebb6f9a8}: Index 322 out of bounds for length 321> (0x00000000ebb6f9a8) thrown at [./src/hotspot/share/interpreter/interpreterRuntime.cpp, line 444]
Event: 43.889 Thread 0x000001fbfa17c800 Exception <a 'java/lang/NoSuchMethodError'{0x00000000ebbe8bf0}: 'java.lang.Object java.lang.invoke.DirectMethodHandle$Holder.invokeStatic(java.lang.Object, java.lang.Object, java.lang.Object, int)'> (0x00000000ebbe8bf0) thrown at [./src/hotspot/share/interpreter/linkResolver.cpp, line 773]
Event: 43.889 Thread 0x000001fbfa17c800 Exception <a 'java/lang/NoSuchMethodError'{0x00000000ebbec5b8}: 'java.lang.Object java.lang.invoke.DirectMethodHandle$Holder.invokeSpecial(java.lang.Object, java.lang.Object, java.lang.Object, java.lang.Object, int)'> (0x00000000ebbec5b8) thrown at [./src/hotspot/share/interpreter/linkResolver.cpp, line 773]
Event: 43.919 Thread 0x000001fbfa17c800 Exception <a 'java/lang/NoSuchMethodError'{0x00000000ebbef870}: 'java.lang.Object java.lang.invoke.Invokers$Holder.linkToTargetMethod(java.lang.Object, java.lang.Object, int, java.lang.Object)'> (0x00000000ebbef870) thrown at [./src/hotspot/share/interpreter/linkResolver.cpp, line 773]
Event: 50.173 Thread 0x000001fbfa17c800 Implicit null exception at 0x000001fb87d0216f to 0x000001fb87d02218

Events (20 events):
Event: 44.539 Thread 0x000001fbfa54a800 Thread exited: 0x000001fbfa54a800
Event: 44.572 Executing VM operation: ParallelGCFailedAllocation
Event: 44.670 Executing VM operation: ParallelGCFailedAllocation done
Event: 44.787 loading class java/util/IdentityHashMap$KeyIterator
Event: 44.787 loading class java/util/IdentityHashMap$IdentityHashMapIterator
Event: 44.787 loading class java/util/IdentityHashMap$IdentityHashMapIterator done
Event: 44.787 loading class java/util/IdentityHashMap$KeyIterator done
Event: 44.787 Executing VM operation: RevokeBias
Event: 44.788 Executing VM operation: RevokeBias done
Event: 44.788 Thread 0x000001fbfa54c000 Thread exited: 0x000001fbfa54c000
Event: 45.452 Executing VM operation: RevokeBias
Event: 45.453 Executing VM operation: RevokeBias done
Event: 45.656 Thread 0x000001fbfa548000 Thread added: 0x000001fbfa548000
Event: 46.229 Thread 0x000001fbfa548000 Thread exited: 0x000001fbfa548000
Event: 46.741 Executing VM operation: ParallelGCFailedAllocation
Event: 47.624 Executing VM operation: ParallelGCFailedAllocation done
Event: 50.051 Executing VM operation: ParallelGCFailedAllocation
Event: 50.063 Executing VM operation: ParallelGCFailedAllocation done
Event: 50.109 Thread 0x000001fbfa548000 Thread added: 0x000001fbfa548000
Event: 50.264 Thread 0x000001fbfa548000 Thread exited: 0x000001fbfa548000


Dynamic libraries:
0x00007ff6a17a0000 - 0x00007ff6a17ad000 	C:\Program Files\Amazon Corretto\jdk11.0.12_7\bin\java.exe
0x00007ffaa2e70000 - 0x00007ffaa3065000 	C:\WINDOWS\SYSTEM32\ntdll.dll
0x00007ffaa2960000 - 0x00007ffaa2a1d000 	C:\WINDOWS\System32\KERNEL32.DLL
0x00007ffaa08e0000 - 0x00007ffaa0ba9000 	C:\WINDOWS\System32\KERNELBASE.dll
0x00007ffaa0cc0000 - 0x00007ffaa0dc0000 	C:\WINDOWS\System32\ucrtbase.dll
0x00007ffa999e0000 - 0x00007ffa999f7000 	C:\Program Files\Amazon Corretto\jdk11.0.12_7\bin\jli.dll
0x00007ffaa0ee0000 - 0x00007ffaa1080000 	C:\WINDOWS\System32\USER32.dll
0x00007ffaa0860000 - 0x00007ffaa0882000 	C:\WINDOWS\System32\win32u.dll
0x00007ffaa2bb0000 - 0x00007ffaa2bda000 	C:\WINDOWS\System32\GDI32.dll
0x00007ffaa0bb0000 - 0x00007ffaa0cbb000 	C:\WINDOWS\System32\gdi32full.dll
0x00007ffaa07c0000 - 0x00007ffaa085d000 	C:\WINDOWS\System32\msvcp_win.dll
0x00007ffa7fe70000 - 0x00007ffa8010a000 	C:\WINDOWS\WinSxS\amd64_microsoft.windows.common-controls_6595b64144ccf1df_6.0.19041.1110_none_60b5254171f9507e\COMCTL32.dll
0x00007ffaa27f0000 - 0x00007ffaa288e000 	C:\WINDOWS\System32\msvcrt.dll
0x00007ffa98980000 - 0x00007ffa98999000 	C:\Program Files\Amazon Corretto\jdk11.0.12_7\bin\VCRUNTIME140.dll
0x00007ffaa2be0000 - 0x00007ffaa2c10000 	C:\WINDOWS\System32\IMM32.DLL
0x00007ffa72be0000 - 0x00007ffa72c7b000 	C:\Program Files\Amazon Corretto\jdk11.0.12_7\bin\msvcp140.dll
0x00007ffa68f60000 - 0x00007ffa69aba000 	C:\Program Files\Amazon Corretto\jdk11.0.12_7\bin\server\jvm.dll
0x00007ffaa1d60000 - 0x00007ffaa1e0c000 	C:\WINDOWS\System32\ADVAPI32.dll
0x00007ffaa2a20000 - 0x00007ffaa2abb000 	C:\WINDOWS\System32\sechost.dll
0x00007ffaa1710000 - 0x00007ffaa183a000 	C:\WINDOWS\System32\RPCRT4.dll
0x00007ffaa2780000 - 0x00007ffaa2788000 	C:\WINDOWS\System32\PSAPI.DLL
0x00007ffa8d720000 - 0x00007ffa8d729000 	C:\WINDOWS\SYSTEM32\WSOCK32.dll
0x00007ffaa2ae0000 - 0x00007ffaa2b4b000 	C:\WINDOWS\System32\WS2_32.dll
0x00007ffa7e300000 - 0x00007ffa7e327000 	C:\WINDOWS\SYSTEM32\WINMM.dll
0x00007ffa92d40000 - 0x00007ffa92d4a000 	C:\WINDOWS\SYSTEM32\VERSION.dll
0x00007ffa9f180000 - 0x00007ffa9f192000 	C:\WINDOWS\SYSTEM32\kernel.appcore.dll
0x00007ffa9b630000 - 0x00007ffa9b640000 	C:\Program Files\Amazon Corretto\jdk11.0.12_7\bin\verify.dll
0x00007ffa9e220000 - 0x00007ffa9e404000 	C:\WINDOWS\SYSTEM32\DBGHELP.DLL
0x00007ffa8b970000 - 0x00007ffa8b99c000 	C:\WINDOWS\SYSTEM32\dbgcore.DLL
0x00007ffaa0dc0000 - 0x00007ffaa0e43000 	C:\WINDOWS\System32\bcryptPrimitives.dll
0x00007ffa970e0000 - 0x00007ffa97108000 	C:\Program Files\Amazon Corretto\jdk11.0.12_7\bin\java.dll
0x00007ffa9b580000 - 0x00007ffa9b58a000 	C:\Program Files\Amazon Corretto\jdk11.0.12_7\bin\jimage.dll
0x00007ffa97430000 - 0x00007ffa97447000 	C:\Program Files\Amazon Corretto\jdk11.0.12_7\bin\zip.dll
0x00007ffaa1f00000 - 0x00007ffaa263f000 	C:\WINDOWS\System32\SHELL32.dll
0x00007ffa9e580000 - 0x00007ffa9ed11000 	C:\WINDOWS\SYSTEM32\windows.storage.dll
0x00007ffaa1080000 - 0x00007ffaa13d5000 	C:\WINDOWS\System32\combase.dll
0x00007ffa9ffb0000 - 0x00007ffa9ffdc000 	C:\WINDOWS\SYSTEM32\Wldp.dll
0x00007ffaa2d80000 - 0x00007ffaa2e2e000 	C:\WINDOWS\System32\SHCORE.dll
0x00007ffaa1e10000 - 0x00007ffaa1e65000 	C:\WINDOWS\System32\shlwapi.dll
0x00007ffaa04f0000 - 0x00007ffaa050f000 	C:\WINDOWS\SYSTEM32\profapi.dll
0x00007ffa97050000 - 0x00007ffa97069000 	C:\Program Files\Amazon Corretto\jdk11.0.12_7\bin\net.dll
0x00007ffa92d50000 - 0x00007ffa92e5a000 	C:\WINDOWS\SYSTEM32\WINHTTP.dll
0x00007ffa9fcd0000 - 0x00007ffa9fd3a000 	C:\WINDOWS\system32\mswsock.dll
0x00007ffa84460000 - 0x00007ffa84472000 	C:\Program Files\Amazon Corretto\jdk11.0.12_7\bin\nio.dll
0x00007ffa9fed0000 - 0x00007ffa9fee8000 	C:\WINDOWS\SYSTEM32\CRYPTSP.dll
0x00007ffa9f610000 - 0x00007ffa9f644000 	C:\WINDOWS\system32\rsaenh.dll
0x00007ffaa0e50000 - 0x00007ffaa0e77000 	C:\WINDOWS\System32\bcrypt.dll
0x00007ffaa0470000 - 0x00007ffaa049e000 	C:\WINDOWS\SYSTEM32\USERENV.dll
0x00007ffa9fef0000 - 0x00007ffa9fefc000 	C:\WINDOWS\SYSTEM32\CRYPTBASE.dll
0x00007ffa9f9d0000 - 0x00007ffa9fa0b000 	C:\WINDOWS\SYSTEM32\IPHLPAPI.DLL
0x00007ffaa2c90000 - 0x00007ffaa2c98000 	C:\WINDOWS\System32\NSI.dll
0x00007ffa92220000 - 0x00007ffa92237000 	C:\WINDOWS\SYSTEM32\dhcpcsvc6.DLL
0x00007ffa92320000 - 0x00007ffa9233d000 	C:\WINDOWS\SYSTEM32\dhcpcsvc.DLL
0x00007ffa9fa10000 - 0x00007ffa9fadc000 	C:\WINDOWS\SYSTEM32\DNSAPI.dll
0x00007ffa81980000 - 0x00007ffa819be000 	C:\Users\kisho\AppData\Roaming\Code\User\globalStorage\redhat.java\0.80.0\config_win\org.eclipse.equinox.launcher\org.eclipse.equinox.launcher.win32.win32.x86_64_1.2.300.v20210617-0451\eclipse_11502.dll
0x00007ffa8fe90000 - 0x00007ffa8fea1000 	C:\Users\kisho\AppData\Roaming\Code\User\globalStorage\redhat.java\0.80.0\config_win\org.eclipse.osgi\23\0\.cp\jWinHttp-1.0.0.dll
0x00007ffaa2650000 - 0x00007ffaa277a000 	C:\WINDOWS\System32\ole32.dll
0x00007ffa999d0000 - 0x00007ffa999de000 	C:\Program Files\Amazon Corretto\jdk11.0.12_7\bin\sunmscapi.dll
0x00007ffaa0660000 - 0x00007ffaa07bf000 	C:\WINDOWS\System32\CRYPT32.dll
0x00007ffaa0020000 - 0x00007ffaa0047000 	C:\WINDOWS\SYSTEM32\ncrypt.dll
0x00007ffa9ffe0000 - 0x00007ffaa001b000 	C:\WINDOWS\SYSTEM32\NTASN1.dll
0x00007ffa839d0000 - 0x00007ffa839f5000 	C:\Program Files\Amazon Corretto\jdk11.0.12_7\bin\sunec.dll

dbghelp: loaded successfully - version: 4.0.5 - missing functions: none
symbol engine: initialized successfully - sym options: 0x614 - pdb path: .;C:\Program Files\Amazon Corretto\jdk11.0.12_7\bin;C:\WINDOWS\SYSTEM32;C:\WINDOWS\WinSxS\amd64_microsoft.windows.common-controls_6595b64144ccf1df_6.0.19041.1110_none_60b5254171f9507e;C:\Program Files\Amazon Corretto\jdk11.0.12_7\bin\server;C:\Users\kisho\AppData\Roaming\Code\User\globalStorage\redhat.java\0.80.0\config_win\org.eclipse.equinox.launcher\org.eclipse.equinox.launcher.win32.win32.x86_64_1.2.300.v20210617-0451;C:\Users\kisho\AppData\Roaming\Code\User\globalStorage\redhat.java\0.80.0\config_win\org.eclipse.osgi\23\0\.cp

VM Arguments:
jvm_args: --add-modules=ALL-SYSTEM --add-opens=java.base/java.util=ALL-UNNAMED --add-opens=java.base/java.lang=ALL-UNNAMED -Declipse.application=org.eclipse.jdt.ls.core.id1 -Dosgi.bundles.defaultStartLevel=4 -Declipse.product=org.eclipse.jdt.ls.core.product -Dfile.encoding=utf8 -DwatchParentProcess=false -XX:+UseParallelGC -XX:GCTimeRatio=4 -XX:AdaptiveSizePolicyWeight=90 -Dsun.zip.disableMemoryMapping=true -Xmx1G -Xms100m -Xverify:none 
java_command: c:\Users\kisho\.vscode\extensions\redhat.java-0.80.0\server\plugins\org.eclipse.equinox.launcher_1.6.200.v20210416-2027.jar -configuration c:\Users\kisho\AppData\Roaming\Code\User\globalStorage\redhat.java\0.80.0\config_win -data c:\Users\kisho\AppData\Roaming\Code\User\workspaceStorage\1ed5e1a7b40611359d03b18dca1d5c5a\redhat.java\jdt_ws
java_class_path (initial): c:\Users\kisho\.vscode\extensions\redhat.java-0.80.0\server\plugins\org.eclipse.equinox.launcher_1.6.200.v20210416-2027.jar
Launcher Type: SUN_STANDARD

[Global flags]
    uintx AdaptiveSizePolicyWeight                 = 90                                        {product} {command line}
     bool BytecodeVerificationLocal                = false                                     {product} {command line}
     bool BytecodeVerificationRemote               = false                                     {product} {command line}
     intx CICompilerCount                          = 3                                         {product} {ergonomic}
    uintx GCTimeRatio                              = 4                                         {product} {command line}
   size_t InitialHeapSize                          = 104857600                                 {product} {command line}
   size_t MaxHeapSize                              = 1073741824                                {product} {command line}
   size_t MaxNewSize                               = 357564416                                 {product} {ergonomic}
   size_t MinHeapDeltaBytes                        = 524288                                    {product} {ergonomic}
   size_t NewSize                                  = 34603008                                  {product} {ergonomic}
    uintx NonNMethodCodeHeapSize                   = 5830732                                {pd product} {ergonomic}
    uintx NonProfiledCodeHeapSize                  = 122913754                              {pd product} {ergonomic}
   size_t OldSize                                  = 70254592                                  {product} {ergonomic}
    uintx ProfiledCodeHeapSize                     = 122913754                              {pd product} {ergonomic}
    uintx ReservedCodeCacheSize                    = 251658240                              {pd product} {ergonomic}
     bool SegmentedCodeCache                       = true                                      {product} {ergonomic}
     bool UseCompressedClassPointers               = true                                 {lp64_product} {ergonomic}
     bool UseCompressedOops                        = true                                 {lp64_product} {ergonomic}
     bool UseLargePagesIndividualAllocation        = false                                  {pd product} {ergonomic}
     bool UseParallelGC                            = true                                      {product} {command line}

Logging:
Log output configuration:
 #0: stdout all=warning uptime,level,tags
 #1: stderr all=off uptime,level,tags

Environment Variables:
JAVA_HOME=C:\Program Files\Amazon Corretto\jdk11.0.12_7
CLASSPATH=C:\apache-tomcat-8.0.27-windows-x86\apache-tomcat-8.0.27\lib\servlet-api.jar
PATH=C:\Program Files\Amazon Corretto\jdk11.0.12_7\bin;C:\Program Files (x86)\Common Files\Oracle\Java\javapath;C:\Program Files\nodejs\;C:\Program Files\Amazon Corretto\jdk11.0.12_7\bin;C:\Program Files\apache-maven-3.8.1\bin;C:\Windows\System32;C:\Program Files\Microsoft VS Code\bin;C:\Program Files\Amazon Corretto\jdk11.0.12_7\bin;C:\Users\kisho\AppData\Local\Microsoft\WindowsApps;C:\Users\kisho\AppData\Local\Programs\Python\Python39;C:\Users\kisho\AppData\Local\Programs\Python\Python39\Scripts;C:\Program Files\JetBrains\PyCharm Community Edition 2020.2.3\bin;;C:\Users\kisho\AppData\Local\Microsoft\WindowsApps;C:\Users\kisho\AppData\Roaming\npm;C:\Users\kisho\AppData\Local\GitHubDesktop\bin;C:\Program Files\Java\jdk-11.0.10\bin;C:\Program Files\Java\apache-maven-3.8.1\bin;C:\Windows\System32;
USERNAME=kisho
OS=Windows_NT
PROCESSOR_IDENTIFIER=Intel64 Family 6 Model 142 Stepping 10, GenuineIntel



---------------  S Y S T E M  ---------------

OS: Windows 10 , 64 bit Build 19041 (10.0.19041.1023)
OS uptime: 0 days 17:21 hours
Hyper-V role detected

CPU:total 4 (initial active 4) (2 cores per cpu, 2 threads per core) family 6 model 142 stepping 10 microcode 0xe0, cmov, cx8, fxsr, mmx, sse, sse2, sse3, ssse3, sse4.1, sse4.2, popcnt, avx, avx2, aes, clmul, erms, 3dnowpref, lzcnt, ht, tsc, tscinvbit, bmi1, bmi2, adx, fma

Memory: 4k page, system-wide physical 12197M (2651M free)
TotalPageFile size 12197M (AvailPageFile size 32M)
current process WorkingSet (physical memory assigned to process): 260M, peak: 289M
current process commit charge ("private bytes"): 327M, peak: 352M

vm_info: OpenJDK 64-Bit Server VM (11.0.12+7-LTS) for windows-amd64 JRE (11.0.12+7-LTS), built on Jul 13 2021 17:58:36 by "Administrator" with unknown MS VC++:1916

END.
