#
# There is insufficient memory for the Java Runtime Environment to continue.
# Native memory allocation (mmap) failed to map 201326592 bytes for Failed to commit area from 0x0000000741600000 to 0x000000074d600000 of length 201326592.
# Possible reasons:
#   The system is out of physical RAM or swap space
#   The process is running with CompressedOops enabled, and the Java Heap may be blocking the growth of the native heap
# Possible solutions:
#   Reduce memory load on the system
#   Increase physical memory or swap space
#   Check if swap backing store is full
#   Decrease Java heap size (-Xmx/-Xms)
#   Decrease number of Java threads
#   Decrease Java thread stack sizes (-Xss)
#   Set larger code cache with -XX:ReservedCodeCacheSize=
# This output file may be truncated or incomplete.
#
#  Out of Memory Error (./src/hotspot/os/windows/os_windows.cpp:3311), pid=33584, tid=39696
#
# JRE version:  (11.0.12+7) (build )
# Java VM: OpenJDK 64-Bit Server VM (11.0.12+7-LTS, mixed mode, sharing, tiered, compressed oops, g1 gc, windows-amd64)
# No core dump will be written. Minidumps are not enabled by default on client versions of Windows
#

---------------  S U M M A R Y ------------

Command Line: -Dfile.encoding=UTF-8 com.srm.spring.api.ApiApplication

Host: Intel(R) Core(TM) i3-7020U CPU @ 2.30GHz, 4 cores, 11G,  Windows 10 , 64 bit Build 19041 (10.0.19041.1023)
Time: Fri Jul 30 14:37:39 2021 India Standard Time elapsed time: 0.338857 seconds (0d 0h 0m 0s)

---------------  T H R E A D  ---------------

Current thread (0x000001dcde90b800):  JavaThread "Unknown thread" [_thread_in_vm, id=39696, stack(0x000000155c100000,0x000000155c200000)]

Stack: [0x000000155c100000,0x000000155c200000]
Native frames: (J=compiled Java code, j=interpreted, Vv=VM code, C=native code)
V  [jvm.dll+0x601d7a]
V  [jvm.dll+0x78b45e]
V  [jvm.dll+0x78cb2f]
V  [jvm.dll+0x78d1f3]
V  [jvm.dll+0x24bc58]
V  [jvm.dll+0x5fef1a]
V  [jvm.dll+0x5f39d5]
V  [jvm.dll+0x3038fc]
V  [jvm.dll+0x303782]
V  [jvm.dll+0x3084a6]
V  [jvm.dll+0x34d5ff]
V  [jvm.dll+0x34d030]
V  [jvm.dll+0x2e0a08]
V  [jvm.dll+0x2e1b66]
V  [jvm.dll+0x7667e7]
V  [jvm.dll+0x767f6f]
V  [jvm.dll+0x35a389]
V  [jvm.dll+0x749870]
V  [jvm.dll+0x3c1fbf]
V  [jvm.dll+0x3c4491]
C  [jli.dll+0x5207]
C  [ucrtbase.dll+0x21bb2]
C  [KERNEL32.DLL+0x17034]
C  [ntdll.dll+0x52651]


---------------  P R O C E S S  ---------------

Threads class SMR info:
_java_thread_list=0x000001dcdc78d8d0, length=0, elements={
}

Java Threads: ( => current thread )

Other Threads:
  0x000001dcde923000 GCTaskThread "GC Thread#0" [stack: 0x000000155c200000,0x000000155c300000] [id=43384]
  0x000001dcde968000 ConcurrentGCThread "G1 Main Marker" [stack: 0x000000155c300000,0x000000155c400000] [id=40796]
  0x000001dcde969800 ConcurrentGCThread "G1 Conc#0" [stack: 0x000000155c400000,0x000000155c500000] [id=11364]

[error occurred during error reporting (printing all threads), id 0xc0000005, EXCEPTION_ACCESS_VIOLATION (0xc0000005) at pc=0x00007ffac52300d7]

VM state:not at safepoint (not fully initialized)

VM Mutex/Monitor currently owned by a thread:  ([mutex/lock_event])
[0x000001dcde909640] Heap_lock - owner thread: 0x000001dcde90b800

Heap address: 0x0000000741600000, size: 3050 MB, Compressed Oops mode: Non-zero based: 0x0000000741600000
Narrow klass base: 0x0000000000000000, Narrow klass shift: 0

GC Heap History (0 events):
No events

Deoptimization events (0 events):
No events

Classes redefined (0 events):
No events

Internal exceptions (0 events):
No events

Events (1 events):
Event: 0.022 Loaded shared library C:\Program Files\Amazon Corretto\jdk11.0.12_7\bin\zip.dll


Dynamic libraries:
0x00007ff7e0710000 - 0x00007ff7e071d000 	C:\Program Files\Amazon Corretto\jdk11.0.12_7\bin\java.exe
0x00007ffb0b890000 - 0x00007ffb0ba85000 	C:\WINDOWS\SYSTEM32\ntdll.dll
0x00007ffb09c10000 - 0x00007ffb09ccd000 	C:\WINDOWS\System32\KERNEL32.DLL
0x00007ffb09630000 - 0x00007ffb098f9000 	C:\WINDOWS\System32\KERNELBASE.dll
0x00007ffb093b0000 - 0x00007ffb094b0000 	C:\WINDOWS\System32\ucrtbase.dll
0x00007ffaf99c0000 - 0x00007ffaf99d7000 	C:\Program Files\Amazon Corretto\jdk11.0.12_7\bin\jli.dll
0x00007ffb0b1b0000 - 0x00007ffb0b350000 	C:\WINDOWS\System32\USER32.dll
0x00007ffb092a0000 - 0x00007ffb092c2000 	C:\WINDOWS\System32\win32u.dll
0x00007ffb0a2e0000 - 0x00007ffb0a30a000 	C:\WINDOWS\System32\GDI32.dll
0x00007ffb08fd0000 - 0x00007ffb090db000 	C:\WINDOWS\System32\gdi32full.dll
0x00007ffb094b0000 - 0x00007ffb0954d000 	C:\WINDOWS\System32\msvcp_win.dll
0x00007ffaf9800000 - 0x00007ffaf9819000 	C:\Program Files\Amazon Corretto\jdk11.0.12_7\bin\VCRUNTIME140.dll
0x00007ffaedc50000 - 0x00007ffaedeea000 	C:\WINDOWS\WinSxS\amd64_microsoft.windows.common-controls_6595b64144ccf1df_6.0.19041.1110_none_60b5254171f9507e\COMCTL32.dll
0x00007ffb09b70000 - 0x00007ffb09c0e000 	C:\WINDOWS\System32\msvcrt.dll
0x00007ffb0b0d0000 - 0x00007ffb0b100000 	C:\WINDOWS\System32\IMM32.DLL
0x00007ffadea30000 - 0x00007ffadeacb000 	C:\Program Files\Amazon Corretto\jdk11.0.12_7\bin\msvcp140.dll
0x00007ffac4f40000 - 0x00007ffac5a9a000 	C:\Program Files\Amazon Corretto\jdk11.0.12_7\bin\server\jvm.dll
0x00007ffb0a370000 - 0x00007ffb0a41c000 	C:\WINDOWS\System32\ADVAPI32.dll
0x00007ffb0ae80000 - 0x00007ffb0af1b000 	C:\WINDOWS\System32\sechost.dll
0x00007ffb0a420000 - 0x00007ffb0a54a000 	C:\WINDOWS\System32\RPCRT4.dll
0x00007ffb0b350000 - 0x00007ffb0b358000 	C:\WINDOWS\System32\PSAPI.DLL
0x00007ffaf6350000 - 0x00007ffaf6359000 	C:\WINDOWS\SYSTEM32\WSOCK32.dll
0x00007ffb09cd0000 - 0x00007ffb09d3b000 	C:\WINDOWS\System32\WS2_32.dll
0x00007ffae3a40000 - 0x00007ffae3a67000 	C:\WINDOWS\SYSTEM32\WINMM.dll
0x00007ffafae30000 - 0x00007ffafae3a000 	C:\WINDOWS\SYSTEM32\VERSION.dll
0x00007ffb078a0000 - 0x00007ffb078b2000 	C:\WINDOWS\SYSTEM32\kernel.appcore.dll
0x00007ffb04190000 - 0x00007ffb041a0000 	C:\Program Files\Amazon Corretto\jdk11.0.12_7\bin\verify.dll
0x00007ffb07560000 - 0x00007ffb07744000 	C:\WINDOWS\SYSTEM32\DBGHELP.DLL
0x00007ffaf4080000 - 0x00007ffaf40ac000 	C:\WINDOWS\SYSTEM32\dbgcore.DLL
0x00007ffb095a0000 - 0x00007ffb09623000 	C:\WINDOWS\System32\bcryptPrimitives.dll
0x00007ffaed7b0000 - 0x00007ffaed7d8000 	C:\Program Files\Amazon Corretto\jdk11.0.12_7\bin\java.dll
0x00007ffb01d30000 - 0x00007ffb01d3a000 	C:\Program Files\Amazon Corretto\jdk11.0.12_7\bin\jimage.dll
0x00007ffaf45c0000 - 0x00007ffaf45d7000 	C:\Program Files\Amazon Corretto\jdk11.0.12_7\bin\zip.dll

dbghelp: loaded successfully - version: 4.0.5 - missing functions: none
symbol engine: initialized successfully - sym options: 0x614 - pdb path: .;C:\Program Files\Amazon Corretto\jdk11.0.12_7\bin;C:\WINDOWS\SYSTEM32;C:\WINDOWS\WinSxS\amd64_microsoft.windows.common-controls_6595b64144ccf1df_6.0.19041.1110_none_60b5254171f9507e;C:\Program Files\Amazon Corretto\jdk11.0.12_7\bin\server

VM Arguments:
jvm_args: -Dfile.encoding=UTF-8 
java_command: com.srm.spring.api.ApiApplication
java_class_path (initial): F:\spr\api\target\classes;C:\Users\kisho\.m2\repository\io\springfox\springfox-swagger2\2.9.2\springfox-swagger2-2.9.2.jar;C:\Users\kisho\.m2\repository\io\swagger\swagger-annotations\1.5.20\swagger-annotations-1.5.20.jar;C:\Users\kisho\.m2\repository\io\swagger\swagger-models\1.5.20\swagger-models-1.5.20.jar;C:\Users\kisho\.m2\repository\com\fasterxml\jackson\core\jackson-annotations\2.12.4\jackson-annotations-2.12.4.jar;C:\Users\kisho\.m2\repository\io\springfox\springfox-spi\2.9.2\springfox-spi-2.9.2.jar;C:\Users\kisho\.m2\repository\io\springfox\springfox-core\2.9.2\springfox-core-2.9.2.jar;C:\Users\kisho\.m2\repository\io\springfox\springfox-schema\2.9.2\springfox-schema-2.9.2.jar;C:\Users\kisho\.m2\repository\io\springfox\springfox-swagger-common\2.9.2\springfox-swagger-common-2.9.2.jar;C:\Users\kisho\.m2\repository\io\springfox\springfox-spring-web\2.9.2\springfox-spring-web-2.9.2.jar;C:\Users\kisho\.m2\repository\com\google\guava\guava\20.0\guava-20.0.jar;C:\Users\kisho\.m2\repository\com\fasterxml\classmate\1.5.1\classmate-1.5.1.jar;C:\Users\kisho\.m2\repository\org\slf4j\slf4j-api\1.7.32\slf4j-api-1.7.32.jar;C:\Users\kisho\.m2\repository\org\springframework\plugin\spring-plugin-core\1.2.0.RELEASE\spring-plugin-core-1.2.0.RELEASE.jar;C:\Users\kisho\.m2\repository\org\springframework\spring-beans\5.3.9\spring-beans-5.3.9.jar;C:\Users\kisho\.m2\repository\org\springframework\spring-context\5.3.9\spring-context-5.3.9.jar;C:\Users\kisho\.m2\repository\org\springframework\spring-aop\5.3.9\spring-aop-5.3.9.jar;C:\Users\kisho\.m2\repository\org\springframework\plugin\spring-plugin-metadata\1.2.0.RELEASE\spring-plugin-metadata-1.2.0.RELEASE.jar;C:\Users\kisho\.m2\repository\org\mapstruct\mapstruct\1.2.0.Final\mapstruct-1.2.0.Final.jar;C:\Users\kisho\.m2\repository\io\springfox\springfox-swagger-ui\3.0.0\springfox-swagger-ui-3.0.0.jar;C:\Users\kisho\.m2\repository\io\springfox\springfox-spring-webmvc\3.0.0\springfox-spring-webmvc-3.0.0.j
Launcher Type: SUN_STANDARD

[Global flags]
     intx CICompilerCount                          = 3                                         {product} {ergonomic}
     uint ConcGCThreads                            = 1                                         {product} {ergonomic}
     uint G1ConcRefinementThreads                  = 4                                         {product} {ergonomic}
   size_t G1HeapRegionSize                         = 1048576                                   {product} {ergonomic}
    uintx GCDrainStackTargetSize                   = 64                                        {product} {ergonomic}
   size_t InitialHeapSize                          = 201326592                                 {product} {ergonomic}
   size_t MarkStackSize                            = 4194304                                   {product} {ergonomic}
   size_t MaxHeapSize                              = 3198156800                                {product} {ergonomic}
   size_t MinHeapDeltaBytes                        = 1048576                                   {product} {ergonomic}
    uintx NonNMethodCodeHeapSize                   = 5830732                                {pd product} {ergonomic}
    uintx NonProfiledCodeHeapSize                  = 122913754                              {pd product} {ergonomic}
    uintx ProfiledCodeHeapSize                     = 122913754                              {pd product} {ergonomic}
    uintx ReservedCodeCacheSize                    = 251658240                              {pd product} {ergonomic}
     bool SegmentedCodeCache                       = true                                      {product} {ergonomic}
     bool UseCompressedClassPointers               = true                                 {lp64_product} {ergonomic}
     bool UseCompressedOops                        = true                                 {lp64_product} {ergonomic}
     bool UseG1GC                                  = true                                      {product} {ergonomic}
     bool UseLargePagesIndividualAllocation        = false                                  {pd product} {ergonomic}

Logging:
Log output configuration:
 #0: stdout all=warning uptime,level,tags
 #1: stderr all=off uptime,level,tags

Environment Variables:
JAVA_HOME=C:\Program Files\Amazon Corretto\jdk11.0.12_7
CLASSPATH=C:\apache-tomcat-8.0.27-windows-x86\apache-tomcat-8.0.27\lib\servlet-api.jar
PATH=C:\Program Files\Amazon Corretto\jdk11.0.12_7\bin;C:\Program Files (x86)\Common Files\Oracle\Java\javapath;C:\Program Files\nodejs\;C:\Program Files\Amazon Corretto\jdk11.0.12_7\bin;C:\Program Files\apache-maven-3.8.1\bin;C:\Windows\System32;C:\Program Files\Microsoft VS Code\bin;C:\Program Files\Amazon Corretto\jdk11.0.12_7\bin;C:\Users\kisho\AppData\Local\Microsoft\WindowsApps;C:\Users\kisho\AppData\Local\Programs\Python\Python39;C:\Users\kisho\AppData\Local\Programs\Python\Python39\Scripts;C:\Program Files\JetBrains\PyCharm Community Edition 2020.2.3\bin;;C:\Users\kisho\AppData\Local\Microsoft\WindowsApps;C:\Users\kisho\AppData\Roaming\npm;C:\Users\kisho\AppData\Local\GitHubDesktop\bin;C:\Program Files\Java\jdk-11.0.10\bin;C:\Program Files\Java\apache-maven-3.8.1\bin;C:\Windows\System32;
USERNAME=kisho
LANG=en_US.UTF-8
OS=Windows_NT
PROCESSOR_IDENTIFIER=Intel64 Family 6 Model 142 Stepping 10, GenuineIntel



---------------  S Y S T E M  ---------------

OS: Windows 10 , 64 bit Build 19041 (10.0.19041.1023)
OS uptime: 0 days 9:04 hours
Hyper-V role detected

CPU:total 4 (initial active 4) (2 cores per cpu, 2 threads per core) family 6 model 142 stepping 10 microcode 0xe0, cmov, cx8, fxsr, mmx, sse, sse2, sse3, ssse3, sse4.1, sse4.2, popcnt, avx, avx2, aes, clmul, erms, 3dnowpref, lzcnt, ht, tsc, tscinvbit, bmi1, bmi2, adx, fma

Memory: 4k page, system-wide physical 12197M (1806M free)
TotalPageFile size 12197M (AvailPageFile size 29M)
current process WorkingSet (physical memory assigned to process): 9M, peak: 9M
current process commit charge ("private bytes"): 52M, peak: 243M

vm_info: OpenJDK 64-Bit Server VM (11.0.12+7-LTS) for windows-amd64 JRE (11.0.12+7-LTS), built on Jul 13 2021 17:58:36 by "Administrator" with unknown MS VC++:1916

END.
