#
# There is insufficient memory for the Java Runtime Environment to continue.
# Native memory allocation (malloc) failed to allocate 2097152 bytes for AllocateHeap
# Possible reasons:
#   The system is out of physical RAM or swap space
#   The process is running with CompressedOops enabled, and the Java Heap may be blocking the growth of the native heap
# Possible solutions:
#   Reduce memory load on the system
#   Increase physical memory or swap space
#   Check if swap backing store is full
#   Decrease Java heap size (-Xmx/-Xms)
#   Decrease number of Java threads
#   Decrease Java thread stack sizes (-Xss)
#   Set larger code cache with -XX:ReservedCodeCacheSize=
#   JVM is running with Zero Based Compressed Oops mode in which the Java heap is
#     placed in the first 32GB address space. The Java Heap base address is the
#     maximum limit for the native heap growth. Please use -XX:HeapBaseMinAddress
#     to set the Java Heap base and to place the Java Heap above 32GB virtual address.
# This output file may be truncated or incomplete.
#
#  Out of Memory Error (./src/hotspot/share/memory/allocation.cpp:46), pid=24128, tid=32756
#
# JRE version: OpenJDK Runtime Environment Corretto-11.0.12.7.1 (11.0.12+7) (build 11.0.12+7-LTS)
# Java VM: OpenJDK 64-Bit Server VM Corretto-11.0.12.7.1 (11.0.12+7-LTS, mixed mode, tiered, compressed oops, g1 gc, windows-amd64)
# No core dump will be written. Minidumps are not enabled by default on client versions of Windows
#

---------------  S U M M A R Y ------------

Command Line: -Dspring.lsp.client-port=45556 -Dserver.port=45556 -Dsts.lsp.client=vscode -Dsts.log.file=/dev/null -XX:TieredStopAtLevel=1 -Dspring.config.location=file:c:\Users\kisho\.vscode\extensions\pivotal.vscode-spring-boot-1.26.0\language-server\BOOT-INF\classes\application.properties org.springframework.ide.vscode.boot.app.BootLanguageServerBootApp

Host: Intel(R) Core(TM) i3-7020U CPU @ 2.30GHz, 4 cores, 11G,  Windows 10 , 64 bit Build 19041 (10.0.19041.1023)
Time: Tue Jul 27 07:04:07 2021 India Standard Time elapsed time: 5.470472 seconds (0d 0h 0m 5s)

---------------  T H R E A D  ---------------

Current thread (0x0000027e2c311800):  VMThread "VM Thread" [stack: 0x000000f320c00000,0x000000f320d00000] [id=32756]

Stack: [0x000000f320c00000,0x000000f320d00000]
[error occurred during error reporting (printing stack bounds), id 0xc0000005, EXCEPTION_ACCESS_VIOLATION (0xc0000005) at pc=0x0000027e13ca112d]

Native frames: (J=compiled Java code, j=interpreted, Vv=VM code, C=native code)
V  [jvm.dll+0x601d7a]
V  [jvm.dll+0x78b45e]
V  [jvm.dll+0x78cb2f]
V  [jvm.dll+0x78d155]
V  [jvm.dll+0x78d10b]
V  [jvm.dll+0x601263]
V  [jvm.dll+0x601978]
C  [ntdll.dll+0xa217f]
C  [ntdll.dll+0x51454]
C  [ntdll.dll+0xa0cae]
C  0x0000027e13ca112d

VM_Operation (0x000000f3206fd600): CollectForMetadataAllocation, mode: safepoint, requested by thread 0x0000027e0b57e000


---------------  P R O C E S S  ---------------

Threads class SMR info:
_java_thread_list=0x0000027e2ccc70c0, length=9, elements={
0x0000027e0b57e000, 0x0000027e2c319000, 0x0000027e2c31a000, 0x0000027e2cb59800,
0x0000027e2cb5b800, 0x0000027e2cb5d800, 0x0000027e2cb5f000, 0x0000027e2cb60000,
0x0000027e2ccd7800
}

Java Threads: ( => current thread )
  0x0000027e0b57e000 JavaThread "main" [_thread_blocked, id=25864, stack(0x000000f320600000,0x000000f320700000)]
  0x0000027e2c319000 JavaThread "Reference Handler" daemon [_thread_blocked, id=5768, stack(0x000000f320d00000,0x000000f320e00000)]
  0x0000027e2c31a000 JavaThread "Finalizer" daemon [_thread_blocked, id=1860, stack(0x000000f320e00000,0x000000f320f00000)]
  0x0000027e2cb59800 JavaThread "Signal Dispatcher" daemon [_thread_blocked, id=6092, stack(0x000000f320f00000,0x000000f321000000)]
  0x0000027e2cb5b800 JavaThread "Attach Listener" daemon [_thread_blocked, id=5004, stack(0x000000f321000000,0x000000f321100000)]
  0x0000027e2cb5d800 JavaThread "Service Thread" daemon [_thread_blocked, id=27492, stack(0x000000f321100000,0x000000f321200000)]
  0x0000027e2cb5f000 JavaThread "C1 CompilerThread0" daemon [_thread_blocked, id=27904, stack(0x000000f321200000,0x000000f321300000)]
  0x0000027e2cb60000 JavaThread "Sweeper thread" daemon [_thread_blocked, id=27860, stack(0x000000f321300000,0x000000f321400000)]
  0x0000027e2ccd7800 JavaThread "Common-Cleaner" daemon [_thread_blocked, id=25372, stack(0x000000f321500000,0x000000f321600000)]

Other Threads:
=>0x0000027e2c311800 VMThread "VM Thread" [stack: 0x000000f320c00000,0x000000f320d00000] [id=32756]
  0x0000027e2ccd6000 WatcherThread [stack: 0x000000f321400000,0x000000f321500000] [id=45160]
  0x0000027e0b595000 GCTaskThread "GC Thread#0" [stack: 0x000000f320700000,0x000000f320800000] [id=6980]
  0x0000027e2d4b9000 GCTaskThread "GC Thread#1" [stack: 0x000000f321600000,0x000000f321700000] [id=19776]
  0x0000027e2d4ba000 GCTaskThread "GC Thread#2" [stack: 0x000000f321700000,0x000000f321800000] [id=14820]
  0x0000027e2d4ba800 GCTaskThread "GC Thread#3" [stack: 0x000000f321800000,0x000000f321900000] [id=30732]
  0x0000027e0b5dc000 ConcurrentGCThread "G1 Main Marker" [stack: 0x000000f320800000,0x000000f320900000] [id=3964]
  0x0000027e0b5de800 ConcurrentGCThread "G1 Conc#0" [stack: 0x000000f320900000,0x000000f320a00000] [id=38028]
  0x0000027e2c17e000 ConcurrentGCThread "G1 Refine#0" [stack: 0x000000f320a00000,0x000000f320b00000] [id=38004]
  0x0000027e2c17e800 ConcurrentGCThread "G1 Young RemSet Sampling" [stack: 0x000000f320b00000,0x000000f320c00000] [id=8904]

Threads with active compile tasks:

VM state:at safepoint (normal execution)

VM Mutex/Monitor currently owned by a thread:  ([mutex/lock_event])
[0x0000027e0b5722f0] Threads_lock - owner thread: 0x0000027e2c311800
[0x0000027e0b572e30] Heap_lock - owner thread: 0x0000027e0b57e000

Heap address: 0x0000000741600000, size: 3050 MB, Compressed Oops mode: Zero based, Oop shift amount: 3
Narrow klass base: 0x0000000800000000, Narrow klass shift: 0
Compressed class space size: 1073741824 Address: 0x0000000800000000

Heap:
 garbage-first heap   total 196608K, used 6247K [0x0000000741600000, 0x0000000800000000)
  region size 1024K, 4 young (4096K), 4 survivors (4096K)
 Metaspace       used 15434K, capacity 15674K, committed 15744K, reserved 1071104K
  class space    used 1741K, capacity 1852K, committed 1920K, reserved 1048576K
Heap Regions: E=young(eden), S=young(survivor), O=old, HS=humongous(starts), HC=humongous(continues), CS=collection set, F=free, A=archive, TAMS=top-at-mark-start (previous, next)
|   0|0x0000000741600000, 0x0000000741700000, 0x0000000741700000|100%| O|  |TAMS 0x0000000741600000, 0x0000000741700000| Untracked 
|   1|0x0000000741700000, 0x0000000741800000, 0x0000000741800000|100%| O|  |TAMS 0x0000000741700000, 0x0000000741800000| Untracked 
|   2|0x0000000741800000, 0x0000000741819e00, 0x0000000741900000| 10%| O|  |TAMS 0x0000000741800000, 0x0000000741819e00| Untracked 
|   3|0x0000000741900000, 0x0000000741900000, 0x0000000741a00000|  0%| F|  |TAMS 0x0000000741900000, 0x0000000741900000| Untracked 
|   4|0x0000000741a00000, 0x0000000741a00000, 0x0000000741b00000|  0%| F|  |TAMS 0x0000000741a00000, 0x0000000741a00000| Untracked 
|   5|0x0000000741b00000, 0x0000000741b00000, 0x0000000741c00000|  0%| F|  |TAMS 0x0000000741b00000, 0x0000000741b00000| Untracked 
|   6|0x0000000741c00000, 0x0000000741c00000, 0x0000000741d00000|  0%| F|  |TAMS 0x0000000741c00000, 0x0000000741c00000| Untracked 
|   7|0x0000000741d00000, 0x0000000741d00000, 0x0000000741e00000|  0%| F|  |TAMS 0x0000000741d00000, 0x0000000741d00000| Untracked 
|   8|0x0000000741e00000, 0x0000000741e00000, 0x0000000741f00000|  0%| F|  |TAMS 0x0000000741e00000, 0x0000000741e00000| Untracked 
|   9|0x0000000741f00000, 0x0000000741f00000, 0x0000000742000000|  0%| F|  |TAMS 0x0000000741f00000, 0x0000000741f00000| Untracked 
|  10|0x0000000742000000, 0x0000000742000000, 0x0000000742100000|  0%| F|  |TAMS 0x0000000742000000, 0x0000000742000000| Untracked 
|  11|0x0000000742100000, 0x0000000742100000, 0x0000000742200000|  0%| F|  |TAMS 0x0000000742100000, 0x0000000742100000| Untracked 
|  12|0x0000000742200000, 0x0000000742200000, 0x0000000742300000|  0%| F|  |TAMS 0x0000000742200000, 0x0000000742200000| Untracked 
|  13|0x0000000742300000, 0x0000000742300000, 0x0000000742400000|  0%| F|  |TAMS 0x0000000742300000, 0x0000000742300000| Untracked 
|  14|0x0000000742400000, 0x0000000742400000, 0x0000000742500000|  0%| F|  |TAMS 0x0000000742400000, 0x0000000742400000| Untracked 
|  15|0x0000000742500000, 0x0000000742500000, 0x0000000742600000|  0%| F|  |TAMS 0x0000000742500000, 0x0000000742500000| Untracked 
|  16|0x0000000742600000, 0x0000000742600000, 0x0000000742700000|  0%| F|  |TAMS 0x0000000742600000, 0x0000000742600000| Untracked 
|  17|0x0000000742700000, 0x0000000742700000, 0x0000000742800000|  0%| F|  |TAMS 0x0000000742700000, 0x0000000742700000| Untracked 
|  18|0x0000000742800000, 0x0000000742800000, 0x0000000742900000|  0%| F|  |TAMS 0x0000000742800000, 0x0000000742800000| Untracked 
|  19|0x0000000742900000, 0x0000000742900000, 0x0000000742a00000|  0%| F|  |TAMS 0x0000000742900000, 0x0000000742900000| Untracked 
|  20|0x0000000742a00000, 0x0000000742a00000, 0x0000000742b00000|  0%| F|  |TAMS 0x0000000742a00000, 0x0000000742a00000| Untracked 
|  21|0x0000000742b00000, 0x0000000742b00000, 0x0000000742c00000|  0%| F|  |TAMS 0x0000000742b00000, 0x0000000742b00000| Untracked 
|  22|0x0000000742c00000, 0x0000000742c00000, 0x0000000742d00000|  0%| F|  |TAMS 0x0000000742c00000, 0x0000000742c00000| Untracked 
|  23|0x0000000742d00000, 0x0000000742d00000, 0x0000000742e00000|  0%| F|  |TAMS 0x0000000742d00000, 0x0000000742d00000| Untracked 
|  24|0x0000000742e00000, 0x0000000742e00000, 0x0000000742f00000|  0%| F|  |TAMS 0x0000000742e00000, 0x0000000742e00000| Untracked 
|  25|0x0000000742f00000, 0x0000000742f00000, 0x0000000743000000|  0%| F|  |TAMS 0x0000000742f00000, 0x0000000742f00000| Untracked 
|  26|0x0000000743000000, 0x0000000743000000, 0x0000000743100000|  0%| F|  |TAMS 0x0000000743000000, 0x0000000743000000| Untracked 
|  27|0x0000000743100000, 0x0000000743100000, 0x0000000743200000|  0%| F|  |TAMS 0x0000000743100000, 0x0000000743100000| Untracked 
|  28|0x0000000743200000, 0x0000000743200000, 0x0000000743300000|  0%| F|  |TAMS 0x0000000743200000, 0x0000000743200000| Untracked 
|  29|0x0000000743300000, 0x0000000743300000, 0x0000000743400000|  0%| F|  |TAMS 0x0000000743300000, 0x0000000743300000| Untracked 
|  30|0x0000000743400000, 0x0000000743400000, 0x0000000743500000|  0%| F|  |TAMS 0x0000000743400000, 0x0000000743400000| Untracked 
|  31|0x0000000743500000, 0x0000000743500000, 0x0000000743600000|  0%| F|  |TAMS 0x0000000743500000, 0x0000000743500000| Untracked 
|  32|0x0000000743600000, 0x0000000743600000, 0x0000000743700000|  0%| F|  |TAMS 0x0000000743600000, 0x0000000743600000| Untracked 
|  33|0x0000000743700000, 0x0000000743700000, 0x0000000743800000|  0%| F|  |TAMS 0x0000000743700000, 0x0000000743700000| Untracked 
|  34|0x0000000743800000, 0x0000000743800000, 0x0000000743900000|  0%| F|  |TAMS 0x0000000743800000, 0x0000000743800000| Untracked 
|  35|0x0000000743900000, 0x0000000743900000, 0x0000000743a00000|  0%| F|  |TAMS 0x0000000743900000, 0x0000000743900000| Untracked 
|  36|0x0000000743a00000, 0x0000000743a00000, 0x0000000743b00000|  0%| F|  |TAMS 0x0000000743a00000, 0x0000000743a00000| Untracked 
|  37|0x0000000743b00000, 0x0000000743b00000, 0x0000000743c00000|  0%| F|  |TAMS 0x0000000743b00000, 0x0000000743b00000| Untracked 
|  38|0x0000000743c00000, 0x0000000743c00000, 0x0000000743d00000|  0%| F|  |TAMS 0x0000000743c00000, 0x0000000743c00000| Untracked 
|  39|0x0000000743d00000, 0x0000000743d00000, 0x0000000743e00000|  0%| F|  |TAMS 0x0000000743d00000, 0x0000000743d00000| Untracked 
|  40|0x0000000743e00000, 0x0000000743e00000, 0x0000000743f00000|  0%| F|  |TAMS 0x0000000743e00000, 0x0000000743e00000| Untracked 
|  41|0x0000000743f00000, 0x0000000743f00000, 0x0000000744000000|  0%| F|  |TAMS 0x0000000743f00000, 0x0000000743f00000| Untracked 
|  42|0x0000000744000000, 0x0000000744000000, 0x0000000744100000|  0%| F|  |TAMS 0x0000000744000000, 0x0000000744000000| Untracked 
|  43|0x0000000744100000, 0x0000000744100000, 0x0000000744200000|  0%| F|  |TAMS 0x0000000744100000, 0x0000000744100000| Untracked 
|  44|0x0000000744200000, 0x0000000744200000, 0x0000000744300000|  0%| F|  |TAMS 0x0000000744200000, 0x0000000744200000| Untracked 
|  45|0x0000000744300000, 0x0000000744300000, 0x0000000744400000|  0%| F|  |TAMS 0x0000000744300000, 0x0000000744300000| Untracked 
|  46|0x0000000744400000, 0x0000000744400000, 0x0000000744500000|  0%| F|  |TAMS 0x0000000744400000, 0x0000000744400000| Untracked 
|  47|0x0000000744500000, 0x0000000744500000, 0x0000000744600000|  0%| F|  |TAMS 0x0000000744500000, 0x0000000744500000| Untracked 
|  48|0x0000000744600000, 0x0000000744600000, 0x0000000744700000|  0%| F|  |TAMS 0x0000000744600000, 0x0000000744600000| Untracked 
|  49|0x0000000744700000, 0x0000000744700000, 0x0000000744800000|  0%| F|  |TAMS 0x0000000744700000, 0x0000000744700000| Untracked 
|  50|0x0000000744800000, 0x0000000744800000, 0x0000000744900000|  0%| F|  |TAMS 0x0000000744800000, 0x0000000744800000| Untracked 
|  51|0x0000000744900000, 0x0000000744900000, 0x0000000744a00000|  0%| F|  |TAMS 0x0000000744900000, 0x0000000744900000| Untracked 
|  52|0x0000000744a00000, 0x0000000744a00000, 0x0000000744b00000|  0%| F|  |TAMS 0x0000000744a00000, 0x0000000744a00000| Untracked 
|  53|0x0000000744b00000, 0x0000000744b00000, 0x0000000744c00000|  0%| F|  |TAMS 0x0000000744b00000, 0x0000000744b00000| Untracked 
|  54|0x0000000744c00000, 0x0000000744c00000, 0x0000000744d00000|  0%| F|  |TAMS 0x0000000744c00000, 0x0000000744c00000| Untracked 
|  55|0x0000000744d00000, 0x0000000744d00000, 0x0000000744e00000|  0%| F|  |TAMS 0x0000000744d00000, 0x0000000744d00000| Untracked 
|  56|0x0000000744e00000, 0x0000000744e00000, 0x0000000744f00000|  0%| F|  |TAMS 0x0000000744e00000, 0x0000000744e00000| Untracked 
|  57|0x0000000744f00000, 0x0000000744f00000, 0x0000000745000000|  0%| F|  |TAMS 0x0000000744f00000, 0x0000000744f00000| Untracked 
|  58|0x0000000745000000, 0x0000000745000000, 0x0000000745100000|  0%| F|  |TAMS 0x0000000745000000, 0x0000000745000000| Untracked 
|  59|0x0000000745100000, 0x0000000745100000, 0x0000000745200000|  0%| F|  |TAMS 0x0000000745100000, 0x0000000745100000| Untracked 
|  60|0x0000000745200000, 0x0000000745200000, 0x0000000745300000|  0%| F|  |TAMS 0x0000000745200000, 0x0000000745200000| Untracked 
|  61|0x0000000745300000, 0x0000000745300000, 0x0000000745400000|  0%| F|  |TAMS 0x0000000745300000, 0x0000000745300000| Untracked 
|  62|0x0000000745400000, 0x0000000745400000, 0x0000000745500000|  0%| F|  |TAMS 0x0000000745400000, 0x0000000745400000| Untracked 
|  63|0x0000000745500000, 0x0000000745500000, 0x0000000745600000|  0%| F|  |TAMS 0x0000000745500000, 0x0000000745500000| Untracked 
|  64|0x0000000745600000, 0x0000000745600000, 0x0000000745700000|  0%| F|  |TAMS 0x0000000745600000, 0x0000000745600000| Untracked 
|  65|0x0000000745700000, 0x0000000745700000, 0x0000000745800000|  0%| F|  |TAMS 0x0000000745700000, 0x0000000745700000| Untracked 
|  66|0x0000000745800000, 0x0000000745800000, 0x0000000745900000|  0%| F|  |TAMS 0x0000000745800000, 0x0000000745800000| Untracked 
|  67|0x0000000745900000, 0x0000000745900000, 0x0000000745a00000|  0%| F|  |TAMS 0x0000000745900000, 0x0000000745900000| Untracked 
|  68|0x0000000745a00000, 0x0000000745a00000, 0x0000000745b00000|  0%| F|  |TAMS 0x0000000745a00000, 0x0000000745a00000| Untracked 
|  69|0x0000000745b00000, 0x0000000745b00000, 0x0000000745c00000|  0%| F|  |TAMS 0x0000000745b00000, 0x0000000745b00000| Untracked 
|  70|0x0000000745c00000, 0x0000000745c00000, 0x0000000745d00000|  0%| F|  |TAMS 0x0000000745c00000, 0x0000000745c00000| Untracked 
|  71|0x0000000745d00000, 0x0000000745d00000, 0x0000000745e00000|  0%| F|  |TAMS 0x0000000745d00000, 0x0000000745d00000| Untracked 
|  72|0x0000000745e00000, 0x0000000745e00000, 0x0000000745f00000|  0%| F|  |TAMS 0x0000000745e00000, 0x0000000745e00000| Untracked 
|  73|0x0000000745f00000, 0x0000000745f00000, 0x0000000746000000|  0%| F|  |TAMS 0x0000000745f00000, 0x0000000745f00000| Untracked 
|  74|0x0000000746000000, 0x0000000746000000, 0x0000000746100000|  0%| F|  |TAMS 0x0000000746000000, 0x0000000746000000| Untracked 
|  75|0x0000000746100000, 0x0000000746100000, 0x0000000746200000|  0%| F|  |TAMS 0x0000000746100000, 0x0000000746100000| Untracked 
|  76|0x0000000746200000, 0x0000000746200000, 0x0000000746300000|  0%| F|  |TAMS 0x0000000746200000, 0x0000000746200000| Untracked 
|  77|0x0000000746300000, 0x0000000746300000, 0x0000000746400000|  0%| F|  |TAMS 0x0000000746300000, 0x0000000746300000| Untracked 
|  78|0x0000000746400000, 0x0000000746400000, 0x0000000746500000|  0%| F|  |TAMS 0x0000000746400000, 0x0000000746400000| Untracked 
|  79|0x0000000746500000, 0x0000000746500000, 0x0000000746600000|  0%| F|  |TAMS 0x0000000746500000, 0x0000000746500000| Untracked 
|  80|0x0000000746600000, 0x0000000746600000, 0x0000000746700000|  0%| F|  |TAMS 0x0000000746600000, 0x0000000746600000| Untracked 
|  81|0x0000000746700000, 0x0000000746700000, 0x0000000746800000|  0%| F|  |TAMS 0x0000000746700000, 0x0000000746700000| Untracked 
|  82|0x0000000746800000, 0x0000000746800000, 0x0000000746900000|  0%| F|  |TAMS 0x0000000746800000, 0x0000000746800000| Untracked 
|  83|0x0000000746900000, 0x0000000746900000, 0x0000000746a00000|  0%| F|  |TAMS 0x0000000746900000, 0x0000000746900000| Untracked 
|  84|0x0000000746a00000, 0x0000000746a00000, 0x0000000746b00000|  0%| F|  |TAMS 0x0000000746a00000, 0x0000000746a00000| Untracked 
|  85|0x0000000746b00000, 0x0000000746b00000, 0x0000000746c00000|  0%| F|  |TAMS 0x0000000746b00000, 0x0000000746b00000| Untracked 
|  86|0x0000000746c00000, 0x0000000746c00000, 0x0000000746d00000|  0%| F|  |TAMS 0x0000000746c00000, 0x0000000746c00000| Untracked 
|  87|0x0000000746d00000, 0x0000000746d00000, 0x0000000746e00000|  0%| F|  |TAMS 0x0000000746d00000, 0x0000000746d00000| Untracked 
|  88|0x0000000746e00000, 0x0000000746e00000, 0x0000000746f00000|  0%| F|  |TAMS 0x0000000746e00000, 0x0000000746e00000| Untracked 
|  89|0x0000000746f00000, 0x0000000746f00000, 0x0000000747000000|  0%| F|  |TAMS 0x0000000746f00000, 0x0000000746f00000| Untracked 
|  90|0x0000000747000000, 0x0000000747000000, 0x0000000747100000|  0%| F|  |TAMS 0x0000000747000000, 0x0000000747000000| Untracked 
|  91|0x0000000747100000, 0x0000000747100000, 0x0000000747200000|  0%| F|  |TAMS 0x0000000747100000, 0x0000000747100000| Untracked 
|  92|0x0000000747200000, 0x0000000747200000, 0x0000000747300000|  0%| F|  |TAMS 0x0000000747200000, 0x0000000747200000| Untracked 
|  93|0x0000000747300000, 0x0000000747300000, 0x0000000747400000|  0%| F|  |TAMS 0x0000000747300000, 0x0000000747300000| Untracked 
|  94|0x0000000747400000, 0x0000000747400000, 0x0000000747500000|  0%| F|  |TAMS 0x0000000747400000, 0x0000000747400000| Untracked 
|  95|0x0000000747500000, 0x0000000747500000, 0x0000000747600000|  0%| F|  |TAMS 0x0000000747500000, 0x0000000747500000| Untracked 
|  96|0x0000000747600000, 0x0000000747600000, 0x0000000747700000|  0%| F|  |TAMS 0x0000000747600000, 0x0000000747600000| Untracked 
|  97|0x0000000747700000, 0x0000000747700000, 0x0000000747800000|  0%| F|  |TAMS 0x0000000747700000, 0x0000000747700000| Untracked 
|  98|0x0000000747800000, 0x0000000747800000, 0x0000000747900000|  0%| F|  |TAMS 0x0000000747800000, 0x0000000747800000| Untracked 
|  99|0x0000000747900000, 0x0000000747900000, 0x0000000747a00000|  0%| F|  |TAMS 0x0000000747900000, 0x0000000747900000| Untracked 
| 100|0x0000000747a00000, 0x0000000747a00000, 0x0000000747b00000|  0%| F|  |TAMS 0x0000000747a00000, 0x0000000747a00000| Untracked 
| 101|0x0000000747b00000, 0x0000000747b00000, 0x0000000747c00000|  0%| F|  |TAMS 0x0000000747b00000, 0x0000000747b00000| Untracked 
| 102|0x0000000747c00000, 0x0000000747c00000, 0x0000000747d00000|  0%| F|  |TAMS 0x0000000747c00000, 0x0000000747c00000| Untracked 
| 103|0x0000000747d00000, 0x0000000747d00000, 0x0000000747e00000|  0%| F|  |TAMS 0x0000000747d00000, 0x0000000747d00000| Untracked 
| 104|0x0000000747e00000, 0x0000000747e00000, 0x0000000747f00000|  0%| F|  |TAMS 0x0000000747e00000, 0x0000000747e00000| Untracked 
| 105|0x0000000747f00000, 0x0000000747f00000, 0x0000000748000000|  0%| F|  |TAMS 0x0000000747f00000, 0x0000000747f00000| Untracked 
| 106|0x0000000748000000, 0x0000000748000000, 0x0000000748100000|  0%| F|  |TAMS 0x0000000748000000, 0x0000000748000000| Untracked 
| 107|0x0000000748100000, 0x0000000748100000, 0x0000000748200000|  0%| F|  |TAMS 0x0000000748100000, 0x0000000748100000| Untracked 
| 108|0x0000000748200000, 0x0000000748200000, 0x0000000748300000|  0%| F|  |TAMS 0x0000000748200000, 0x0000000748200000| Untracked 
| 109|0x0000000748300000, 0x0000000748300000, 0x0000000748400000|  0%| F|  |TAMS 0x0000000748300000, 0x0000000748300000| Untracked 
| 110|0x0000000748400000, 0x0000000748400000, 0x0000000748500000|  0%| F|  |TAMS 0x0000000748400000, 0x0000000748400000| Untracked 
| 111|0x0000000748500000, 0x0000000748500000, 0x0000000748600000|  0%| F|  |TAMS 0x0000000748500000, 0x0000000748500000| Untracked 
| 112|0x0000000748600000, 0x0000000748600000, 0x0000000748700000|  0%| F|  |TAMS 0x0000000748600000, 0x0000000748600000| Untracked 
| 113|0x0000000748700000, 0x0000000748700000, 0x0000000748800000|  0%| F|  |TAMS 0x0000000748700000, 0x0000000748700000| Untracked 
| 114|0x0000000748800000, 0x0000000748800000, 0x0000000748900000|  0%| F|  |TAMS 0x0000000748800000, 0x0000000748800000| Untracked 
| 115|0x0000000748900000, 0x0000000748900000, 0x0000000748a00000|  0%| F|  |TAMS 0x0000000748900000, 0x0000000748900000| Untracked 
| 116|0x0000000748a00000, 0x0000000748a00000, 0x0000000748b00000|  0%| F|  |TAMS 0x0000000748a00000, 0x0000000748a00000| Untracked 
| 117|0x0000000748b00000, 0x0000000748b00000, 0x0000000748c00000|  0%| F|  |TAMS 0x0000000748b00000, 0x0000000748b00000| Untracked 
| 118|0x0000000748c00000, 0x0000000748c00000, 0x0000000748d00000|  0%| F|  |TAMS 0x0000000748c00000, 0x0000000748c00000| Untracked 
| 119|0x0000000748d00000, 0x0000000748d00000, 0x0000000748e00000|  0%| F|  |TAMS 0x0000000748d00000, 0x0000000748d00000| Untracked 
| 120|0x0000000748e00000, 0x0000000748e00000, 0x0000000748f00000|  0%| F|  |TAMS 0x0000000748e00000, 0x0000000748e00000| Untracked 
| 121|0x0000000748f00000, 0x0000000748f00000, 0x0000000749000000|  0%| F|  |TAMS 0x0000000748f00000, 0x0000000748f00000| Untracked 
| 122|0x0000000749000000, 0x0000000749000000, 0x0000000749100000|  0%| F|  |TAMS 0x0000000749000000, 0x0000000749000000| Untracked 
| 123|0x0000000749100000, 0x0000000749100000, 0x0000000749200000|  0%| F|  |TAMS 0x0000000749100000, 0x0000000749100000| Untracked 
| 124|0x0000000749200000, 0x0000000749200000, 0x0000000749300000|  0%| F|  |TAMS 0x0000000749200000, 0x0000000749200000| Untracked 
| 125|0x0000000749300000, 0x0000000749300000, 0x0000000749400000|  0%| F|  |TAMS 0x0000000749300000, 0x0000000749300000| Untracked 
| 126|0x0000000749400000, 0x0000000749400000, 0x0000000749500000|  0%| F|  |TAMS 0x0000000749400000, 0x0000000749400000| Untracked 
| 127|0x0000000749500000, 0x0000000749500000, 0x0000000749600000|  0%| F|  |TAMS 0x0000000749500000, 0x0000000749500000| Untracked 
| 128|0x0000000749600000, 0x0000000749600000, 0x0000000749700000|  0%| F|  |TAMS 0x0000000749600000, 0x0000000749600000| Untracked 
| 129|0x0000000749700000, 0x0000000749700000, 0x0000000749800000|  0%| F|  |TAMS 0x0000000749700000, 0x0000000749700000| Untracked 
| 130|0x0000000749800000, 0x0000000749800000, 0x0000000749900000|  0%| F|  |TAMS 0x0000000749800000, 0x0000000749800000| Untracked 
| 131|0x0000000749900000, 0x0000000749900000, 0x0000000749a00000|  0%| F|  |TAMS 0x0000000749900000, 0x0000000749900000| Untracked 
| 132|0x0000000749a00000, 0x0000000749a00000, 0x0000000749b00000|  0%| F|  |TAMS 0x0000000749a00000, 0x0000000749a00000| Untracked 
| 133|0x0000000749b00000, 0x0000000749b00000, 0x0000000749c00000|  0%| F|  |TAMS 0x0000000749b00000, 0x0000000749b00000| Untracked 
| 134|0x0000000749c00000, 0x0000000749c00000, 0x0000000749d00000|  0%| F|  |TAMS 0x0000000749c00000, 0x0000000749c00000| Untracked 
| 135|0x0000000749d00000, 0x0000000749d00000, 0x0000000749e00000|  0%| F|  |TAMS 0x0000000749d00000, 0x0000000749d00000| Untracked 
| 136|0x0000000749e00000, 0x0000000749e00000, 0x0000000749f00000|  0%| F|  |TAMS 0x0000000749e00000, 0x0000000749e00000| Untracked 
| 137|0x0000000749f00000, 0x0000000749f00000, 0x000000074a000000|  0%| F|  |TAMS 0x0000000749f00000, 0x0000000749f00000| Untracked 
| 138|0x000000074a000000, 0x000000074a000000, 0x000000074a100000|  0%| F|  |TAMS 0x000000074a000000, 0x000000074a000000| Untracked 
| 139|0x000000074a100000, 0x000000074a100000, 0x000000074a200000|  0%| F|  |TAMS 0x000000074a100000, 0x000000074a100000| Untracked 
| 140|0x000000074a200000, 0x000000074a200000, 0x000000074a300000|  0%| F|  |TAMS 0x000000074a200000, 0x000000074a200000| Untracked 
| 141|0x000000074a300000, 0x000000074a300000, 0x000000074a400000|  0%| F|  |TAMS 0x000000074a300000, 0x000000074a300000| Untracked 
| 142|0x000000074a400000, 0x000000074a400000, 0x000000074a500000|  0%| F|  |TAMS 0x000000074a400000, 0x000000074a400000| Untracked 
| 143|0x000000074a500000, 0x000000074a500000, 0x000000074a600000|  0%| F|  |TAMS 0x000000074a500000, 0x000000074a500000| Untracked 
| 144|0x000000074a600000, 0x000000074a600000, 0x000000074a700000|  0%| F|  |TAMS 0x000000074a600000, 0x000000074a600000| Untracked 
| 145|0x000000074a700000, 0x000000074a700000, 0x000000074a800000|  0%| F|  |TAMS 0x000000074a700000, 0x000000074a700000| Untracked 
| 146|0x000000074a800000, 0x000000074a800000, 0x000000074a900000|  0%| F|  |TAMS 0x000000074a800000, 0x000000074a800000| Untracked 
| 147|0x000000074a900000, 0x000000074a900000, 0x000000074aa00000|  0%| F|  |TAMS 0x000000074a900000, 0x000000074a900000| Untracked 
| 148|0x000000074aa00000, 0x000000074aa00000, 0x000000074ab00000|  0%| F|  |TAMS 0x000000074aa00000, 0x000000074aa00000| Untracked 
| 149|0x000000074ab00000, 0x000000074ab00000, 0x000000074ac00000|  0%| F|  |TAMS 0x000000074ab00000, 0x000000074ab00000| Untracked 
| 150|0x000000074ac00000, 0x000000074ac00000, 0x000000074ad00000|  0%| F|  |TAMS 0x000000074ac00000, 0x000000074ac00000| Untracked 
| 151|0x000000074ad00000, 0x000000074ad00000, 0x000000074ae00000|  0%| F|  |TAMS 0x000000074ad00000, 0x000000074ad00000| Untracked 
| 152|0x000000074ae00000, 0x000000074ae00000, 0x000000074af00000|  0%| F|  |TAMS 0x000000074ae00000, 0x000000074ae00000| Untracked 
| 153|0x000000074af00000, 0x000000074af00000, 0x000000074b000000|  0%| F|  |TAMS 0x000000074af00000, 0x000000074af00000| Untracked 
| 154|0x000000074b000000, 0x000000074b000000, 0x000000074b100000|  0%| F|  |TAMS 0x000000074b000000, 0x000000074b000000| Untracked 
| 155|0x000000074b100000, 0x000000074b100000, 0x000000074b200000|  0%| F|  |TAMS 0x000000074b100000, 0x000000074b100000| Untracked 
| 156|0x000000074b200000, 0x000000074b200000, 0x000000074b300000|  0%| F|  |TAMS 0x000000074b200000, 0x000000074b200000| Untracked 
| 157|0x000000074b300000, 0x000000074b300000, 0x000000074b400000|  0%| F|  |TAMS 0x000000074b300000, 0x000000074b300000| Untracked 
| 158|0x000000074b400000, 0x000000074b400000, 0x000000074b500000|  0%| F|  |TAMS 0x000000074b400000, 0x000000074b400000| Untracked 
| 159|0x000000074b500000, 0x000000074b500000, 0x000000074b600000|  0%| F|  |TAMS 0x000000074b500000, 0x000000074b500000| Untracked 
| 160|0x000000074b600000, 0x000000074b700000, 0x000000074b700000|100%| S|CS|TAMS 0x000000074b600000, 0x000000074b600000| Complete 
| 161|0x000000074b700000, 0x000000074b800000, 0x000000074b800000|100%| S|CS|TAMS 0x000000074b700000, 0x000000074b700000| Complete 
| 162|0x000000074b800000, 0x000000074b900000, 0x000000074b900000|100%| S|CS|TAMS 0x000000074b800000, 0x000000074b800000| Complete 
| 163|0x000000074b900000, 0x000000074ba00000, 0x000000074ba00000|100%| S|CS|TAMS 0x000000074b900000, 0x000000074b900000| Complete 
| 164|0x000000074ba00000, 0x000000074ba00000, 0x000000074bb00000|  0%| F|  |TAMS 0x000000074ba00000, 0x000000074ba00000| Untracked 
| 165|0x000000074bb00000, 0x000000074bb00000, 0x000000074bc00000|  0%| F|  |TAMS 0x000000074bb00000, 0x000000074bb00000| Untracked 
| 166|0x000000074bc00000, 0x000000074bc00000, 0x000000074bd00000|  0%| F|  |TAMS 0x000000074bc00000, 0x000000074bc00000| Untracked 
| 167|0x000000074bd00000, 0x000000074bd00000, 0x000000074be00000|  0%| F|  |TAMS 0x000000074bd00000, 0x000000074bd00000| Untracked 
| 168|0x000000074be00000, 0x000000074be00000, 0x000000074bf00000|  0%| F|  |TAMS 0x000000074be00000, 0x000000074be00000| Untracked 
| 169|0x000000074bf00000, 0x000000074bf00000, 0x000000074c000000|  0%| F|  |TAMS 0x000000074bf00000, 0x000000074bf00000| Untracked 
| 170|0x000000074c000000, 0x000000074c000000, 0x000000074c100000|  0%| F|  |TAMS 0x000000074c000000, 0x000000074c000000| Untracked 
| 171|0x000000074c100000, 0x000000074c100000, 0x000000074c200000|  0%| F|  |TAMS 0x000000074c100000, 0x000000074c100000| Untracked 
| 172|0x000000074c200000, 0x000000074c200000, 0x000000074c300000|  0%| F|  |TAMS 0x000000074c200000, 0x000000074c200000| Untracked 
| 173|0x000000074c300000, 0x000000074c300000, 0x000000074c400000|  0%| F|  |TAMS 0x000000074c300000, 0x000000074c300000| Untracked 
| 174|0x000000074c400000, 0x000000074c400000, 0x000000074c500000|  0%| F|  |TAMS 0x000000074c400000, 0x000000074c400000| Untracked 
| 175|0x000000074c500000, 0x000000074c500000, 0x000000074c600000|  0%| F|  |TAMS 0x000000074c500000, 0x000000074c500000| Untracked 
| 176|0x000000074c600000, 0x000000074c600000, 0x000000074c700000|  0%| F|  |TAMS 0x000000074c600000, 0x000000074c600000| Untracked 
| 177|0x000000074c700000, 0x000000074c700000, 0x000000074c800000|  0%| F|  |TAMS 0x000000074c700000, 0x000000074c700000| Untracked 
| 178|0x000000074c800000, 0x000000074c800000, 0x000000074c900000|  0%| F|  |TAMS 0x000000074c800000, 0x000000074c800000| Untracked 
| 179|0x000000074c900000, 0x000000074c900000, 0x000000074ca00000|  0%| F|  |TAMS 0x000000074c900000, 0x000000074c900000| Untracked 
| 180|0x000000074ca00000, 0x000000074ca00000, 0x000000074cb00000|  0%| F|  |TAMS 0x000000074ca00000, 0x000000074ca00000| Untracked 
| 181|0x000000074cb00000, 0x000000074cb00000, 0x000000074cc00000|  0%| F|  |TAMS 0x000000074cb00000, 0x000000074cb00000| Untracked 
| 182|0x000000074cc00000, 0x000000074cc00000, 0x000000074cd00000|  0%| F|  |TAMS 0x000000074cc00000, 0x000000074cc00000| Untracked 
| 183|0x000000074cd00000, 0x000000074cd00000, 0x000000074ce00000|  0%| F|  |TAMS 0x000000074cd00000, 0x000000074cd00000| Untracked 
| 184|0x000000074ce00000, 0x000000074ce00000, 0x000000074cf00000|  0%| F|  |TAMS 0x000000074ce00000, 0x000000074ce00000| Untracked 
| 185|0x000000074cf00000, 0x000000074cf00000, 0x000000074d000000|  0%| F|  |TAMS 0x000000074cf00000, 0x000000074cf00000| Untracked 
| 186|0x000000074d000000, 0x000000074d000000, 0x000000074d100000|  0%| F|  |TAMS 0x000000074d000000, 0x000000074d000000| Untracked 
| 187|0x000000074d100000, 0x000000074d100000, 0x000000074d200000|  0%| F|  |TAMS 0x000000074d100000, 0x000000074d100000| Untracked 
| 188|0x000000074d200000, 0x000000074d200000, 0x000000074d300000|  0%| F|  |TAMS 0x000000074d200000, 0x000000074d200000| Untracked 
| 189|0x000000074d300000, 0x000000074d300000, 0x000000074d400000|  0%| F|  |TAMS 0x000000074d300000, 0x000000074d300000| Untracked 
| 190|0x000000074d400000, 0x000000074d400000, 0x000000074d500000|  0%| F|  |TAMS 0x000000074d400000, 0x000000074d400000| Untracked 
| 191|0x000000074d500000, 0x000000074d500000, 0x000000074d600000|  0%| F|  |TAMS 0x000000074d500000, 0x000000074d500000| Untracked 

Card table byte_map: [0x0000027e232a0000,0x0000027e238a0000] _byte_map_base: 0x0000027e1f895000

Marking Bits (Prev, Next): (CMBitMap*) 0x0000027e0b5cf208, (CMBitMap*) 0x0000027e0b5cf240
 Prev Bits: [0x0000027e23ea0000, 0x0000027e26e48000)
 Next Bits: [0x0000027e26e50000, 0x0000027e29df8000)

Polling page: 0x0000027e094f0000

Metaspace:

Usage:
  Non-class:     13.50 MB capacity,    13.37 MB (>99%) used,    97.20 KB ( <1%) free+waste,    31.00 KB ( <1%) overhead. 
      Class:      1.81 MB capacity,     1.70 MB ( 94%) used,    95.34 KB (  5%) free+waste,    15.63 KB ( <1%) overhead. 
       Both:     15.31 MB capacity,    15.07 MB ( 98%) used,   192.53 KB (  1%) free+waste,    46.63 KB ( <1%) overhead. 

Virtual space:
  Non-class space:       22.00 MB reserved,      13.50 MB ( 61%) committed 
      Class space:        1.00 GB reserved,       1.88 MB ( <1%) committed 
             Both:        1.02 GB reserved,      15.38 MB (  1%) committed 

Chunk freelists:
   Non-Class:  2.00 KB
       Class:  4.00 KB
        Both:  6.00 KB

MaxMetaspaceSize: 17179869184.00 GB
CompressedClassSpaceSize: 1.00 GB
Initial GC threshold: 20.80 MB
Current GC threshold: 21.12 MB
CDS: off

CodeHeap 'non-profiled nmethods': size=238912Kb used=1823Kb max_used=1823Kb free=237088Kb
 bounds [0x0000027e14350000, 0x0000027e145c0000, 0x0000027e22ca0000]
CodeHeap 'non-nmethods': size=6848Kb used=1136Kb max_used=1136Kb free=5711Kb
 bounds [0x0000027e13ca0000, 0x0000027e13f10000, 0x0000027e14350000]
 total_blobs=1634 nmethods=1246 adapters=316
 compilation: enabled
              stopped_count=0, restarted_count=0
 full_count=0

Compilation events (20 events):
Event: 5.260 Thread 0x0000027e2cb5f000 1235       1       java.lang.reflect.Constructor::getDeclaringClass (5 bytes)
Event: 5.260 Thread 0x0000027e2cb5f000 nmethod 1235 0x0000027e14513c10 code [0x0000027e14513dc0, 0x0000027e14513e78]
Event: 5.263 Thread 0x0000027e2cb5f000 1236       1       java.util.Collections$UnmodifiableCollection::<init> (22 bytes)
Event: 5.263 Thread 0x0000027e2cb5f000 nmethod 1236 0x0000027e14513f10 code [0x0000027e145140c0, 0x0000027e14514288]
Event: 5.268 Thread 0x0000027e2cb5f000 1238       1       java.lang.Class::getReflectionFactory (26 bytes)
Event: 5.269 Thread 0x0000027e2cb5f000 nmethod 1238 0x0000027e14514990 code [0x0000027e14514b60, 0x0000027e14514d48]
Event: 5.269 Thread 0x0000027e2cb5f000 1239       1       java.lang.invoke.LambdaFormEditor$Transform::<init> (17 bytes)
Event: 5.269 Thread 0x0000027e2cb5f000 nmethod 1239 0x0000027e14514e10 code [0x0000027e14514fc0, 0x0000027e145151d8]
Event: 5.269 Thread 0x0000027e2cb5f000 1241       1       java.lang.invoke.MethodHandleNatives::isPullModeBSM (2 bytes)
Event: 5.269 Thread 0x0000027e2cb5f000 nmethod 1241 0x0000027e14515290 code [0x0000027e14515440, 0x0000027e145154d8]
Event: 5.269 Thread 0x0000027e2cb5f000 1242       1       java.lang.invoke.ConstantCallSite::getTarget (20 bytes)
Event: 5.269 Thread 0x0000027e2cb5f000 nmethod 1242 0x0000027e14515590 code [0x0000027e14515740, 0x0000027e145158c8]
Event: 5.271 Thread 0x0000027e2cb5f000 1243       1       java.lang.invoke.TypeConvertingMethodAdapter::cast (42 bytes)
Event: 5.271 Thread 0x0000027e2cb5f000 nmethod 1243 0x0000027e14515990 code [0x0000027e14515b80, 0x0000027e14515d28]
Event: 5.278 Thread 0x0000027e2cb5f000 1244       1       sun.invoke.util.VerifyAccess::isMemberAccessible (313 bytes)
Event: 5.281 Thread 0x0000027e2cb5f000 nmethod 1244 0x0000027e14515e90 code [0x0000027e145161e0, 0x0000027e14516e68]
Event: 5.281 Thread 0x0000027e2cb5f000 1245       1       java.util.ImmutableCollections$Set12::contains (28 bytes)
Event: 5.281 Thread 0x0000027e2cb5f000 nmethod 1245 0x0000027e14517590 code [0x0000027e14517760, 0x0000027e145178b8]
Event: 5.281 Thread 0x0000027e2cb5f000 1246       1       java.lang.invoke.DirectMethodHandle::preparedLambdaForm (31 bytes)
Event: 5.281 Thread 0x0000027e2cb5f000 nmethod 1246 0x0000027e14517990 code [0x0000027e14517b60, 0x0000027e14517ca8]

GC Heap History (4 events):
Event: 2.598 GC heap before
{Heap before GC invocations=0 (full 0):
 garbage-first heap   total 196608K, used 13312K [0x0000000741600000, 0x0000000800000000)
  region size 1024K, 14 young (14336K), 0 survivors (0K)
 Metaspace       used 8166K, capacity 8346K, committed 8576K, reserved 1056768K
  class space    used 816K, capacity 888K, committed 896K, reserved 1048576K
}
Event: 2.991 GC heap after
{Heap after GC invocations=1 (full 0):
 garbage-first heap   total 196608K, used 4199K [0x0000000741600000, 0x0000000800000000)
  region size 1024K, 2 young (2048K), 2 survivors (2048K)
 Metaspace       used 8166K, capacity 8346K, committed 8576K, reserved 1056768K
  class space    used 816K, capacity 888K, committed 896K, reserved 1048576K
}
Event: 5.283 GC heap before
{Heap before GC invocations=1 (full 0):
 garbage-first heap   total 196608K, used 29799K [0x0000000741600000, 0x0000000800000000)
  region size 1024K, 28 young (28672K), 2 survivors (2048K)
 Metaspace       used 15434K, capacity 15674K, committed 15744K, reserved 1069056K
  class space    used 1741K, capacity 1852K, committed 1920K, reserved 1048576K
}
Event: 5.294 GC heap after
{Heap after GC invocations=2 (full 0):
 garbage-first heap   total 196608K, used 6247K [0x0000000741600000, 0x0000000800000000)
  region size 1024K, 4 young (4096K), 4 survivors (4096K)
 Metaspace       used 15434K, capacity 15674K, committed 15744K, reserved 1069056K
  class space    used 1741K, capacity 1852K, committed 1920K, reserved 1048576K
}

Deoptimization events (0 events):
No events

Classes redefined (0 events):
No events

Internal exceptions (20 events):
Event: 1.892 Thread 0x0000027e0b57e000 Exception <a 'java/lang/NoSuchMethodError'{0x000000074cb2c1c0}: 'java.lang.Object java.lang.invoke.DirectMethodHandle$Holder.invokeSpecial(java.lang.Object, java.lang.Object, int, int, java.lang.Object, java.lang.Object, java.lang.Object)'> (0x000000074cb2c1c0) thrown at [./src/hotspot/share/interpreter/linkResolver.cpp, line 773]
Event: 1.892 Thread 0x0000027e0b57e000 Exception <a 'java/lang/NoSuchMethodError'{0x000000074cb2f750}: 'java.lang.Object java.lang.invoke.DelegatingMethodHandle$Holder.reinvoke_L(java.lang.Object, int, int, java.lang.Object, java.lang.Object, java.lang.Object)'> (0x000000074cb2f750) thrown at [./src/hotspot/share/interpreter/linkResolver.cpp, line 773]
Event: 1.893 Thread 0x0000027e0b57e000 Exception <a 'java/lang/NoSuchMethodError'{0x000000074cb33bd0}: 'java.lang.Object java.lang.invoke.DirectMethodHandle$Holder.invokeStatic(java.lang.Object, java.lang.Object, java.lang.Object, java.lang.Object, int)'> (0x000000074cb33bd0) thrown at [./src/hotspot/share/interpreter/linkResolver.cpp, line 773]
Event: 3.772 Thread 0x0000027e0b57e000 Exception <a 'java/lang/NoSuchMethodError'{0x000000074cf5a750}: 'int java.lang.invoke.DirectMethodHandle$Holder.invokeSpecialIFC(java.lang.Object, java.lang.Object, int)'> (0x000000074cf5a750) thrown at [./src/hotspot/share/interpreter/linkResolver.cpp, line 773]
Event: 3.985 Thread 0x0000027e0b57e000 Exception <a 'java/lang/NoSuchMethodError'{0x000000074cc77e88}: 'int java.lang.invoke.DirectMethodHandle$Holder.invokeStaticInit(java.lang.Object, java.lang.Object)'> (0x000000074cc77e88) thrown at [./src/hotspot/share/interpreter/linkResolver.cpp, line 773]
Event: 4.179 Thread 0x0000027e0b57e000 Exception <a 'java/lang/NoSuchMethodError'{0x000000074c98f598}: 'int java.lang.invoke.DirectMethodHandle$Holder.invokeStaticInit(java.lang.Object, java.lang.Object, java.lang.Object)'> (0x000000074c98f598) thrown at [./src/hotspot/share/interpreter/linkResolver.cpp, line 773]
Event: 4.188 Thread 0x0000027e0b57e000 Exception <a 'java/lang/NoSuchMethodError'{0x000000074c9c8dd8}: 'java.lang.Object java.lang.invoke.DirectMethodHandle$Holder.invokeVirtual(java.lang.Object, java.lang.Object, java.lang.Object)'> (0x000000074c9c8dd8) thrown at [./src/hotspot/share/interpreter/linkResolver.cpp, line 773]
Event: 4.236 Thread 0x0000027e0b57e000 Exception <a 'java/lang/NoSuchMethodError'{0x000000074c81d4b8}: 'void java.lang.invoke.DirectMethodHandle$Holder.invokeSpecial(java.lang.Object, java.lang.Object)'> (0x000000074c81d4b8) thrown at [./src/hotspot/share/interpreter/linkResolver.cpp, line 773]
Event: 5.004 Thread 0x0000027e0b57e000 Exception <a 'java/lang/NoSuchMethodError'{0x000000074be5fee0}: 'int java.lang.invoke.DirectMethodHandle$Holder.invokeSpecial(java.lang.Object, java.lang.Object, java.lang.Object, java.lang.Object)'> (0x000000074be5fee0) thrown at [./src/hotspot/share/interpreter/linkResolver.cpp, line 773]
Event: 5.133 Thread 0x0000027e0b57e000 Exception <a 'java/lang/NoSuchMethodError'{0x000000074bcb1228}: 'java.lang.Object java.lang.invoke.DirectMethodHandle$Holder.invokeSpecial(java.lang.Object, java.lang.Object, java.lang.Object, java.lang.Object, java.lang.Object, java.lang.Object, int)'> (0x000000074bcb1228) thrown at [./src/hotspot/share/interpreter/linkResolver.cpp, line 773]
Event: 5.134 Thread 0x0000027e0b57e000 Exception <a 'java/lang/NoSuchMethodError'{0x000000074bcba6c0}: 'java.lang.Object java.lang.invoke.DirectMethodHandle$Holder.invokeStatic(java.lang.Object, java.lang.Object, java.lang.Object, java.lang.Object, java.lang.Object, java.lang.Object, int)'> (0x000000074bcba6c0) thrown at [./src/hotspot/share/interpreter/linkResolver.cpp, line 773]
Event: 5.135 Thread 0x0000027e0b57e000 Exception <a 'java/lang/NoSuchMethodError'{0x000000074bcbe430}: 'java.lang.Object java.lang.invoke.DirectMethodHandle$Holder.invokeSpecial(java.lang.Object, java.lang.Object, java.lang.Object, java.lang.Object, java.lang.Object, java.lang.Object, java.lang.Object, int)'> (0x000000074bcbe430) thrown at [./src/hotspot/share/interpreter/linkResolver.cpp, line 773]
Event: 5.157 Thread 0x0000027e0b57e000 Exception <a 'java/lang/NoSuchMethodError'{0x000000074bb26118}: 'java.lang.Object java.lang.invoke.DirectMethodHandle$Holder.invokeStatic(java.lang.Object, java.lang.Object, int, java.lang.Object)'> (0x000000074bb26118) thrown at [./src/hotspot/share/interpreter/linkResolver.cpp, line 773]
Event: 5.157 Thread 0x0000027e0b57e000 Exception <a 'java/lang/NoSuchMethodError'{0x000000074bb29c90}: 'java.lang.Object java.lang.invoke.DirectMethodHandle$Holder.invokeSpecial(java.lang.Object, java.lang.Object, java.lang.Object, int, java.lang.Object)'> (0x000000074bb29c90) thrown at [./src/hotspot/share/interpreter/linkResolver.cpp, line 773]
Event: 5.157 Thread 0x0000027e0b57e000 Exception <a 'java/lang/NoSuchMethodError'{0x000000074bb2d128}: 'java.lang.Object java.lang.invoke.Invokers$Holder.linkToTargetMethod(java.lang.Object, int, java.lang.Object, java.lang.Object)'> (0x000000074bb2d128) thrown at [./src/hotspot/share/interpreter/linkResolver.cpp, line 773]
Event: 5.173 Thread 0x0000027e0b57e000 Exception <a 'java/lang/NoSuchMethodError'{0x000000074bb73528}: 'java.lang.Object java.lang.invoke.Invokers$Holder.linkToTargetMethod(java.lang.Object, java.lang.Object, java.lang.Object, java.lang.Object, java.lang.Object, java.lang.Object)'> (0x000000074bb73528) thrown at [./src/hotspot/share/interpreter/linkResolver.cpp, line 773]
Event: 5.211 Thread 0x0000027e0b57e000 Exception <a 'java/lang/NoSuchMethodError'{0x000000074bbd7c00}: 'void java.lang.invoke.DirectMethodHandle$Holder.invokeStatic(java.lang.Object, java.lang.Object, java.lang.Object, java.lang.Object)'> (0x000000074bbd7c00) thrown at [./src/hotspot/share/interpreter/linkResolver.cpp, line 773]
Event: 5.239 Thread 0x0000027e0b57e000 Exception <a 'java/lang/NoSuchMethodError'{0x000000074ba45940}: 'void java.lang.invoke.DirectMethodHandle$Holder.invokeStaticInit(java.lang.Object, java.lang.Object)'> (0x000000074ba45940) thrown at [./src/hotspot/share/interpreter/linkResolver.cpp, line 773]
Event: 5.267 Thread 0x0000027e0b57e000 Exception <a 'java/lang/NoSuchMethodError'{0x000000074ba83f90}: 'java.lang.Object java.lang.invoke.DirectMethodHandle$Holder.invokeStaticInit(java.lang.Object, java.lang.Object, java.lang.Object)'> (0x000000074ba83f90) thrown at [./src/hotspot/share/interpreter/linkResolver.cpp, line 773]
Event: 5.269 Thread 0x0000027e0b57e000 Exception <a 'java/lang/NoSuchMethodError'{0x000000074ba8c6f0}: 'void java.lang.invoke.DirectMethodHandle$Holder.invokeStatic(java.lang.Object, java.lang.Object, java.lang.Object, java.lang.Object, java.lang.Object, java.lang.Object)'> (0x000000074ba8c6f0) thrown at [./src/hotspot/share/interpreter/linkResolver.cpp, line 773]

Events (20 events):
Event: 5.277 loading class java/util/stream/ReduceOps$2ReducingSink
Event: 5.278 loading class java/util/stream/ReduceOps$2ReducingSink done
Event: 5.278 loading class sun/management/RuntimeImpl
Event: 5.278 loading class sun/management/RuntimeImpl done
Event: 5.281 loading class java/net/InetAddress$1
Event: 5.281 loading class java/net/InetAddress$1 done
Event: 5.281 loading class java/net/InetAddress$2
Event: 5.281 loading class jdk/internal/misc/JavaNetInetAddressAccess
Event: 5.281 loading class jdk/internal/misc/JavaNetInetAddressAccess done
Event: 5.281 loading class java/net/InetAddress$2 done
Event: 5.281 loading class java/net/InetAddress$InetAddressHolder
Event: 5.282 loading class java/net/InetAddress$InetAddressHolder done
Event: 5.282 loading class java/util/concurrent/ConcurrentSkipListSet
Event: 5.282 loading class java/util/NavigableSet
Event: 5.282 loading class java/util/SortedSet
Event: 5.282 loading class java/util/SortedSet done
Event: 5.282 loading class java/util/NavigableSet done
Event: 5.282 loading class java/util/concurrent/ConcurrentSkipListSet done
Event: 5.283 loading class java/util/concurrent/ConcurrentSkipListMap
Event: 5.283 Executing VM operation: CollectForMetadataAllocation


Dynamic libraries:
0x00007ff6a17c0000 - 0x00007ff6a17cd000 	C:\Program Files\Amazon Corretto\jdk11.0.12_7\bin\java.exe
0x00007ffda1690000 - 0x00007ffda1885000 	C:\WINDOWS\SYSTEM32\ntdll.dll
0x00007ffda0210000 - 0x00007ffda02cd000 	C:\WINDOWS\System32\KERNEL32.DLL
0x00007ffd9eff0000 - 0x00007ffd9f2b9000 	C:\WINDOWS\System32\KERNELBASE.dll
0x00007ffd9f4f0000 - 0x00007ffd9f5f0000 	C:\WINDOWS\System32\ucrtbase.dll
0x00007ffd92cd0000 - 0x00007ffd92ce9000 	C:\Program Files\Amazon Corretto\jdk11.0.12_7\bin\VCRUNTIME140.dll
0x00007ffd90710000 - 0x00007ffd90727000 	C:\Program Files\Amazon Corretto\jdk11.0.12_7\bin\jli.dll
0x00007ffda0070000 - 0x00007ffda0210000 	C:\WINDOWS\System32\USER32.dll
0x00007ffd9f4c0000 - 0x00007ffd9f4e2000 	C:\WINDOWS\System32\win32u.dll
0x00007ffda0040000 - 0x00007ffda006a000 	C:\WINDOWS\System32\GDI32.dll
0x00007ffd9eee0000 - 0x00007ffd9efeb000 	C:\WINDOWS\System32\gdi32full.dll
0x00007ffd9f2c0000 - 0x00007ffd9f35d000 	C:\WINDOWS\System32\msvcp_win.dll
0x00007ffd80f80000 - 0x00007ffd8121a000 	C:\WINDOWS\WinSxS\amd64_microsoft.windows.common-controls_6595b64144ccf1df_6.0.19041.1110_none_60b5254171f9507e\COMCTL32.dll
0x00007ffd9fb20000 - 0x00007ffd9fbbe000 	C:\WINDOWS\System32\msvcrt.dll
0x00007ffd9f9e0000 - 0x00007ffd9fa10000 	C:\WINDOWS\System32\IMM32.DLL
0x00007ffd70e10000 - 0x00007ffd70eab000 	C:\Program Files\Amazon Corretto\jdk11.0.12_7\bin\msvcp140.dll
0x00007ffd54450000 - 0x00007ffd54faa000 	C:\Program Files\Amazon Corretto\jdk11.0.12_7\bin\server\jvm.dll
0x00007ffda1390000 - 0x00007ffda143c000 	C:\WINDOWS\System32\ADVAPI32.dll
0x00007ffd9fa80000 - 0x00007ffd9fb1b000 	C:\WINDOWS\System32\sechost.dll
0x00007ffd9f700000 - 0x00007ffd9f82a000 	C:\WINDOWS\System32\RPCRT4.dll
0x00007ffda08c0000 - 0x00007ffda08c8000 	C:\WINDOWS\System32\PSAPI.DLL
0x00007ffd8c8d0000 - 0x00007ffd8c8d9000 	C:\WINDOWS\SYSTEM32\WSOCK32.dll
0x00007ffd9fa10000 - 0x00007ffd9fa7b000 	C:\WINDOWS\System32\WS2_32.dll
0x00007ffd98730000 - 0x00007ffd98757000 	C:\WINDOWS\SYSTEM32\WINMM.dll
0x00007ffd90f30000 - 0x00007ffd90f3a000 	C:\WINDOWS\SYSTEM32\VERSION.dll
0x00007ffd9d650000 - 0x00007ffd9d662000 	C:\WINDOWS\SYSTEM32\kernel.appcore.dll
0x00007ffd98ab0000 - 0x00007ffd98ac0000 	C:\Program Files\Amazon Corretto\jdk11.0.12_7\bin\verify.dll
0x00007ffd9d360000 - 0x00007ffd9d544000 	C:\WINDOWS\SYSTEM32\DBGHELP.DLL
0x00007ffd8a8b0000 - 0x00007ffd8a8dc000 	C:\WINDOWS\SYSTEM32\dbgcore.DLL
0x00007ffd9f5f0000 - 0x00007ffd9f673000 	C:\WINDOWS\System32\bcryptPrimitives.dll
0x00007ffd89ed0000 - 0x00007ffd89ef8000 	C:\Program Files\Amazon Corretto\jdk11.0.12_7\bin\java.dll
0x00007ffd97910000 - 0x00007ffd9791a000 	C:\Program Files\Amazon Corretto\jdk11.0.12_7\bin\jimage.dll
0x00007ffd8d6a0000 - 0x00007ffd8d6b7000 	C:\Program Files\Amazon Corretto\jdk11.0.12_7\bin\zip.dll
0x00007ffda08d0000 - 0x00007ffda100f000 	C:\WINDOWS\System32\SHELL32.dll
0x00007ffd9caf0000 - 0x00007ffd9d281000 	C:\WINDOWS\SYSTEM32\windows.storage.dll
0x00007ffda02d0000 - 0x00007ffda0625000 	C:\WINDOWS\System32\combase.dll
0x00007ffd9e7d0000 - 0x00007ffd9e7fc000 	C:\WINDOWS\SYSTEM32\Wldp.dll
0x00007ffda1280000 - 0x00007ffda132e000 	C:\WINDOWS\System32\SHCORE.dll
0x00007ffda1330000 - 0x00007ffda1385000 	C:\WINDOWS\System32\shlwapi.dll
0x00007ffd9ed10000 - 0x00007ffd9ed2f000 	C:\WINDOWS\SYSTEM32\profapi.dll
0x00007ffd89eb0000 - 0x00007ffd89ec9000 	C:\Program Files\Amazon Corretto\jdk11.0.12_7\bin\net.dll
0x00007ffd91a80000 - 0x00007ffd91b8a000 	C:\WINDOWS\SYSTEM32\WINHTTP.dll
0x00007ffd9e510000 - 0x00007ffd9e57a000 	C:\WINDOWS\system32\mswsock.dll
0x00007ffd81ee0000 - 0x00007ffd81ef2000 	C:\Program Files\Amazon Corretto\jdk11.0.12_7\bin\nio.dll
0x00007ffd97930000 - 0x00007ffd97939000 	C:\Program Files\Amazon Corretto\jdk11.0.12_7\bin\management.dll
0x00007ffd97920000 - 0x00007ffd9792b000 	C:\Program Files\Amazon Corretto\jdk11.0.12_7\bin\management_ext.dll

dbghelp: loaded successfully - version: 4.0.5 - missing functions: none
symbol engine: initialized successfully - sym options: 0x614 - pdb path: .;C:\Program Files\Amazon Corretto\jdk11.0.12_7\bin;C:\WINDOWS\SYSTEM32;C:\WINDOWS\WinSxS\amd64_microsoft.windows.common-controls_6595b64144ccf1df_6.0.19041.1110_none_60b5254171f9507e;C:\Program Files\Amazon Corretto\jdk11.0.12_7\bin\server

VM Arguments:
jvm_args: -Dspring.lsp.client-port=45556 -Dserver.port=45556 -Dsts.lsp.client=vscode -Dsts.log.file=/dev/null -XX:TieredStopAtLevel=1 -Dspring.config.location=file:c:\Users\kisho\.vscode\extensions\pivotal.vscode-spring-boot-1.26.0\language-server\BOOT-INF\classes\application.properties 
java_command: org.springframework.ide.vscode.boot.app.BootLanguageServerBootApp
java_class_path (initial): c:\Users\kisho\.vscode\extensions\pivotal.vscode-spring-boot-1.26.0\language-server\BOOT-INF\classes;c:\Users\kisho\.vscode\extensions\pivotal.vscode-spring-boot-1.26.0\language-server\BOOT-INF\lib\antlr4-runtime-4.5.3.jar;c:\Users\kisho\.vscode\extensions\pivotal.vscode-spring-boot-1.26.0\language-server\BOOT-INF\lib\byte-buddy-1.10.18.jar;c:\Users\kisho\.vscode\extensions\pivotal.vscode-spring-boot-1.26.0\language-server\BOOT-INF\lib\commons-codec-1.14.jar;c:\Users\kisho\.vscode\extensions\pivotal.vscode-spring-boot-1.26.0\language-server\BOOT-INF\lib\commons-io-2.4.jar;c:\Users\kisho\.vscode\extensions\pivotal.vscode-spring-boot-1.26.0\language-server\BOOT-INF\lib\commons-java-1.26.0-SNAPSHOT.jar;c:\Users\kisho\.vscode\extensions\pivotal.vscode-spring-boot-1.26.0\language-server\BOOT-INF\lib\commons-lang3-3.10.jar;c:\Users\kisho\.vscode\extensions\pivotal.vscode-spring-boot-1.26.0\language-server\BOOT-INF\lib\commons-language-server-1.26.0-SNAPSHOT.jar;c:\Users\kisho\.vscode\extensions\pivotal.vscode-spring-boot-1.26.0\language-server\BOOT-INF\lib\commons-lsp-extensions-1.26.0-SNAPSHOT.jar;c:\Users\kisho\.vscode\extensions\pivotal.vscode-spring-boot-1.26.0\language-server\BOOT-INF\lib\commons-util-1.26.0-SNAPSHOT.jar;c:\Users\kisho\.vscode\extensions\pivotal.vscode-spring-boot-1.26.0\language-server\BOOT-INF\lib\commons-yaml-1.26.0-SNAPSHOT.jar;c:\Users\kisho\.vscode\extensions\pivotal.vscode-spring-boot-1.26.0\language-server\BOOT-INF\lib\gson-2.8.6.jar;c:\Users\kisho\.vscode\extensions\pivotal.vscode-spring-boot-1.26.0\language-server\BOOT-INF\lib\guava-19.0.jar;c:\Users\kisho\.vscode\extensions\pivotal.vscode-spring-boot-1.26.0\language-server\BOOT-INF\lib\jakarta.annotation-api-1.3.5.jar;c:\Users\kisho\.vscode\extensions\pivotal.vscode-spring-boot-1.26.0\language-server\BOOT-INF\lib\jandex-2.0.5.Final.jar;c:\Users\kisho\.vscode\extensions\pivotal.vscode-spring-boot-1.26.0\language-server\BOOT-INF\lib\java-properties-1.26.0-SNAPSHO
Launcher Type: SUN_STANDARD

[Global flags]
     intx CICompilerCount                          = 3                                         {product} {ergonomic}
     uint ConcGCThreads                            = 1                                         {product} {ergonomic}
     uint G1ConcRefinementThreads                  = 4                                         {product} {ergonomic}
   size_t G1HeapRegionSize                         = 1048576                                   {product} {ergonomic}
    uintx GCDrainStackTargetSize                   = 64                                        {product} {ergonomic}
   size_t InitialHeapSize                          = 201326592                                 {product} {ergonomic}
   size_t MarkStackSize                            = 4194304                                   {product} {ergonomic}
   size_t MaxHeapSize                              = 3198156800                                {product} {ergonomic}
   size_t MaxNewSize                               = 1918894080                                {product} {ergonomic}
   size_t MinHeapDeltaBytes                        = 1048576                                   {product} {ergonomic}
    uintx NonNMethodCodeHeapSize                   = 6973028                                {pd product} {ergonomic}
    uintx NonProfiledCodeHeapSize                  = 244685212                              {pd product} {ergonomic}
    uintx ProfiledCodeHeapSize                     = 0                                      {pd product} {ergonomic}
    uintx ReservedCodeCacheSize                    = 251658240                              {pd product} {ergonomic}
     bool SegmentedCodeCache                       = true                                      {product} {ergonomic}
     intx TieredStopAtLevel                        = 1                                         {product} {command line}
     bool UseCompressedClassPointers               = true                                 {lp64_product} {ergonomic}
     bool UseCompressedOops                        = true                                 {lp64_product} {ergonomic}
     bool UseG1GC                                  = true                                      {product} {ergonomic}
     bool UseLargePagesIndividualAllocation        = false                                  {pd product} {ergonomic}

Logging:
Log output configuration:
 #0: stdout all=warning uptime,level,tags
 #1: stderr all=off uptime,level,tags

Environment Variables:
JAVA_HOME=C:\Program Files\Amazon Corretto\jdk11.0.12_7
CLASSPATH=C:\apache-tomcat-8.0.27-windows-x86\apache-tomcat-8.0.27\lib\servlet-api.jar
PATH=C:\Program Files\Amazon Corretto\jdk11.0.12_7\bin;C:\Program Files (x86)\Common Files\Oracle\Java\javapath;C:\Program Files\nodejs\;C:\Program Files\Amazon Corretto\jdk11.0.12_7\bin;C:\Program Files\apache-maven-3.8.1\bin;C:\Windows\System32;C:\Program Files\Microsoft VS Code\bin;C:\Users\kisho\AppData\Local\Microsoft\WindowsApps;C:\Users\kisho\AppData\Local\Programs\Python\Python39;C:\Users\kisho\AppData\Local\Programs\Python\Python39\Scripts;C:\Program Files\JetBrains\PyCharm Community Edition 2020.2.3\bin;C:\Users\kisho\AppData\Local\Microsoft\WindowsApps;C:\Users\kisho\AppData\Roaming\npm;C:\Users\kisho\AppData\Local\GitHubDesktop\bin;C:\Program Files\Java\jdk-11.0.10\bin;C:\Program Files\Java\apache-maven-3.8.1\bin
USERNAME=kisho
OS=Windows_NT
PROCESSOR_IDENTIFIER=Intel64 Family 6 Model 142 Stepping 10, GenuineIntel



---------------  S Y S T E M  ---------------

OS: Windows 10 , 64 bit Build 19041 (10.0.19041.1023)
OS uptime: 0 days 1:09 hours
Hyper-V role detected

CPU:total 4 (initial active 4) (2 cores per cpu, 2 threads per core) family 6 model 142 stepping 10 microcode 0xe0, cmov, cx8, fxsr, mmx, sse, sse2, sse3, ssse3, sse4.1, sse4.2, popcnt, avx, avx2, aes, clmul, erms, 3dnowpref, lzcnt, ht, tsc, tscinvbit, bmi1, bmi2, adx, fma

Memory: 4k page, system-wide physical 12197M (2084M free)
TotalPageFile size 12197M (AvailPageFile size 91M)
current process WorkingSet (physical memory assigned to process): 86M, peak: 86M
current process commit charge ("private bytes"): 280M, peak: 282M

vm_info: OpenJDK 64-Bit Server VM (11.0.12+7-LTS) for windows-amd64 JRE (11.0.12+7-LTS), built on Jul 13 2021 17:58:36 by "Administrator" with unknown MS VC++:1916

END.
